0 verbose cli C:\Program Files\nodejs\node.exe C:\Program Files\nodejs\node_modules\npm\bin\npm-cli.js
1 info using npm@10.9.2
2 info using node@v22.17.1
3 silly config load:file:C:\Program Files\nodejs\node_modules\npm\npmrc
4 silly config load:file:C:\Users\WAFA\Desktop\‎Amana_Bootcamp\Amana-Bookstore-New\.npmrc
5 silly config load:file:C:\Users\WAFA\.npmrc
6 silly config load:file:C:\Users\WAFA\AppData\Roaming\npm\etc\npmrc
7 verbose title npm install
8 verbose argv "install"
9 verbose logfile logs-max:10 dir:C:\Users\WAFA\Desktop\‎Amana_Bootcamp\Amana-Bookstore-New\clean\_logs\2025-11-17T16_03_59_449Z-
10 verbose logfile C:\Users\WAFA\Desktop\‎Amana_Bootcamp\Amana-Bookstore-New\clean\_logs\2025-11-17T16_03_59_449Z-debug-0.log
11 silly logfile done cleaning log files
12 silly packumentCache heap:2197815296 maxSize:549453824 maxEntrySize:274726912
13 silly idealTree buildDeps
14 silly reify mark retired [
14 silly reify   'C:\\Users\\WAFA\\Desktop\\‎Amana_Bootcamp\\Amana-Bookstore-New\\node_modules\\acorn'
14 silly reify ]
15 silly reify mark retired [
15 silly reify   'C:\\Users\\WAFA\\Desktop\\‎Amana_Bootcamp\\Amana-Bookstore-New\\node_modules\\acorn-jsx'
15 silly reify ]
16 silly reify mark retired [
16 silly reify   'C:\\Users\\WAFA\\Desktop\\‎Amana_Bootcamp\\Amana-Bookstore-New\\node_modules\\ajv'
16 silly reify ]
17 silly reify mark retired [
17 silly reify   'C:\\Users\\WAFA\\Desktop\\‎Amana_Bootcamp\\Amana-Bookstore-New\\node_modules\\ansi-styles'
17 silly reify ]
18 silly reify mark retired [
18 silly reify   'C:\\Users\\WAFA\\Desktop\\‎Amana_Bootcamp\\Amana-Bookstore-New\\node_modules\\argparse'
18 silly reify ]
19 silly reify mark retired [
19 silly reify   'C:\\Users\\WAFA\\Desktop\\‎Amana_Bootcamp\\Amana-Bookstore-New\\node_modules\\aria-query'
19 silly reify ]
20 silly reify mark retired [
20 silly reify   'C:\\Users\\WAFA\\Desktop\\‎Amana_Bootcamp\\Amana-Bookstore-New\\node_modules\\array-buffer-byte-length'
20 silly reify ]
21 silly reify mark retired [
21 silly reify   'C:\\Users\\WAFA\\Desktop\\‎Amana_Bootcamp\\Amana-Bookstore-New\\node_modules\\array-includes'
21 silly reify ]
22 silly reify mark retired [
22 silly reify   'C:\\Users\\WAFA\\Desktop\\‎Amana_Bootcamp\\Amana-Bookstore-New\\node_modules\\array.prototype.findlast'
22 silly reify ]
23 silly reify mark retired [
23 silly reify   'C:\\Users\\WAFA\\Desktop\\‎Amana_Bootcamp\\Amana-Bookstore-New\\node_modules\\array.prototype.findlastindex'
23 silly reify ]
24 silly reify mark retired [
24 silly reify   'C:\\Users\\WAFA\\Desktop\\‎Amana_Bootcamp\\Amana-Bookstore-New\\node_modules\\array.prototype.flat'
24 silly reify ]
25 silly reify mark retired [
25 silly reify   'C:\\Users\\WAFA\\Desktop\\‎Amana_Bootcamp\\Amana-Bookstore-New\\node_modules\\array.prototype.flatmap'
25 silly reify ]
26 silly reify mark retired [
26 silly reify   'C:\\Users\\WAFA\\Desktop\\‎Amana_Bootcamp\\Amana-Bookstore-New\\node_modules\\array.prototype.tosorted'
26 silly reify ]
27 silly reify mark retired [
27 silly reify   'C:\\Users\\WAFA\\Desktop\\‎Amana_Bootcamp\\Amana-Bookstore-New\\node_modules\\arraybuffer.prototype.slice'
27 silly reify ]
28 silly reify mark retired [
28 silly reify   'C:\\Users\\WAFA\\Desktop\\‎Amana_Bootcamp\\Amana-Bookstore-New\\node_modules\\ast-types-flow'
28 silly reify ]
29 silly reify mark retired [
29 silly reify   'C:\\Users\\WAFA\\Desktop\\‎Amana_Bootcamp\\Amana-Bookstore-New\\node_modules\\async-function'
29 silly reify ]
30 silly reify mark retired [
30 silly reify   'C:\\Users\\WAFA\\Desktop\\‎Amana_Bootcamp\\Amana-Bookstore-New\\node_modules\\available-typed-arrays'
30 silly reify ]
31 silly reify mark retired [
31 silly reify   'C:\\Users\\WAFA\\Desktop\\‎Amana_Bootcamp\\Amana-Bookstore-New\\node_modules\\axe-core'
31 silly reify ]
32 silly reify mark retired [
32 silly reify   'C:\\Users\\WAFA\\Desktop\\‎Amana_Bootcamp\\Amana-Bookstore-New\\node_modules\\axobject-query'
32 silly reify ]
33 silly reify mark retired [
33 silly reify   'C:\\Users\\WAFA\\Desktop\\‎Amana_Bootcamp\\Amana-Bookstore-New\\node_modules\\balanced-match'
33 silly reify ]
34 silly reify mark retired [
34 silly reify   'C:\\Users\\WAFA\\Desktop\\‎Amana_Bootcamp\\Amana-Bookstore-New\\node_modules\\brace-expansion'
34 silly reify ]
35 silly reify mark retired [
35 silly reify   'C:\\Users\\WAFA\\Desktop\\‎Amana_Bootcamp\\Amana-Bookstore-New\\node_modules\\braces'
35 silly reify ]
36 silly reify mark retired [
36 silly reify   'C:\\Users\\WAFA\\Desktop\\‎Amana_Bootcamp\\Amana-Bookstore-New\\node_modules\\call-bind'
36 silly reify ]
37 silly reify mark retired [
37 silly reify   'C:\\Users\\WAFA\\Desktop\\‎Amana_Bootcamp\\Amana-Bookstore-New\\node_modules\\call-bind-apply-helpers'
37 silly reify ]
38 silly reify mark retired [
38 silly reify   'C:\\Users\\WAFA\\Desktop\\‎Amana_Bootcamp\\Amana-Bookstore-New\\node_modules\\call-bound'
38 silly reify ]
39 silly reify mark retired [
39 silly reify   'C:\\Users\\WAFA\\Desktop\\‎Amana_Bootcamp\\Amana-Bookstore-New\\node_modules\\callsites'
39 silly reify ]
40 silly reify mark retired [
40 silly reify   'C:\\Users\\WAFA\\Desktop\\‎Amana_Bootcamp\\Amana-Bookstore-New\\node_modules\\caniuse-lite'
40 silly reify ]
41 silly reify mark retired [
41 silly reify   'C:\\Users\\WAFA\\Desktop\\‎Amana_Bootcamp\\Amana-Bookstore-New\\node_modules\\chalk'
41 silly reify ]
42 silly reify mark retired [
42 silly reify   'C:\\Users\\WAFA\\Desktop\\‎Amana_Bootcamp\\Amana-Bookstore-New\\node_modules\\chownr'
42 silly reify ]
43 silly reify mark retired [
43 silly reify   'C:\\Users\\WAFA\\Desktop\\‎Amana_Bootcamp\\Amana-Bookstore-New\\node_modules\\client-only'
43 silly reify ]
44 silly reify mark retired [
44 silly reify   'C:\\Users\\WAFA\\Desktop\\‎Amana_Bootcamp\\Amana-Bookstore-New\\node_modules\\color'
44 silly reify ]
45 silly reify mark retired [
45 silly reify   'C:\\Users\\WAFA\\Desktop\\‎Amana_Bootcamp\\Amana-Bookstore-New\\node_modules\\color-convert'
45 silly reify ]
46 silly reify mark retired [
46 silly reify   'C:\\Users\\WAFA\\Desktop\\‎Amana_Bootcamp\\Amana-Bookstore-New\\node_modules\\color-name'
46 silly reify ]
47 silly reify mark retired [
47 silly reify   'C:\\Users\\WAFA\\Desktop\\‎Amana_Bootcamp\\Amana-Bookstore-New\\node_modules\\color-string'
47 silly reify ]
48 silly reify mark retired [
48 silly reify   'C:\\Users\\WAFA\\Desktop\\‎Amana_Bootcamp\\Amana-Bookstore-New\\node_modules\\concat-map'
48 silly reify ]
49 silly reify mark retired [
49 silly reify   'C:\\Users\\WAFA\\Desktop\\‎Amana_Bootcamp\\Amana-Bookstore-New\\node_modules\\cross-spawn'
49 silly reify ]
50 silly reify mark retired [
50 silly reify   'C:\\Users\\WAFA\\Desktop\\‎Amana_Bootcamp\\Amana-Bookstore-New\\node_modules\\csstype'
50 silly reify ]
51 silly reify mark retired [
51 silly reify   'C:\\Users\\WAFA\\Desktop\\‎Amana_Bootcamp\\Amana-Bookstore-New\\node_modules\\damerau-levenshtein'
51 silly reify ]
52 silly reify mark retired [
52 silly reify   'C:\\Users\\WAFA\\Desktop\\‎Amana_Bootcamp\\Amana-Bookstore-New\\node_modules\\data-view-buffer'
52 silly reify ]
53 silly reify mark retired [
53 silly reify   'C:\\Users\\WAFA\\Desktop\\‎Amana_Bootcamp\\Amana-Bookstore-New\\node_modules\\data-view-byte-offset'
53 silly reify ]
54 silly reify mark retired [
54 silly reify   'C:\\Users\\WAFA\\Desktop\\‎Amana_Bootcamp\\Amana-Bookstore-New\\node_modules\\data-view-byte-length'
54 silly reify ]
55 silly reify mark retired [
55 silly reify   'C:\\Users\\WAFA\\Desktop\\‎Amana_Bootcamp\\Amana-Bookstore-New\\node_modules\\debug'
55 silly reify ]
56 silly reify mark retired [
56 silly reify   'C:\\Users\\WAFA\\Desktop\\‎Amana_Bootcamp\\Amana-Bookstore-New\\node_modules\\deep-is'
56 silly reify ]
57 silly reify mark retired [
57 silly reify   'C:\\Users\\WAFA\\Desktop\\‎Amana_Bootcamp\\Amana-Bookstore-New\\node_modules\\define-data-property'
57 silly reify ]
58 silly reify mark retired [
58 silly reify   'C:\\Users\\WAFA\\Desktop\\‎Amana_Bootcamp\\Amana-Bookstore-New\\node_modules\\define-properties'
58 silly reify ]
59 silly reify mark retired [
59 silly reify   'C:\\Users\\WAFA\\Desktop\\‎Amana_Bootcamp\\Amana-Bookstore-New\\node_modules\\detect-libc'
59 silly reify ]
60 silly reify mark retired [
60 silly reify   'C:\\Users\\WAFA\\Desktop\\‎Amana_Bootcamp\\Amana-Bookstore-New\\node_modules\\doctrine'
60 silly reify ]
61 silly reify mark retired [
61 silly reify   'C:\\Users\\WAFA\\Desktop\\‎Amana_Bootcamp\\Amana-Bookstore-New\\node_modules\\dunder-proto'
61 silly reify ]
62 silly reify mark retired [
62 silly reify   'C:\\Users\\WAFA\\Desktop\\‎Amana_Bootcamp\\Amana-Bookstore-New\\node_modules\\emoji-regex'
62 silly reify ]
63 silly reify mark retired [
63 silly reify   'C:\\Users\\WAFA\\Desktop\\‎Amana_Bootcamp\\Amana-Bookstore-New\\node_modules\\enhanced-resolve'
63 silly reify ]
64 silly reify mark retired [
64 silly reify   'C:\\Users\\WAFA\\Desktop\\‎Amana_Bootcamp\\Amana-Bookstore-New\\node_modules\\es-abstract'
64 silly reify ]
65 silly reify mark retired [
65 silly reify   'C:\\Users\\WAFA\\Desktop\\‎Amana_Bootcamp\\Amana-Bookstore-New\\node_modules\\es-define-property'
65 silly reify ]
66 silly reify mark retired [
66 silly reify   'C:\\Users\\WAFA\\Desktop\\‎Amana_Bootcamp\\Amana-Bookstore-New\\node_modules\\es-errors'
66 silly reify ]
67 silly reify mark retired [
67 silly reify   'C:\\Users\\WAFA\\Desktop\\‎Amana_Bootcamp\\Amana-Bookstore-New\\node_modules\\es-iterator-helpers'
67 silly reify ]
68 silly reify mark retired [
68 silly reify   'C:\\Users\\WAFA\\Desktop\\‎Amana_Bootcamp\\Amana-Bookstore-New\\node_modules\\es-object-atoms'
68 silly reify ]
69 silly reify mark retired [
69 silly reify   'C:\\Users\\WAFA\\Desktop\\‎Amana_Bootcamp\\Amana-Bookstore-New\\node_modules\\es-set-tostringtag'
69 silly reify ]
70 silly reify mark retired [
70 silly reify   'C:\\Users\\WAFA\\Desktop\\‎Amana_Bootcamp\\Amana-Bookstore-New\\node_modules\\es-shim-unscopables'
70 silly reify ]
71 silly reify mark retired [
71 silly reify   'C:\\Users\\WAFA\\Desktop\\‎Amana_Bootcamp\\Amana-Bookstore-New\\node_modules\\es-to-primitive'
71 silly reify ]
72 silly reify mark retired [
72 silly reify   'C:\\Users\\WAFA\\Desktop\\‎Amana_Bootcamp\\Amana-Bookstore-New\\node_modules\\escape-string-regexp'
72 silly reify ]
73 silly reify mark retired [
73 silly reify   'C:\\Users\\WAFA\\Desktop\\‎Amana_Bootcamp\\Amana-Bookstore-New\\node_modules\\eslint'
73 silly reify ]
74 silly reify mark retired [
74 silly reify   'C:\\Users\\WAFA\\Desktop\\‎Amana_Bootcamp\\Amana-Bookstore-New\\node_modules\\eslint-config-next'
74 silly reify ]
75 silly reify mark retired [
75 silly reify   'C:\\Users\\WAFA\\Desktop\\‎Amana_Bootcamp\\Amana-Bookstore-New\\node_modules\\eslint-import-resolver-node'
75 silly reify ]
76 silly reify mark retired [
76 silly reify   'C:\\Users\\WAFA\\Desktop\\‎Amana_Bootcamp\\Amana-Bookstore-New\\node_modules\\eslint-import-resolver-typescript'
76 silly reify ]
77 silly reify mark retired [
77 silly reify   'C:\\Users\\WAFA\\Desktop\\‎Amana_Bootcamp\\Amana-Bookstore-New\\node_modules\\eslint-module-utils'
77 silly reify ]
78 silly reify mark retired [
78 silly reify   'C:\\Users\\WAFA\\Desktop\\‎Amana_Bootcamp\\Amana-Bookstore-New\\node_modules\\eslint-plugin-import'
78 silly reify ]
79 silly reify mark retired [
79 silly reify   'C:\\Users\\WAFA\\Desktop\\‎Amana_Bootcamp\\Amana-Bookstore-New\\node_modules\\eslint-plugin-jsx-a11y'
79 silly reify ]
80 silly reify mark retired [
80 silly reify   'C:\\Users\\WAFA\\Desktop\\‎Amana_Bootcamp\\Amana-Bookstore-New\\node_modules\\eslint-plugin-react'
80 silly reify ]
81 silly reify mark retired [
81 silly reify   'C:\\Users\\WAFA\\Desktop\\‎Amana_Bootcamp\\Amana-Bookstore-New\\node_modules\\eslint-plugin-react-hooks'
81 silly reify ]
82 silly reify mark retired [
82 silly reify   'C:\\Users\\WAFA\\Desktop\\‎Amana_Bootcamp\\Amana-Bookstore-New\\node_modules\\eslint-scope'
82 silly reify ]
83 silly reify mark retired [
83 silly reify   'C:\\Users\\WAFA\\Desktop\\‎Amana_Bootcamp\\Amana-Bookstore-New\\node_modules\\eslint-visitor-keys'
83 silly reify ]
84 silly reify mark retired [
84 silly reify   'C:\\Users\\WAFA\\Desktop\\‎Amana_Bootcamp\\Amana-Bookstore-New\\node_modules\\espree'
84 silly reify ]
85 silly reify mark retired [
85 silly reify   'C:\\Users\\WAFA\\Desktop\\‎Amana_Bootcamp\\Amana-Bookstore-New\\node_modules\\esquery'
85 silly reify ]
86 silly reify mark retired [
86 silly reify   'C:\\Users\\WAFA\\Desktop\\‎Amana_Bootcamp\\Amana-Bookstore-New\\node_modules\\esrecurse'
86 silly reify ]
87 silly reify mark retired [
87 silly reify   'C:\\Users\\WAFA\\Desktop\\‎Amana_Bootcamp\\Amana-Bookstore-New\\node_modules\\estraverse'
87 silly reify ]
88 silly reify mark retired [
88 silly reify   'C:\\Users\\WAFA\\Desktop\\‎Amana_Bootcamp\\Amana-Bookstore-New\\node_modules\\esutils'
88 silly reify ]
89 silly reify mark retired [
89 silly reify   'C:\\Users\\WAFA\\Desktop\\‎Amana_Bootcamp\\Amana-Bookstore-New\\node_modules\\fast-glob'
89 silly reify ]
90 silly reify mark retired [
90 silly reify   'C:\\Users\\WAFA\\Desktop\\‎Amana_Bootcamp\\Amana-Bookstore-New\\node_modules\\fast-levenshtein'
90 silly reify ]
91 silly reify mark retired [
91 silly reify   'C:\\Users\\WAFA\\Desktop\\‎Amana_Bootcamp\\Amana-Bookstore-New\\node_modules\\fastq'
91 silly reify ]
92 silly reify mark retired [
92 silly reify   'C:\\Users\\WAFA\\Desktop\\‎Amana_Bootcamp\\Amana-Bookstore-New\\node_modules\\fill-range'
92 silly reify ]
93 silly reify mark retired [
93 silly reify   'C:\\Users\\WAFA\\Desktop\\‎Amana_Bootcamp\\Amana-Bookstore-New\\node_modules\\flat-cache'
93 silly reify ]
94 silly reify mark retired [
94 silly reify   'C:\\Users\\WAFA\\Desktop\\‎Amana_Bootcamp\\Amana-Bookstore-New\\node_modules\\graphemer'
94 silly reify ]
95 silly reify mark retired [
95 silly reify   'C:\\Users\\WAFA\\Desktop\\‎Amana_Bootcamp\\Amana-Bookstore-New\\node_modules\\jiti'
95 silly reify ]
96 silly reify mark retired [
96 silly reify   'C:\\Users\\WAFA\\Desktop\\‎Amana_Bootcamp\\Amana-Bookstore-New\\node_modules\\lightningcss-darwin-x64'
96 silly reify ]
97 silly reify mark retired [
97 silly reify   'C:\\Users\\WAFA\\Desktop\\‎Amana_Bootcamp\\Amana-Bookstore-New\\node_modules\\lightningcss-darwin-arm64'
97 silly reify ]
98 silly reify mark retired [
98 silly reify   'C:\\Users\\WAFA\\Desktop\\‎Amana_Bootcamp\\Amana-Bookstore-New\\node_modules\\lightningcss-freebsd-x64'
98 silly reify ]
99 silly reify mark retired [
99 silly reify   'C:\\Users\\WAFA\\Desktop\\‎Amana_Bootcamp\\Amana-Bookstore-New\\node_modules\\lightningcss-linux-arm-gnueabihf'
99 silly reify ]
100 silly reify mark retired [
100 silly reify   'C:\\Users\\WAFA\\Desktop\\‎Amana_Bootcamp\\Amana-Bookstore-New\\node_modules\\lightningcss-linux-arm64-gnu'
100 silly reify ]
101 silly reify mark retired [
101 silly reify   'C:\\Users\\WAFA\\Desktop\\‎Amana_Bootcamp\\Amana-Bookstore-New\\node_modules\\lightningcss-linux-arm64-musl'
101 silly reify ]
102 silly reify mark retired [
102 silly reify   'C:\\Users\\WAFA\\Desktop\\‎Amana_Bootcamp\\Amana-Bookstore-New\\node_modules\\lightningcss-linux-x64-gnu'
102 silly reify ]
103 silly reify mark retired [
103 silly reify   'C:\\Users\\WAFA\\Desktop\\‎Amana_Bootcamp\\Amana-Bookstore-New\\node_modules\\lightningcss-linux-x64-musl'
103 silly reify ]
104 silly reify mark retired [
104 silly reify   'C:\\Users\\WAFA\\Desktop\\‎Amana_Bootcamp\\Amana-Bookstore-New\\node_modules\\lightningcss-win32-arm64-msvc'
104 silly reify ]
105 silly reify mark retired [
105 silly reify   'C:\\Users\\WAFA\\Desktop\\‎Amana_Bootcamp\\Amana-Bookstore-New\\node_modules\\next'
105 silly reify ]
106 silly reify mark retired [
106 silly reify   'C:\\Users\\WAFA\\Desktop\\‎Amana_Bootcamp\\Amana-Bookstore-New\\node_modules\\typescript'
106 silly reify ]
107 silly reify mark retired [
107 silly reify   'C:\\Users\\WAFA\\Desktop\\‎Amana_Bootcamp\\Amana-Bookstore-New\\node_modules\\@alloc\\quick-lru'
107 silly reify ]
108 silly reify mark retired [
108 silly reify   'C:\\Users\\WAFA\\Desktop\\‎Amana_Bootcamp\\Amana-Bookstore-New\\node_modules\\@emnapi\\core'
108 silly reify ]
109 silly reify mark retired [
109 silly reify   'C:\\Users\\WAFA\\Desktop\\‎Amana_Bootcamp\\Amana-Bookstore-New\\node_modules\\@emnapi\\runtime'
109 silly reify ]
110 silly reify mark retired [
110 silly reify   'C:\\Users\\WAFA\\Desktop\\‎Amana_Bootcamp\\Amana-Bookstore-New\\node_modules\\@emnapi\\wasi-threads'
110 silly reify ]
111 silly reify mark retired [
111 silly reify   'C:\\Users\\WAFA\\Desktop\\‎Amana_Bootcamp\\Amana-Bookstore-New\\node_modules\\@eslint\\config-helpers'
111 silly reify ]
112 silly reify mark retired [
112 silly reify   'C:\\Users\\WAFA\\Desktop\\‎Amana_Bootcamp\\Amana-Bookstore-New\\node_modules\\@eslint\\config-array'
112 silly reify ]
113 silly reify mark retired [
113 silly reify   'C:\\Users\\WAFA\\Desktop\\‎Amana_Bootcamp\\Amana-Bookstore-New\\node_modules\\@eslint\\core'
113 silly reify ]
114 silly reify mark retired [
114 silly reify   'C:\\Users\\WAFA\\Desktop\\‎Amana_Bootcamp\\Amana-Bookstore-New\\node_modules\\@eslint\\eslintrc'
114 silly reify ]
115 silly reify mark retired [
115 silly reify   'C:\\Users\\WAFA\\Desktop\\‎Amana_Bootcamp\\Amana-Bookstore-New\\node_modules\\@eslint\\js'
115 silly reify ]
116 silly reify mark retired [
116 silly reify   'C:\\Users\\WAFA\\Desktop\\‎Amana_Bootcamp\\Amana-Bookstore-New\\node_modules\\@eslint\\object-schema'
116 silly reify ]
117 silly reify mark retired [
117 silly reify   'C:\\Users\\WAFA\\Desktop\\‎Amana_Bootcamp\\Amana-Bookstore-New\\node_modules\\@eslint\\plugin-kit'
117 silly reify ]
118 silly reify mark retired [
118 silly reify   'C:\\Users\\WAFA\\Desktop\\‎Amana_Bootcamp\\Amana-Bookstore-New\\node_modules\\@eslint-community\\eslint-utils'
118 silly reify ]
119 silly reify mark retired [
119 silly reify   'C:\\Users\\WAFA\\Desktop\\‎Amana_Bootcamp\\Amana-Bookstore-New\\node_modules\\@eslint-community\\regexpp'
119 silly reify ]
120 silly reify mark retired [
120 silly reify   'C:\\Users\\WAFA\\Desktop\\‎Amana_Bootcamp\\Amana-Bookstore-New\\node_modules\\@humanfs\\core'
120 silly reify ]
121 silly reify mark retired [
121 silly reify   'C:\\Users\\WAFA\\Desktop\\‎Amana_Bootcamp\\Amana-Bookstore-New\\node_modules\\@humanfs\\node'
121 silly reify ]
122 silly reify mark retired [
122 silly reify   'C:\\Users\\WAFA\\Desktop\\‎Amana_Bootcamp\\Amana-Bookstore-New\\node_modules\\@humanwhocodes\\module-importer'
122 silly reify ]
123 silly reify mark retired [
123 silly reify   'C:\\Users\\WAFA\\Desktop\\‎Amana_Bootcamp\\Amana-Bookstore-New\\node_modules\\@humanwhocodes\\retry'
123 silly reify ]
124 silly reify mark retired [
124 silly reify   'C:\\Users\\WAFA\\Desktop\\‎Amana_Bootcamp\\Amana-Bookstore-New\\node_modules\\@img\\sharp-darwin-arm64'
124 silly reify ]
125 silly reify mark retired [
125 silly reify   'C:\\Users\\WAFA\\Desktop\\‎Amana_Bootcamp\\Amana-Bookstore-New\\node_modules\\@img\\sharp-darwin-x64'
125 silly reify ]
126 silly reify mark retired [
126 silly reify   'C:\\Users\\WAFA\\Desktop\\‎Amana_Bootcamp\\Amana-Bookstore-New\\node_modules\\@img\\sharp-libvips-darwin-arm64'
126 silly reify ]
127 silly reify mark retired [
127 silly reify   'C:\\Users\\WAFA\\Desktop\\‎Amana_Bootcamp\\Amana-Bookstore-New\\node_modules\\@img\\sharp-libvips-darwin-x64'
127 silly reify ]
128 silly reify mark retired [
128 silly reify   'C:\\Users\\WAFA\\Desktop\\‎Amana_Bootcamp\\Amana-Bookstore-New\\node_modules\\@img\\sharp-libvips-linux-arm'
128 silly reify ]
129 silly reify mark retired [
129 silly reify   'C:\\Users\\WAFA\\Desktop\\‎Amana_Bootcamp\\Amana-Bookstore-New\\node_modules\\@img\\sharp-libvips-linux-arm64'
129 silly reify ]
130 silly reify mark retired [
130 silly reify   'C:\\Users\\WAFA\\Desktop\\‎Amana_Bootcamp\\Amana-Bookstore-New\\node_modules\\@img\\sharp-libvips-linux-ppc64'
130 silly reify ]
131 silly reify mark retired [
131 silly reify   'C:\\Users\\WAFA\\Desktop\\‎Amana_Bootcamp\\Amana-Bookstore-New\\node_modules\\@img\\sharp-libvips-linux-s390x'
131 silly reify ]
132 silly reify mark retired [
132 silly reify   'C:\\Users\\WAFA\\Desktop\\‎Amana_Bootcamp\\Amana-Bookstore-New\\node_modules\\@img\\sharp-libvips-linux-x64'
132 silly reify ]
133 silly reify mark retired [
133 silly reify   'C:\\Users\\WAFA\\Desktop\\‎Amana_Bootcamp\\Amana-Bookstore-New\\node_modules\\@img\\sharp-libvips-linuxmusl-arm64'
133 silly reify ]
134 silly reify mark retired [
134 silly reify   'C:\\Users\\WAFA\\Desktop\\‎Amana_Bootcamp\\Amana-Bookstore-New\\node_modules\\@img\\sharp-libvips-linuxmusl-x64'
134 silly reify ]
135 silly reify mark retired [
135 silly reify   'C:\\Users\\WAFA\\Desktop\\‎Amana_Bootcamp\\Amana-Bookstore-New\\node_modules\\@img\\sharp-linux-arm'
135 silly reify ]
136 silly reify mark retired [
136 silly reify   'C:\\Users\\WAFA\\Desktop\\‎Amana_Bootcamp\\Amana-Bookstore-New\\node_modules\\@img\\sharp-linux-arm64'
136 silly reify ]
137 silly reify mark retired [
137 silly reify   'C:\\Users\\WAFA\\Desktop\\‎Amana_Bootcamp\\Amana-Bookstore-New\\node_modules\\@img\\sharp-linux-ppc64'
137 silly reify ]
138 silly reify mark retired [
138 silly reify   'C:\\Users\\WAFA\\Desktop\\‎Amana_Bootcamp\\Amana-Bookstore-New\\node_modules\\@img\\sharp-linux-s390x'
138 silly reify ]
139 silly reify mark retired [
139 silly reify   'C:\\Users\\WAFA\\Desktop\\‎Amana_Bootcamp\\Amana-Bookstore-New\\node_modules\\@img\\sharp-linux-x64'
139 silly reify ]
140 silly reify mark retired [
140 silly reify   'C:\\Users\\WAFA\\Desktop\\‎Amana_Bootcamp\\Amana-Bookstore-New\\node_modules\\@img\\sharp-linuxmusl-arm64'
140 silly reify ]
141 silly reify mark retired [
141 silly reify   'C:\\Users\\WAFA\\Desktop\\‎Amana_Bootcamp\\Amana-Bookstore-New\\node_modules\\@img\\sharp-linuxmusl-x64'
141 silly reify ]
142 silly reify mark retired [
142 silly reify   'C:\\Users\\WAFA\\Desktop\\‎Amana_Bootcamp\\Amana-Bookstore-New\\node_modules\\@img\\sharp-wasm32'
142 silly reify ]
143 silly reify mark retired [
143 silly reify   'C:\\Users\\WAFA\\Desktop\\‎Amana_Bootcamp\\Amana-Bookstore-New\\node_modules\\@img\\sharp-win32-arm64'
143 silly reify ]
144 silly reify mark retired [
144 silly reify   'C:\\Users\\WAFA\\Desktop\\‎Amana_Bootcamp\\Amana-Bookstore-New\\node_modules\\@img\\sharp-win32-ia32'
144 silly reify ]
145 silly reify mark retired [
145 silly reify   'C:\\Users\\WAFA\\Desktop\\‎Amana_Bootcamp\\Amana-Bookstore-New\\node_modules\\@img\\sharp-win32-x64'
145 silly reify ]
146 silly reify mark retired [
146 silly reify   'C:\\Users\\WAFA\\Desktop\\‎Amana_Bootcamp\\Amana-Bookstore-New\\node_modules\\@isaacs\\fs-minipass'
146 silly reify ]
147 silly reify mark retired [
147 silly reify   'C:\\Users\\WAFA\\Desktop\\‎Amana_Bootcamp\\Amana-Bookstore-New\\node_modules\\@jridgewell\\gen-mapping'
147 silly reify ]
148 silly reify mark retired [
148 silly reify   'C:\\Users\\WAFA\\Desktop\\‎Amana_Bootcamp\\Amana-Bookstore-New\\node_modules\\@jridgewell\\remapping'
148 silly reify ]
149 silly reify mark retired [
149 silly reify   'C:\\Users\\WAFA\\Desktop\\‎Amana_Bootcamp\\Amana-Bookstore-New\\node_modules\\@jridgewell\\resolve-uri'
149 silly reify ]
150 silly reify mark retired [
150 silly reify   'C:\\Users\\WAFA\\Desktop\\‎Amana_Bootcamp\\Amana-Bookstore-New\\node_modules\\@jridgewell\\sourcemap-codec'
150 silly reify ]
151 silly reify mark retired [
151 silly reify   'C:\\Users\\WAFA\\Desktop\\‎Amana_Bootcamp\\Amana-Bookstore-New\\node_modules\\@jridgewell\\trace-mapping'
151 silly reify ]
152 silly reify mark retired [
152 silly reify   'C:\\Users\\WAFA\\Desktop\\‎Amana_Bootcamp\\Amana-Bookstore-New\\node_modules\\@napi-rs\\wasm-runtime'
152 silly reify ]
153 silly reify mark retired [
153 silly reify   'C:\\Users\\WAFA\\Desktop\\‎Amana_Bootcamp\\Amana-Bookstore-New\\node_modules\\@next\\env'
153 silly reify ]
154 silly reify mark retired [
154 silly reify   'C:\\Users\\WAFA\\Desktop\\‎Amana_Bootcamp\\Amana-Bookstore-New\\node_modules\\@next\\eslint-plugin-next'
154 silly reify ]
155 silly reify mark retired [
155 silly reify   'C:\\Users\\WAFA\\Desktop\\‎Amana_Bootcamp\\Amana-Bookstore-New\\node_modules\\@next\\swc-darwin-arm64'
155 silly reify ]
156 silly reify mark retired [
156 silly reify   'C:\\Users\\WAFA\\Desktop\\‎Amana_Bootcamp\\Amana-Bookstore-New\\node_modules\\@next\\swc-darwin-x64'
156 silly reify ]
157 silly reify mark retired [
157 silly reify   'C:\\Users\\WAFA\\Desktop\\‎Amana_Bootcamp\\Amana-Bookstore-New\\node_modules\\@next\\swc-linux-arm64-gnu'
157 silly reify ]
158 silly reify mark retired [
158 silly reify   'C:\\Users\\WAFA\\Desktop\\‎Amana_Bootcamp\\Amana-Bookstore-New\\node_modules\\@next\\swc-linux-arm64-musl'
158 silly reify ]
159 silly reify mark retired [
159 silly reify   'C:\\Users\\WAFA\\Desktop\\‎Amana_Bootcamp\\Amana-Bookstore-New\\node_modules\\@next\\swc-linux-x64-gnu'
159 silly reify ]
160 silly reify mark retired [
160 silly reify   'C:\\Users\\WAFA\\Desktop\\‎Amana_Bootcamp\\Amana-Bookstore-New\\node_modules\\@next\\swc-linux-x64-musl'
160 silly reify ]
161 silly reify mark retired [
161 silly reify   'C:\\Users\\WAFA\\Desktop\\‎Amana_Bootcamp\\Amana-Bookstore-New\\node_modules\\@next\\swc-win32-arm64-msvc'
161 silly reify ]
162 silly reify mark retired [
162 silly reify   'C:\\Users\\WAFA\\Desktop\\‎Amana_Bootcamp\\Amana-Bookstore-New\\node_modules\\@next\\swc-win32-x64-msvc'
162 silly reify ]
163 silly reify mark retired [
163 silly reify   'C:\\Users\\WAFA\\Desktop\\‎Amana_Bootcamp\\Amana-Bookstore-New\\node_modules\\@nodelib\\fs.scandir'
163 silly reify ]
164 silly reify mark retired [
164 silly reify   'C:\\Users\\WAFA\\Desktop\\‎Amana_Bootcamp\\Amana-Bookstore-New\\node_modules\\@nodelib\\fs.stat'
164 silly reify ]
165 silly reify mark retired [
165 silly reify   'C:\\Users\\WAFA\\Desktop\\‎Amana_Bootcamp\\Amana-Bookstore-New\\node_modules\\@nodelib\\fs.walk'
165 silly reify ]
166 silly reify mark retired [
166 silly reify   'C:\\Users\\WAFA\\Desktop\\‎Amana_Bootcamp\\Amana-Bookstore-New\\node_modules\\@nolyfill\\is-core-module'
166 silly reify ]
167 silly reify mark retired [
167 silly reify   'C:\\Users\\WAFA\\Desktop\\‎Amana_Bootcamp\\Amana-Bookstore-New\\node_modules\\@rtsao\\scc'
167 silly reify ]
168 silly reify mark retired [
168 silly reify   'C:\\Users\\WAFA\\Desktop\\‎Amana_Bootcamp\\Amana-Bookstore-New\\node_modules\\@rushstack\\eslint-patch'
168 silly reify ]
169 silly reify mark retired [
169 silly reify   'C:\\Users\\WAFA\\Desktop\\‎Amana_Bootcamp\\Amana-Bookstore-New\\node_modules\\@swc\\helpers'
169 silly reify ]
170 silly reify mark retired [
170 silly reify   'C:\\Users\\WAFA\\Desktop\\‎Amana_Bootcamp\\Amana-Bookstore-New\\node_modules\\@tailwindcss\\node'
170 silly reify ]
171 silly reify mark retired [
171 silly reify   'C:\\Users\\WAFA\\Desktop\\‎Amana_Bootcamp\\Amana-Bookstore-New\\node_modules\\@tailwindcss\\oxide'
171 silly reify ]
172 silly reify mark retired [
172 silly reify   'C:\\Users\\WAFA\\Desktop\\‎Amana_Bootcamp\\Amana-Bookstore-New\\node_modules\\@tailwindcss\\oxide-android-arm64'
172 silly reify ]
173 silly reify mark retired [
173 silly reify   'C:\\Users\\WAFA\\Desktop\\‎Amana_Bootcamp\\Amana-Bookstore-New\\node_modules\\@tailwindcss\\oxide-darwin-arm64'
173 silly reify ]
174 silly reify mark retired [
174 silly reify   'C:\\Users\\WAFA\\Desktop\\‎Amana_Bootcamp\\Amana-Bookstore-New\\node_modules\\@tailwindcss\\oxide-darwin-x64'
174 silly reify ]
175 silly reify mark retired [
175 silly reify   'C:\\Users\\WAFA\\Desktop\\‎Amana_Bootcamp\\Amana-Bookstore-New\\node_modules\\@tailwindcss\\oxide-freebsd-x64'
175 silly reify ]
176 silly reify mark retired [
176 silly reify   'C:\\Users\\WAFA\\Desktop\\‎Amana_Bootcamp\\Amana-Bookstore-New\\node_modules\\@tailwindcss\\oxide-linux-arm-gnueabihf'
176 silly reify ]
177 silly reify mark retired [
177 silly reify   'C:\\Users\\WAFA\\Desktop\\‎Amana_Bootcamp\\Amana-Bookstore-New\\node_modules\\@tailwindcss\\oxide-linux-arm64-gnu'
177 silly reify ]
178 silly reify mark retired [
178 silly reify   'C:\\Users\\WAFA\\Desktop\\‎Amana_Bootcamp\\Amana-Bookstore-New\\node_modules\\@tailwindcss\\oxide-linux-arm64-musl'
178 silly reify ]
179 silly reify mark retired [
179 silly reify   'C:\\Users\\WAFA\\Desktop\\‎Amana_Bootcamp\\Amana-Bookstore-New\\node_modules\\@tailwindcss\\oxide-linux-x64-gnu'
179 silly reify ]
180 silly reify mark retired [
180 silly reify   'C:\\Users\\WAFA\\Desktop\\‎Amana_Bootcamp\\Amana-Bookstore-New\\node_modules\\@tailwindcss\\oxide-linux-x64-musl'
180 silly reify ]
181 silly reify mark retired [
181 silly reify   'C:\\Users\\WAFA\\Desktop\\‎Amana_Bootcamp\\Amana-Bookstore-New\\node_modules\\@tailwindcss\\oxide-wasm32-wasi'
181 silly reify ]
182 silly reify mark retired [
182 silly reify   'C:\\Users\\WAFA\\Desktop\\‎Amana_Bootcamp\\Amana-Bookstore-New\\node_modules\\@tailwindcss\\oxide-win32-arm64-msvc'
182 silly reify ]
183 silly reify mark retired [
183 silly reify   'C:\\Users\\WAFA\\Desktop\\‎Amana_Bootcamp\\Amana-Bookstore-New\\node_modules\\@tailwindcss\\oxide-win32-x64-msvc'
183 silly reify ]
184 silly reify mark retired [
184 silly reify   'C:\\Users\\WAFA\\Desktop\\‎Amana_Bootcamp\\Amana-Bookstore-New\\node_modules\\@tailwindcss\\postcss'
184 silly reify ]
185 silly reify mark retired [
185 silly reify   'C:\\Users\\WAFA\\Desktop\\‎Amana_Bootcamp\\Amana-Bookstore-New\\node_modules\\@tybys\\wasm-util'
185 silly reify ]
186 silly reify mark retired [
186 silly reify   'C:\\Users\\WAFA\\Desktop\\‎Amana_Bootcamp\\Amana-Bookstore-New\\node_modules\\@types\\estree'
186 silly reify ]
187 silly reify mark retired [
187 silly reify   'C:\\Users\\WAFA\\Desktop\\‎Amana_Bootcamp\\Amana-Bookstore-New\\node_modules\\@types\\json-schema'
187 silly reify ]
188 silly reify mark retired [
188 silly reify   'C:\\Users\\WAFA\\Desktop\\‎Amana_Bootcamp\\Amana-Bookstore-New\\node_modules\\@types\\json5'
188 silly reify ]
189 silly reify mark retired [
189 silly reify   'C:\\Users\\WAFA\\Desktop\\‎Amana_Bootcamp\\Amana-Bookstore-New\\node_modules\\@types\\node'
189 silly reify ]
190 silly reify mark retired [
190 silly reify   'C:\\Users\\WAFA\\Desktop\\‎Amana_Bootcamp\\Amana-Bookstore-New\\node_modules\\@types\\react'
190 silly reify ]
191 silly reify mark retired [
191 silly reify   'C:\\Users\\WAFA\\Desktop\\‎Amana_Bootcamp\\Amana-Bookstore-New\\node_modules\\@types\\react-dom'
191 silly reify ]
192 silly reify mark retired [
192 silly reify   'C:\\Users\\WAFA\\Desktop\\‎Amana_Bootcamp\\Amana-Bookstore-New\\node_modules\\@typescript-eslint\\eslint-plugin'
192 silly reify ]
193 silly reify mark retired [
193 silly reify   'C:\\Users\\WAFA\\Desktop\\‎Amana_Bootcamp\\Amana-Bookstore-New\\node_modules\\@typescript-eslint\\parser'
193 silly reify ]
194 silly reify mark retired [
194 silly reify   'C:\\Users\\WAFA\\Desktop\\‎Amana_Bootcamp\\Amana-Bookstore-New\\node_modules\\@typescript-eslint\\project-service'
194 silly reify ]
195 silly reify mark retired [
195 silly reify   'C:\\Users\\WAFA\\Desktop\\‎Amana_Bootcamp\\Amana-Bookstore-New\\node_modules\\@typescript-eslint\\scope-manager'
195 silly reify ]
196 silly reify mark retired [
196 silly reify   'C:\\Users\\WAFA\\Desktop\\‎Amana_Bootcamp\\Amana-Bookstore-New\\node_modules\\@typescript-eslint\\tsconfig-utils'
196 silly reify ]
197 silly reify mark retired [
197 silly reify   'C:\\Users\\WAFA\\Desktop\\‎Amana_Bootcamp\\Amana-Bookstore-New\\node_modules\\@typescript-eslint\\type-utils'
197 silly reify ]
198 silly reify mark retired [
198 silly reify   'C:\\Users\\WAFA\\Desktop\\‎Amana_Bootcamp\\Amana-Bookstore-New\\node_modules\\@typescript-eslint\\types'
198 silly reify ]
199 silly reify mark retired [
199 silly reify   'C:\\Users\\WAFA\\Desktop\\‎Amana_Bootcamp\\Amana-Bookstore-New\\node_modules\\@typescript-eslint\\typescript-estree'
199 silly reify ]
200 silly reify mark retired [
200 silly reify   'C:\\Users\\WAFA\\Desktop\\‎Amana_Bootcamp\\Amana-Bookstore-New\\node_modules\\@typescript-eslint\\utils'
200 silly reify ]
201 silly reify mark retired [
201 silly reify   'C:\\Users\\WAFA\\Desktop\\‎Amana_Bootcamp\\Amana-Bookstore-New\\node_modules\\@typescript-eslint\\visitor-keys'
201 silly reify ]
202 silly reify mark retired [
202 silly reify   'C:\\Users\\WAFA\\Desktop\\‎Amana_Bootcamp\\Amana-Bookstore-New\\node_modules\\@unrs\\resolver-binding-android-arm64'
202 silly reify ]
203 silly reify mark retired [
203 silly reify   'C:\\Users\\WAFA\\Desktop\\‎Amana_Bootcamp\\Amana-Bookstore-New\\node_modules\\@unrs\\resolver-binding-darwin-arm64'
203 silly reify ]
204 silly reify mark retired [
204 silly reify   'C:\\Users\\WAFA\\Desktop\\‎Amana_Bootcamp\\Amana-Bookstore-New\\node_modules\\@unrs\\resolver-binding-android-arm-eabi'
204 silly reify ]
205 silly reify mark retired [
205 silly reify   'C:\\Users\\WAFA\\Desktop\\‎Amana_Bootcamp\\Amana-Bookstore-New\\node_modules\\@unrs\\resolver-binding-darwin-x64'
205 silly reify ]
206 silly reify mark retired [
206 silly reify   'C:\\Users\\WAFA\\Desktop\\‎Amana_Bootcamp\\Amana-Bookstore-New\\node_modules\\@unrs\\resolver-binding-freebsd-x64'
206 silly reify ]
207 silly reify mark retired [
207 silly reify   'C:\\Users\\WAFA\\Desktop\\‎Amana_Bootcamp\\Amana-Bookstore-New\\node_modules\\@unrs\\resolver-binding-linux-arm-gnueabihf'
207 silly reify ]
208 silly reify mark retired [
208 silly reify   'C:\\Users\\WAFA\\Desktop\\‎Amana_Bootcamp\\Amana-Bookstore-New\\node_modules\\@unrs\\resolver-binding-linux-arm-musleabihf'
208 silly reify ]
209 silly reify mark retired [
209 silly reify   'C:\\Users\\WAFA\\Desktop\\‎Amana_Bootcamp\\Amana-Bookstore-New\\node_modules\\@unrs\\resolver-binding-linux-arm64-gnu'
209 silly reify ]
210 silly reify mark retired [
210 silly reify   'C:\\Users\\WAFA\\Desktop\\‎Amana_Bootcamp\\Amana-Bookstore-New\\node_modules\\@unrs\\resolver-binding-linux-arm64-musl'
210 silly reify ]
211 silly reify mark retired [
211 silly reify   'C:\\Users\\WAFA\\Desktop\\‎Amana_Bootcamp\\Amana-Bookstore-New\\node_modules\\@unrs\\resolver-binding-linux-ppc64-gnu'
211 silly reify ]
212 silly reify mark retired [
212 silly reify   'C:\\Users\\WAFA\\Desktop\\‎Amana_Bootcamp\\Amana-Bookstore-New\\node_modules\\@unrs\\resolver-binding-linux-riscv64-gnu'
212 silly reify ]
213 silly reify mark retired [
213 silly reify   'C:\\Users\\WAFA\\Desktop\\‎Amana_Bootcamp\\Amana-Bookstore-New\\node_modules\\@unrs\\resolver-binding-linux-riscv64-musl'
213 silly reify ]
214 silly reify mark retired [
214 silly reify   'C:\\Users\\WAFA\\Desktop\\‎Amana_Bootcamp\\Amana-Bookstore-New\\node_modules\\@unrs\\resolver-binding-linux-s390x-gnu'
214 silly reify ]
215 silly reify mark retired [
215 silly reify   'C:\\Users\\WAFA\\Desktop\\‎Amana_Bootcamp\\Amana-Bookstore-New\\node_modules\\@unrs\\resolver-binding-linux-x64-gnu'
215 silly reify ]
216 silly reify mark retired [
216 silly reify   'C:\\Users\\WAFA\\Desktop\\‎Amana_Bootcamp\\Amana-Bookstore-New\\node_modules\\@unrs\\resolver-binding-linux-x64-musl'
216 silly reify ]
217 silly reify mark retired [
217 silly reify   'C:\\Users\\WAFA\\Desktop\\‎Amana_Bootcamp\\Amana-Bookstore-New\\node_modules\\@unrs\\resolver-binding-wasm32-wasi'
217 silly reify ]
218 silly reify mark retired [
218 silly reify   'C:\\Users\\WAFA\\Desktop\\‎Amana_Bootcamp\\Amana-Bookstore-New\\node_modules\\@unrs\\resolver-binding-win32-arm64-msvc'
218 silly reify ]
219 silly reify mark retired [
219 silly reify   'C:\\Users\\WAFA\\Desktop\\‎Amana_Bootcamp\\Amana-Bookstore-New\\node_modules\\@unrs\\resolver-binding-win32-ia32-msvc'
219 silly reify ]
220 silly reify mark retired [
220 silly reify   'C:\\Users\\WAFA\\Desktop\\‎Amana_Bootcamp\\Amana-Bookstore-New\\node_modules\\@unrs\\resolver-binding-win32-x64-msvc'
220 silly reify ]
221 silly reify mark retired [
221 silly reify   'C:\\Users\\WAFA\\Desktop\\‎Amana_Bootcamp\\Amana-Bookstore-New\\node_modules\\js-yaml',
221 silly reify   'C:\\Users\\WAFA\\Desktop\\‎Amana_Bootcamp\\Amana-Bookstore-New\\node_modules\\.bin\\js-yaml',
221 silly reify   'C:\\Users\\WAFA\\Desktop\\‎Amana_Bootcamp\\Amana-Bookstore-New\\node_modules\\.bin\\js-yaml.cmd',
221 silly reify   'C:\\Users\\WAFA\\Desktop\\‎Amana_Bootcamp\\Amana-Bookstore-New\\node_modules\\.bin\\js-yaml.ps1'
221 silly reify ]
222 silly reify mark retired [
222 silly reify   'C:\\Users\\WAFA\\Desktop\\‎Amana_Bootcamp\\Amana-Bookstore-New\\node_modules\\json5',
222 silly reify   'C:\\Users\\WAFA\\Desktop\\‎Amana_Bootcamp\\Amana-Bookstore-New\\node_modules\\.bin\\json5',
222 silly reify   'C:\\Users\\WAFA\\Desktop\\‎Amana_Bootcamp\\Amana-Bookstore-New\\node_modules\\.bin\\json5.cmd',
222 silly reify   'C:\\Users\\WAFA\\Desktop\\‎Amana_Bootcamp\\Amana-Bookstore-New\\node_modules\\.bin\\json5.ps1'
222 silly reify ]
223 silly reify mark retired [
223 silly reify   'C:\\Users\\WAFA\\Desktop\\‎Amana_Bootcamp\\Amana-Bookstore-New\\node_modules\\loose-envify',
223 silly reify   'C:\\Users\\WAFA\\Desktop\\‎Amana_Bootcamp\\Amana-Bookstore-New\\node_modules\\.bin\\loose-envify',
223 silly reify   'C:\\Users\\WAFA\\Desktop\\‎Amana_Bootcamp\\Amana-Bookstore-New\\node_modules\\.bin\\loose-envify.cmd',
223 silly reify   'C:\\Users\\WAFA\\Desktop\\‎Amana_Bootcamp\\Amana-Bookstore-New\\node_modules\\.bin\\loose-envify.ps1'
223 silly reify ]
224 silly reify mark retired [
224 silly reify   'C:\\Users\\WAFA\\Desktop\\‎Amana_Bootcamp\\Amana-Bookstore-New\\node_modules\\mkdirp',
224 silly reify   'C:\\Users\\WAFA\\Desktop\\‎Amana_Bootcamp\\Amana-Bookstore-New\\node_modules\\.bin\\mkdirp',
224 silly reify   'C:\\Users\\WAFA\\Desktop\\‎Amana_Bootcamp\\Amana-Bookstore-New\\node_modules\\.bin\\mkdirp.cmd',
224 silly reify   'C:\\Users\\WAFA\\Desktop\\‎Amana_Bootcamp\\Amana-Bookstore-New\\node_modules\\.bin\\mkdirp.ps1'
224 silly reify ]
225 silly reify mark retired [
225 silly reify   'C:\\Users\\WAFA\\Desktop\\‎Amana_Bootcamp\\Amana-Bookstore-New\\node_modules\\nanoid',
225 silly reify   'C:\\Users\\WAFA\\Desktop\\‎Amana_Bootcamp\\Amana-Bookstore-New\\node_modules\\.bin\\nanoid',
225 silly reify   'C:\\Users\\WAFA\\Desktop\\‎Amana_Bootcamp\\Amana-Bookstore-New\\node_modules\\.bin\\nanoid.cmd',
225 silly reify   'C:\\Users\\WAFA\\Desktop\\‎Amana_Bootcamp\\Amana-Bookstore-New\\node_modules\\.bin\\nanoid.ps1'
225 silly reify ]
226 silly reify mark retired [
226 silly reify   'C:\\Users\\WAFA\\Desktop\\‎Amana_Bootcamp\\Amana-Bookstore-New\\node_modules\\napi-postinstall',
226 silly reify   'C:\\Users\\WAFA\\Desktop\\‎Amana_Bootcamp\\Amana-Bookstore-New\\node_modules\\.bin\\napi-postinstall',
226 silly reify   'C:\\Users\\WAFA\\Desktop\\‎Amana_Bootcamp\\Amana-Bookstore-New\\node_modules\\.bin\\napi-postinstall.cmd',
226 silly reify   'C:\\Users\\WAFA\\Desktop\\‎Amana_Bootcamp\\Amana-Bookstore-New\\node_modules\\.bin\\napi-postinstall.ps1'
226 silly reify ]
227 silly reify mark retired [
227 silly reify   'C:\\Users\\WAFA\\Desktop\\‎Amana_Bootcamp\\Amana-Bookstore-New\\node_modules\\resolve',
227 silly reify   'C:\\Users\\WAFA\\Desktop\\‎Amana_Bootcamp\\Amana-Bookstore-New\\node_modules\\.bin\\resolve',
227 silly reify   'C:\\Users\\WAFA\\Desktop\\‎Amana_Bootcamp\\Amana-Bookstore-New\\node_modules\\.bin\\resolve.cmd',
227 silly reify   'C:\\Users\\WAFA\\Desktop\\‎Amana_Bootcamp\\Amana-Bookstore-New\\node_modules\\.bin\\resolve.ps1'
227 silly reify ]
228 silly reify mark retired [
228 silly reify   'C:\\Users\\WAFA\\Desktop\\‎Amana_Bootcamp\\Amana-Bookstore-New\\node_modules\\semver',
228 silly reify   'C:\\Users\\WAFA\\Desktop\\‎Amana_Bootcamp\\Amana-Bookstore-New\\node_modules\\.bin\\semver',
228 silly reify   'C:\\Users\\WAFA\\Desktop\\‎Amana_Bootcamp\\Amana-Bookstore-New\\node_modules\\.bin\\semver.cmd',
228 silly reify   'C:\\Users\\WAFA\\Desktop\\‎Amana_Bootcamp\\Amana-Bookstore-New\\node_modules\\.bin\\semver.ps1'
228 silly reify ]
229 silly reify mark retired [
229 silly reify   'C:\\Users\\WAFA\\Desktop\\‎Amana_Bootcamp\\Amana-Bookstore-New\\node_modules\\tinyglobby\\node_modules\\fdir'
229 silly reify ]
230 silly reify mark retired [
230 silly reify   'C:\\Users\\WAFA\\Desktop\\‎Amana_Bootcamp\\Amana-Bookstore-New\\node_modules\\tinyglobby\\node_modules\\picomatch'
230 silly reify ]
231 silly reify mark retired [
231 silly reify   'C:\\Users\\WAFA\\Desktop\\‎Amana_Bootcamp\\Amana-Bookstore-New\\node_modules\\which',
231 silly reify   'C:\\Users\\WAFA\\Desktop\\‎Amana_Bootcamp\\Amana-Bookstore-New\\node_modules\\.bin\\node-which',
231 silly reify   'C:\\Users\\WAFA\\Desktop\\‎Amana_Bootcamp\\Amana-Bookstore-New\\node_modules\\.bin\\node-which.cmd',
231 silly reify   'C:\\Users\\WAFA\\Desktop\\‎Amana_Bootcamp\\Amana-Bookstore-New\\node_modules\\.bin\\node-which.ps1'
231 silly reify ]
232 silly reify moves {
232 silly reify   'C:\\Users\\WAFA\\Desktop\\‎Amana_Bootcamp\\Amana-Bookstore-New\\node_modules\\acorn': 'C:\\Users\\WAFA\\Desktop\\‎Amana_Bootcamp\\Amana-Bookstore-New\\node_modules\\.acorn-Ow52pRRc',
232 silly reify   'C:\\Users\\WAFA\\Desktop\\‎Amana_Bootcamp\\Amana-Bookstore-New\\node_modules\\acorn-jsx': 'C:\\Users\\WAFA\\Desktop\\‎Amana_Bootcamp\\Amana-Bookstore-New\\node_modules\\.acorn-jsx-g1ZWbYQb',
232 silly reify   'C:\\Users\\WAFA\\Desktop\\‎Amana_Bootcamp\\Amana-Bookstore-New\\node_modules\\ajv': 'C:\\Users\\WAFA\\Desktop\\‎Amana_Bootcamp\\Amana-Bookstore-New\\node_modules\\.ajv-iZe7Glam',
232 silly reify   'C:\\Users\\WAFA\\Desktop\\‎Amana_Bootcamp\\Amana-Bookstore-New\\node_modules\\ansi-styles': 'C:\\Users\\WAFA\\Desktop\\‎Amana_Bootcamp\\Amana-Bookstore-New\\node_modules\\.ansi-styles-WXUqIbbf',
232 silly reify   'C:\\Users\\WAFA\\Desktop\\‎Amana_Bootcamp\\Amana-Bookstore-New\\node_modules\\argparse': 'C:\\Users\\WAFA\\Desktop\\‎Amana_Bootcamp\\Amana-Bookstore-New\\node_modules\\.argparse-DsKpJxZP',
232 silly reify   'C:\\Users\\WAFA\\Desktop\\‎Amana_Bootcamp\\Amana-Bookstore-New\\node_modules\\aria-query': 'C:\\Users\\WAFA\\Desktop\\‎Amana_Bootcamp\\Amana-Bookstore-New\\node_modules\\.aria-query-pNHyotmP',
232 silly reify   'C:\\Users\\WAFA\\Desktop\\‎Amana_Bootcamp\\Amana-Bookstore-New\\node_modules\\array-buffer-byte-length': 'C:\\Users\\WAFA\\Desktop\\‎Amana_Bootcamp\\Amana-Bookstore-New\\node_modules\\.array-buffer-byte-length-J2ebOJVu',
232 silly reify   'C:\\Users\\WAFA\\Desktop\\‎Amana_Bootcamp\\Amana-Bookstore-New\\node_modules\\array-includes': 'C:\\Users\\WAFA\\Desktop\\‎Amana_Bootcamp\\Amana-Bookstore-New\\node_modules\\.array-includes-SRD3YUtz',
232 silly reify   'C:\\Users\\WAFA\\Desktop\\‎Amana_Bootcamp\\Amana-Bookstore-New\\node_modules\\array.prototype.findlast': 'C:\\Users\\WAFA\\Desktop\\‎Amana_Bootcamp\\Amana-Bookstore-New\\node_modules\\.array.prototype.findlast-9HoGIcVS',
232 silly reify   'C:\\Users\\WAFA\\Desktop\\‎Amana_Bootcamp\\Amana-Bookstore-New\\node_modules\\array.prototype.findlastindex': 'C:\\Users\\WAFA\\Desktop\\‎Amana_Bootcamp\\Amana-Bookstore-New\\node_modules\\.array.prototype.findlastindex-XjWuD6OG',
232 silly reify   'C:\\Users\\WAFA\\Desktop\\‎Amana_Bootcamp\\Amana-Bookstore-New\\node_modules\\array.prototype.flat': 'C:\\Users\\WAFA\\Desktop\\‎Amana_Bootcamp\\Amana-Bookstore-New\\node_modules\\.array.prototype.flat-Mwr96yJx',
232 silly reify   'C:\\Users\\WAFA\\Desktop\\‎Amana_Bootcamp\\Amana-Bookstore-New\\node_modules\\array.prototype.flatmap': 'C:\\Users\\WAFA\\Desktop\\‎Amana_Bootcamp\\Amana-Bookstore-New\\node_modules\\.array.prototype.flatmap-zdOb5ILg',
232 silly reify   'C:\\Users\\WAFA\\Desktop\\‎Amana_Bootcamp\\Amana-Bookstore-New\\node_modules\\array.prototype.tosorted': 'C:\\Users\\WAFA\\Desktop\\‎Amana_Bootcamp\\Amana-Bookstore-New\\node_modules\\.array.prototype.tosorted-Dc8ddOfp',
232 silly reify   'C:\\Users\\WAFA\\Desktop\\‎Amana_Bootcamp\\Amana-Bookstore-New\\node_modules\\arraybuffer.prototype.slice': 'C:\\Users\\WAFA\\Desktop\\‎Amana_Bootcamp\\Amana-Bookstore-New\\node_modules\\.arraybuffer.prototype.slice-bKljzuE8',
232 silly reify   'C:\\Users\\WAFA\\Desktop\\‎Amana_Bootcamp\\Amana-Bookstore-New\\node_modules\\ast-types-flow': 'C:\\Users\\WAFA\\Desktop\\‎Amana_Bootcamp\\Amana-Bookstore-New\\node_modules\\.ast-types-flow-kdKV2Ax0',
232 silly reify   'C:\\Users\\WAFA\\Desktop\\‎Amana_Bootcamp\\Amana-Bookstore-New\\node_modules\\async-function': 'C:\\Users\\WAFA\\Desktop\\‎Amana_Bootcamp\\Amana-Bookstore-New\\node_modules\\.async-function-80hsT3z9',
232 silly reify   'C:\\Users\\WAFA\\Desktop\\‎Amana_Bootcamp\\Amana-Bookstore-New\\node_modules\\available-typed-arrays': 'C:\\Users\\WAFA\\Desktop\\‎Amana_Bootcamp\\Amana-Bookstore-New\\node_modules\\.available-typed-arrays-ul3a0Luq',
232 silly reify   'C:\\Users\\WAFA\\Desktop\\‎Amana_Bootcamp\\Amana-Bookstore-New\\node_modules\\axe-core': 'C:\\Users\\WAFA\\Desktop\\‎Amana_Bootcamp\\Amana-Bookstore-New\\node_modules\\.axe-core-zTHgl1Dw',
232 silly reify   'C:\\Users\\WAFA\\Desktop\\‎Amana_Bootcamp\\Amana-Bookstore-New\\node_modules\\axobject-query': 'C:\\Users\\WAFA\\Desktop\\‎Amana_Bootcamp\\Amana-Bookstore-New\\node_modules\\.axobject-query-gl60cJ4p',
232 silly reify   'C:\\Users\\WAFA\\Desktop\\‎Amana_Bootcamp\\Amana-Bookstore-New\\node_modules\\balanced-match': 'C:\\Users\\WAFA\\Desktop\\‎Amana_Bootcamp\\Amana-Bookstore-New\\node_modules\\.balanced-match-NdaxaEJi',
232 silly reify   'C:\\Users\\WAFA\\Desktop\\‎Amana_Bootcamp\\Amana-Bookstore-New\\node_modules\\brace-expansion': 'C:\\Users\\WAFA\\Desktop\\‎Amana_Bootcamp\\Amana-Bookstore-New\\node_modules\\.brace-expansion-YQGarwjn',
232 silly reify   'C:\\Users\\WAFA\\Desktop\\‎Amana_Bootcamp\\Amana-Bookstore-New\\node_modules\\braces': 'C:\\Users\\WAFA\\Desktop\\‎Amana_Bootcamp\\Amana-Bookstore-New\\node_modules\\.braces-rqOIO4H4',
232 silly reify   'C:\\Users\\WAFA\\Desktop\\‎Amana_Bootcamp\\Amana-Bookstore-New\\node_modules\\call-bind': 'C:\\Users\\WAFA\\Desktop\\‎Amana_Bootcamp\\Amana-Bookstore-New\\node_modules\\.call-bind-z0vJfmWd',
232 silly reify   'C:\\Users\\WAFA\\Desktop\\‎Amana_Bootcamp\\Amana-Bookstore-New\\node_modules\\call-bind-apply-helpers': 'C:\\Users\\WAFA\\Desktop\\‎Amana_Bootcamp\\Amana-Bookstore-New\\node_modules\\.call-bind-apply-helpers-rBd5M8jY',
232 silly reify   'C:\\Users\\WAFA\\Desktop\\‎Amana_Bootcamp\\Amana-Bookstore-New\\node_modules\\call-bound': 'C:\\Users\\WAFA\\Desktop\\‎Amana_Bootcamp\\Amana-Bookstore-New\\node_modules\\.call-bound-YQ9pH3bG',
232 silly reify   'C:\\Users\\WAFA\\Desktop\\‎Amana_Bootcamp\\Amana-Bookstore-New\\node_modules\\callsites': 'C:\\Users\\WAFA\\Desktop\\‎Amana_Bootcamp\\Amana-Bookstore-New\\node_modules\\.callsites-Iv4eZlg8',
232 silly reify   'C:\\Users\\WAFA\\Desktop\\‎Amana_Bootcamp\\Amana-Bookstore-New\\node_modules\\caniuse-lite': 'C:\\Users\\WAFA\\Desktop\\‎Amana_Bootcamp\\Amana-Bookstore-New\\node_modules\\.caniuse-lite-ok2sEwDL',
232 silly reify   'C:\\Users\\WAFA\\Desktop\\‎Amana_Bootcamp\\Amana-Bookstore-New\\node_modules\\chalk': 'C:\\Users\\WAFA\\Desktop\\‎Amana_Bootcamp\\Amana-Bookstore-New\\node_modules\\.chalk-P14fY2HU',
232 silly reify   'C:\\Users\\WAFA\\Desktop\\‎Amana_Bootcamp\\Amana-Bookstore-New\\node_modules\\chownr': 'C:\\Users\\WAFA\\Desktop\\‎Amana_Bootcamp\\Amana-Bookstore-New\\node_modules\\.chownr-aMzUDAou',
232 silly reify   'C:\\Users\\WAFA\\Desktop\\‎Amana_Bootcamp\\Amana-Bookstore-New\\node_modules\\client-only': 'C:\\Users\\WAFA\\Desktop\\‎Amana_Bootcamp\\Amana-Bookstore-New\\node_modules\\.client-only-uOW5IVz6',
232 silly reify   'C:\\Users\\WAFA\\Desktop\\‎Amana_Bootcamp\\Amana-Bookstore-New\\node_modules\\color': 'C:\\Users\\WAFA\\Desktop\\‎Amana_Bootcamp\\Amana-Bookstore-New\\node_modules\\.color-2Q4tqcvX',
232 silly reify   'C:\\Users\\WAFA\\Desktop\\‎Amana_Bootcamp\\Amana-Bookstore-New\\node_modules\\color-convert': 'C:\\Users\\WAFA\\Desktop\\‎Amana_Bootcamp\\Amana-Bookstore-New\\node_modules\\.color-convert-KvzPfEkk',
232 silly reify   'C:\\Users\\WAFA\\Desktop\\‎Amana_Bootcamp\\Amana-Bookstore-New\\node_modules\\color-name': 'C:\\Users\\WAFA\\Desktop\\‎Amana_Bootcamp\\Amana-Bookstore-New\\node_modules\\.color-name-UaSkQzcC',
232 silly reify   'C:\\Users\\WAFA\\Desktop\\‎Amana_Bootcamp\\Amana-Bookstore-New\\node_modules\\color-string': 'C:\\Users\\WAFA\\Desktop\\‎Amana_Bootcamp\\Amana-Bookstore-New\\node_modules\\.color-string-54B6zdhe',
232 silly reify   'C:\\Users\\WAFA\\Desktop\\‎Amana_Bootcamp\\Amana-Bookstore-New\\node_modules\\concat-map': 'C:\\Users\\WAFA\\Desktop\\‎Amana_Bootcamp\\Amana-Bookstore-New\\node_modules\\.concat-map-v020S4Yw',
232 silly reify   'C:\\Users\\WAFA\\Desktop\\‎Amana_Bootcamp\\Amana-Bookstore-New\\node_modules\\cross-spawn': 'C:\\Users\\WAFA\\Desktop\\‎Amana_Bootcamp\\Amana-Bookstore-New\\node_modules\\.cross-spawn-KxBvdWwD',
232 silly reify   'C:\\Users\\WAFA\\Desktop\\‎Amana_Bootcamp\\Amana-Bookstore-New\\node_modules\\csstype': 'C:\\Users\\WAFA\\Desktop\\‎Amana_Bootcamp\\Amana-Bookstore-New\\node_modules\\.csstype-7jnW1qpg',
232 silly reify   'C:\\Users\\WAFA\\Desktop\\‎Amana_Bootcamp\\Amana-Bookstore-New\\node_modules\\damerau-levenshtein': 'C:\\Users\\WAFA\\Desktop\\‎Amana_Bootcamp\\Amana-Bookstore-New\\node_modules\\.damerau-levenshtein-ra8vBXEc',
232 silly reify   'C:\\Users\\WAFA\\Desktop\\‎Amana_Bootcamp\\Amana-Bookstore-New\\node_modules\\data-view-buffer': 'C:\\Users\\WAFA\\Desktop\\‎Amana_Bootcamp\\Amana-Bookstore-New\\node_modules\\.data-view-buffer-X5aoTi71',
232 silly reify   'C:\\Users\\WAFA\\Desktop\\‎Amana_Bootcamp\\Amana-Bookstore-New\\node_modules\\data-view-byte-offset': 'C:\\Users\\WAFA\\Desktop\\‎Amana_Bootcamp\\Amana-Bookstore-New\\node_modules\\.data-view-byte-offset-5U7nX7Ub',
232 silly reify   'C:\\Users\\WAFA\\Desktop\\‎Amana_Bootcamp\\Amana-Bookstore-New\\node_modules\\data-view-byte-length': 'C:\\Users\\WAFA\\Desktop\\‎Amana_Bootcamp\\Amana-Bookstore-New\\node_modules\\.data-view-byte-length-Dd0lXqJx',
232 silly reify   'C:\\Users\\WAFA\\Desktop\\‎Amana_Bootcamp\\Amana-Bookstore-New\\node_modules\\debug': 'C:\\Users\\WAFA\\Desktop\\‎Amana_Bootcamp\\Amana-Bookstore-New\\node_modules\\.debug-nxGf51EU',
232 silly reify   'C:\\Users\\WAFA\\Desktop\\‎Amana_Bootcamp\\Amana-Bookstore-New\\node_modules\\deep-is': 'C:\\Users\\WAFA\\Desktop\\‎Amana_Bootcamp\\Amana-Bookstore-New\\node_modules\\.deep-is-WFF3pw0M',
232 silly reify   'C:\\Users\\WAFA\\Desktop\\‎Amana_Bootcamp\\Amana-Bookstore-New\\node_modules\\define-data-property': 'C:\\Users\\WAFA\\Desktop\\‎Amana_Bootcamp\\Amana-Bookstore-New\\node_modules\\.define-data-property-oLB2B5ty',
232 silly reify   'C:\\Users\\WAFA\\Desktop\\‎Amana_Bootcamp\\Amana-Bookstore-New\\node_modules\\define-properties': 'C:\\Users\\WAFA\\Desktop\\‎Amana_Bootcamp\\Amana-Bookstore-New\\node_modules\\.define-properties-ulReBBFU',
232 silly reify   'C:\\Users\\WAFA\\Desktop\\‎Amana_Bootcamp\\Amana-Bookstore-New\\node_modules\\detect-libc': 'C:\\Users\\WAFA\\Desktop\\‎Amana_Bootcamp\\Amana-Bookstore-New\\node_modules\\.detect-libc-WbgLZMOd',
232 silly reify   'C:\\Users\\WAFA\\Desktop\\‎Amana_Bootcamp\\Amana-Bookstore-New\\node_modules\\doctrine': 'C:\\Users\\WAFA\\Desktop\\‎Amana_Bootcamp\\Amana-Bookstore-New\\node_modules\\.doctrine-WqMJv39j',
232 silly reify   'C:\\Users\\WAFA\\Desktop\\‎Amana_Bootcamp\\Amana-Bookstore-New\\node_modules\\dunder-proto': 'C:\\Users\\WAFA\\Desktop\\‎Amana_Bootcamp\\Amana-Bookstore-New\\node_modules\\.dunder-proto-I7vQJjDF',
232 silly reify   'C:\\Users\\WAFA\\Desktop\\‎Amana_Bootcamp\\Amana-Bookstore-New\\node_modules\\emoji-regex': 'C:\\Users\\WAFA\\Desktop\\‎Amana_Bootcamp\\Amana-Bookstore-New\\node_modules\\.emoji-regex-Kipfbbjy',
232 silly reify   'C:\\Users\\WAFA\\Desktop\\‎Amana_Bootcamp\\Amana-Bookstore-New\\node_modules\\enhanced-resolve': 'C:\\Users\\WAFA\\Desktop\\‎Amana_Bootcamp\\Amana-Bookstore-New\\node_modules\\.enhanced-resolve-wWzyvoub',
232 silly reify   'C:\\Users\\WAFA\\Desktop\\‎Amana_Bootcamp\\Amana-Bookstore-New\\node_modules\\es-abstract': 'C:\\Users\\WAFA\\Desktop\\‎Amana_Bootcamp\\Amana-Bookstore-New\\node_modules\\.es-abstract-d2Vm2ZYn',
232 silly reify   'C:\\Users\\WAFA\\Desktop\\‎Amana_Bootcamp\\Amana-Bookstore-New\\node_modules\\es-define-property': 'C:\\Users\\WAFA\\Desktop\\‎Amana_Bootcamp\\Amana-Bookstore-New\\node_modules\\.es-define-property-zv3rsFJA',
232 silly reify   'C:\\Users\\WAFA\\Desktop\\‎Amana_Bootcamp\\Amana-Bookstore-New\\node_modules\\es-errors': 'C:\\Users\\WAFA\\Desktop\\‎Amana_Bootcamp\\Amana-Bookstore-New\\node_modules\\.es-errors-Rs8igfsO',
232 silly reify   'C:\\Users\\WAFA\\Desktop\\‎Amana_Bootcamp\\Amana-Bookstore-New\\node_modules\\es-iterator-helpers': 'C:\\Users\\WAFA\\Desktop\\‎Amana_Bootcamp\\Amana-Bookstore-New\\node_modules\\.es-iterator-helpers-3zJShgY5',
232 silly reify   'C:\\Users\\WAFA\\Desktop\\‎Amana_Bootcamp\\Amana-Bookstore-New\\node_modules\\es-object-atoms': 'C:\\Users\\WAFA\\Desktop\\‎Amana_Bootcamp\\Amana-Bookstore-New\\node_modules\\.es-object-atoms-zsyQDAUd',
232 silly reify   'C:\\Users\\WAFA\\Desktop\\‎Amana_Bootcamp\\Amana-Bookstore-New\\node_modules\\es-set-tostringtag': 'C:\\Users\\WAFA\\Desktop\\‎Amana_Bootcamp\\Amana-Bookstore-New\\node_modules\\.es-set-tostringtag-vXX2e4TF',
232 silly reify   'C:\\Users\\WAFA\\Desktop\\‎Amana_Bootcamp\\Amana-Bookstore-New\\node_modules\\es-shim-unscopables': 'C:\\Users\\WAFA\\Desktop\\‎Amana_Bootcamp\\Amana-Bookstore-New\\node_modules\\.es-shim-unscopables-aLawv3Et',
232 silly reify   'C:\\Users\\WAFA\\Desktop\\‎Amana_Bootcamp\\Amana-Bookstore-New\\node_modules\\es-to-primitive': 'C:\\Users\\WAFA\\Desktop\\‎Amana_Bootcamp\\Amana-Bookstore-New\\node_modules\\.es-to-primitive-RYuFxdGO',
232 silly reify   'C:\\Users\\WAFA\\Desktop\\‎Amana_Bootcamp\\Amana-Bookstore-New\\node_modules\\escape-string-regexp': 'C:\\Users\\WAFA\\Desktop\\‎Amana_Bootcamp\\Amana-Bookstore-New\\node_modules\\.escape-string-regexp-Hv3QvgxU',
232 silly reify   'C:\\Users\\WAFA\\Desktop\\‎Amana_Bootcamp\\Amana-Bookstore-New\\node_modules\\eslint': 'C:\\Users\\WAFA\\Desktop\\‎Amana_Bootcamp\\Amana-Bookstore-New\\node_modules\\.eslint-TPCdde1p',
232 silly reify   'C:\\Users\\WAFA\\Desktop\\‎Amana_Bootcamp\\Amana-Bookstore-New\\node_modules\\eslint-config-next': 'C:\\Users\\WAFA\\Desktop\\‎Amana_Bootcamp\\Amana-Bookstore-New\\node_modules\\.eslint-config-next-KOsKzwlU',
232 silly reify   'C:\\Users\\WAFA\\Desktop\\‎Amana_Bootcamp\\Amana-Bookstore-New\\node_modules\\eslint-import-resolver-node': 'C:\\Users\\WAFA\\Desktop\\‎Amana_Bootcamp\\Amana-Bookstore-New\\node_modules\\.eslint-import-resolver-node-8WzGaEh7',
232 silly reify   'C:\\Users\\WAFA\\Desktop\\‎Amana_Bootcamp\\Amana-Bookstore-New\\node_modules\\eslint-import-resolver-typescript': 'C:\\Users\\WAFA\\Desktop\\‎Amana_Bootcamp\\Amana-Bookstore-New\\node_modules\\.eslint-import-resolver-typescript-9RBWtAtB',
232 silly reify   'C:\\Users\\WAFA\\Desktop\\‎Amana_Bootcamp\\Amana-Bookstore-New\\node_modules\\eslint-module-utils': 'C:\\Users\\WAFA\\Desktop\\‎Amana_Bootcamp\\Amana-Bookstore-New\\node_modules\\.eslint-module-utils-aJIwoFeO',
232 silly reify   'C:\\Users\\WAFA\\Desktop\\‎Amana_Bootcamp\\Amana-Bookstore-New\\node_modules\\eslint-plugin-import': 'C:\\Users\\WAFA\\Desktop\\‎Amana_Bootcamp\\Amana-Bookstore-New\\node_modules\\.eslint-plugin-import-vXn0UY5q',
232 silly reify   'C:\\Users\\WAFA\\Desktop\\‎Amana_Bootcamp\\Amana-Bookstore-New\\node_modules\\eslint-plugin-jsx-a11y': 'C:\\Users\\WAFA\\Desktop\\‎Amana_Bootcamp\\Amana-Bookstore-New\\node_modules\\.eslint-plugin-jsx-a11y-HpBA5EXG',
232 silly reify   'C:\\Users\\WAFA\\Desktop\\‎Amana_Bootcamp\\Amana-Bookstore-New\\node_modules\\eslint-plugin-react': 'C:\\Users\\WAFA\\Desktop\\‎Amana_Bootcamp\\Amana-Bookstore-New\\node_modules\\.eslint-plugin-react-M0ZonZgt',
232 silly reify   'C:\\Users\\WAFA\\Desktop\\‎Amana_Bootcamp\\Amana-Bookstore-New\\node_modules\\eslint-plugin-react-hooks': 'C:\\Users\\WAFA\\Desktop\\‎Amana_Bootcamp\\Amana-Bookstore-New\\node_modules\\.eslint-plugin-react-hooks-JUfx7ndz',
232 silly reify   'C:\\Users\\WAFA\\Desktop\\‎Amana_Bootcamp\\Amana-Bookstore-New\\node_modules\\eslint-scope': 'C:\\Users\\WAFA\\Desktop\\‎Amana_Bootcamp\\Amana-Bookstore-New\\node_modules\\.eslint-scope-VJZDqxde',
232 silly reify   'C:\\Users\\WAFA\\Desktop\\‎Amana_Bootcamp\\Amana-Bookstore-New\\node_modules\\eslint-visitor-keys': 'C:\\Users\\WAFA\\Desktop\\‎Amana_Bootcamp\\Amana-Bookstore-New\\node_modules\\.eslint-visitor-keys-4Ip2MSCp',
232 silly reify   'C:\\Users\\WAFA\\Desktop\\‎Amana_Bootcamp\\Amana-Bookstore-New\\node_modules\\espree': 'C:\\Users\\WAFA\\Desktop\\‎Amana_Bootcamp\\Amana-Bookstore-New\\node_modules\\.espree-KGQ2wA2v',
232 silly reify   'C:\\Users\\WAFA\\Desktop\\‎Amana_Bootcamp\\Amana-Bookstore-New\\node_modules\\esquery': 'C:\\Users\\WAFA\\Desktop\\‎Amana_Bootcamp\\Amana-Bookstore-New\\node_modules\\.esquery-EbUMYZZQ',
232 silly reify   'C:\\Users\\WAFA\\Desktop\\‎Amana_Bootcamp\\Amana-Bookstore-New\\node_modules\\esrecurse': 'C:\\Users\\WAFA\\Desktop\\‎Amana_Bootcamp\\Amana-Bookstore-New\\node_modules\\.esrecurse-PeGquE8R',
232 silly reify   'C:\\Users\\WAFA\\Desktop\\‎Amana_Bootcamp\\Amana-Bookstore-New\\node_modules\\estraverse': 'C:\\Users\\WAFA\\Desktop\\‎Amana_Bootcamp\\Amana-Bookstore-New\\node_modules\\.estraverse-JpzaOwLn',
232 silly reify   'C:\\Users\\WAFA\\Desktop\\‎Amana_Bootcamp\\Amana-Bookstore-New\\node_modules\\esutils': 'C:\\Users\\WAFA\\Desktop\\‎Amana_Bootcamp\\Amana-Bookstore-New\\node_modules\\.esutils-Fz93liiu',
232 silly reify   'C:\\Users\\WAFA\\Desktop\\‎Amana_Bootcamp\\Amana-Bookstore-New\\node_modules\\fast-glob': 'C:\\Users\\WAFA\\Desktop\\‎Amana_Bootcamp\\Amana-Bookstore-New\\node_modules\\.fast-glob-wCmCRvGT',
232 silly reify   'C:\\Users\\WAFA\\Desktop\\‎Amana_Bootcamp\\Amana-Bookstore-New\\node_modules\\fast-levenshtein': 'C:\\Users\\WAFA\\Desktop\\‎Amana_Bootcamp\\Amana-Bookstore-New\\node_modules\\.fast-levenshtein-5moSEyId',
232 silly reify   'C:\\Users\\WAFA\\Desktop\\‎Amana_Bootcamp\\Amana-Bookstore-New\\node_modules\\fastq': 'C:\\Users\\WAFA\\Desktop\\‎Amana_Bootcamp\\Amana-Bookstore-New\\node_modules\\.fastq-mjCnncA4',
232 silly reify   'C:\\Users\\WAFA\\Desktop\\‎Amana_Bootcamp\\Amana-Bookstore-New\\node_modules\\fill-range': 'C:\\Users\\WAFA\\Desktop\\‎Amana_Bootcamp\\Amana-Bookstore-New\\node_modules\\.fill-range-5O6fcuZs',
232 silly reify   'C:\\Users\\WAFA\\Desktop\\‎Amana_Bootcamp\\Amana-Bookstore-New\\node_modules\\flat-cache': 'C:\\Users\\WAFA\\Desktop\\‎Amana_Bootcamp\\Amana-Bookstore-New\\node_modules\\.flat-cache-qRhmyPQs',
232 silly reify   'C:\\Users\\WAFA\\Desktop\\‎Amana_Bootcamp\\Amana-Bookstore-New\\node_modules\\graphemer': 'C:\\Users\\WAFA\\Desktop\\‎Amana_Bootcamp\\Amana-Bookstore-New\\node_modules\\.graphemer-xxFvabP1',
232 silly reify   'C:\\Users\\WAFA\\Desktop\\‎Amana_Bootcamp\\Amana-Bookstore-New\\node_modules\\jiti': 'C:\\Users\\WAFA\\Desktop\\‎Amana_Bootcamp\\Amana-Bookstore-New\\node_modules\\.jiti-yef9FZ9P',
232 silly reify   'C:\\Users\\WAFA\\Desktop\\‎Amana_Bootcamp\\Amana-Bookstore-New\\node_modules\\lightningcss-darwin-x64': 'C:\\Users\\WAFA\\Desktop\\‎Amana_Bootcamp\\Amana-Bookstore-New\\node_modules\\.lightningcss-darwin-x64-jSxNSdHa',
232 silly reify   'C:\\Users\\WAFA\\Desktop\\‎Amana_Bootcamp\\Amana-Bookstore-New\\node_modules\\lightningcss-darwin-arm64': 'C:\\Users\\WAFA\\Desktop\\‎Amana_Bootcamp\\Amana-Bookstore-New\\node_modules\\.lightningcss-darwin-arm64-C6OLujys',
232 silly reify   'C:\\Users\\WAFA\\Desktop\\‎Amana_Bootcamp\\Amana-Bookstore-New\\node_modules\\lightningcss-freebsd-x64': 'C:\\Users\\WAFA\\Desktop\\‎Amana_Bootcamp\\Amana-Bookstore-New\\node_modules\\.lightningcss-freebsd-x64-tKtzLnzK',
232 silly reify   'C:\\Users\\WAFA\\Desktop\\‎Amana_Bootcamp\\Amana-Bookstore-New\\node_modules\\lightningcss-linux-arm-gnueabihf': 'C:\\Users\\WAFA\\Desktop\\‎Amana_Bootcamp\\Amana-Bookstore-New\\node_modules\\.lightningcss-linux-arm-gnueabihf-oyPlnYud',
232 silly reify   'C:\\Users\\WAFA\\Desktop\\‎Amana_Bootcamp\\Amana-Bookstore-New\\node_modules\\lightningcss-linux-arm64-gnu': 'C:\\Users\\WAFA\\Desktop\\‎Amana_Bootcamp\\Amana-Bookstore-New\\node_modules\\.lightningcss-linux-arm64-gnu-z1lJ3Qgy',
232 silly reify   'C:\\Users\\WAFA\\Desktop\\‎Amana_Bootcamp\\Amana-Bookstore-New\\node_modules\\lightningcss-linux-arm64-musl': 'C:\\Users\\WAFA\\Desktop\\‎Amana_Bootcamp\\Amana-Bookstore-New\\node_modules\\.lightningcss-linux-arm64-musl-XLeoRiyi',
232 silly reify   'C:\\Users\\WAFA\\Desktop\\‎Amana_Bootcamp\\Amana-Bookstore-New\\node_modules\\lightningcss-linux-x64-gnu': 'C:\\Users\\WAFA\\Desktop\\‎Amana_Bootcamp\\Amana-Bookstore-New\\node_modules\\.lightningcss-linux-x64-gnu-fHO2WPDa',
232 silly reify   'C:\\Users\\WAFA\\Desktop\\‎Amana_Bootcamp\\Amana-Bookstore-New\\node_modules\\lightningcss-linux-x64-musl': 'C:\\Users\\WAFA\\Desktop\\‎Amana_Bootcamp\\Amana-Bookstore-New\\node_modules\\.lightningcss-linux-x64-musl-ys9BxtvI',
232 silly reify   'C:\\Users\\WAFA\\Desktop\\‎Amana_Bootcamp\\Amana-Bookstore-New\\node_modules\\lightningcss-win32-arm64-msvc': 'C:\\Users\\WAFA\\Desktop\\‎Amana_Bootcamp\\Amana-Bookstore-New\\node_modules\\.lightningcss-win32-arm64-msvc-u6F559FC',
232 silly reify   'C:\\Users\\WAFA\\Desktop\\‎Amana_Bootcamp\\Amana-Bookstore-New\\node_modules\\next': 'C:\\Users\\WAFA\\Desktop\\‎Amana_Bootcamp\\Amana-Bookstore-New\\node_modules\\.next-VT1J3FoM',
232 silly reify   'C:\\Users\\WAFA\\Desktop\\‎Amana_Bootcamp\\Amana-Bookstore-New\\node_modules\\typescript': 'C:\\Users\\WAFA\\Desktop\\‎Amana_Bootcamp\\Amana-Bookstore-New\\node_modules\\.typescript-4weGupQn',
232 silly reify   'C:\\Users\\WAFA\\Desktop\\‎Amana_Bootcamp\\Amana-Bookstore-New\\node_modules\\@alloc\\quick-lru': 'C:\\Users\\WAFA\\Desktop\\‎Amana_Bootcamp\\Amana-Bookstore-New\\node_modules\\@alloc\\.quick-lru-Pbn4PWB5',
232 silly reify   'C:\\Users\\WAFA\\Desktop\\‎Amana_Bootcamp\\Amana-Bookstore-New\\node_modules\\@emnapi\\core': 'C:\\Users\\WAFA\\Desktop\\‎Amana_Bootcamp\\Amana-Bookstore-New\\node_modules\\@emnapi\\.core-0uFaekVn',
232 silly reify   'C:\\Users\\WAFA\\Desktop\\‎Amana_Bootcamp\\Amana-Bookstore-New\\node_modules\\@emnapi\\runtime': 'C:\\Users\\WAFA\\Desktop\\‎Amana_Bootcamp\\Amana-Bookstore-New\\node_modules\\@emnapi\\.runtime-ibflGKUW',
232 silly reify   'C:\\Users\\WAFA\\Desktop\\‎Amana_Bootcamp\\Amana-Bookstore-New\\node_modules\\@emnapi\\wasi-threads': 'C:\\Users\\WAFA\\Desktop\\‎Amana_Bootcamp\\Amana-Bookstore-New\\node_modules\\@emnapi\\.wasi-threads-SYFwd4dJ',
232 silly reify   'C:\\Users\\WAFA\\Desktop\\‎Amana_Bootcamp\\Amana-Bookstore-New\\node_modules\\@eslint\\config-helpers': 'C:\\Users\\WAFA\\Desktop\\‎Amana_Bootcamp\\Amana-Bookstore-New\\node_modules\\@eslint\\.config-helpers-paYThgYg',
232 silly reify   'C:\\Users\\WAFA\\Desktop\\‎Amana_Bootcamp\\Amana-Bookstore-New\\node_modules\\@eslint\\config-array': 'C:\\Users\\WAFA\\Desktop\\‎Amana_Bootcamp\\Amana-Bookstore-New\\node_modules\\@eslint\\.config-array-fmdcwnpY',
232 silly reify   'C:\\Users\\WAFA\\Desktop\\‎Amana_Bootcamp\\Amana-Bookstore-New\\node_modules\\@eslint\\core': 'C:\\Users\\WAFA\\Desktop\\‎Amana_Bootcamp\\Amana-Bookstore-New\\node_modules\\@eslint\\.core-pN0913kc',
232 silly reify   'C:\\Users\\WAFA\\Desktop\\‎Amana_Bootcamp\\Amana-Bookstore-New\\node_modules\\@eslint\\eslintrc': 'C:\\Users\\WAFA\\Desktop\\‎Amana_Bootcamp\\Amana-Bookstore-New\\node_modules\\@eslint\\.eslintrc-sU4UfuV8',
232 silly reify   'C:\\Users\\WAFA\\Desktop\\‎Amana_Bootcamp\\Amana-Bookstore-New\\node_modules\\@eslint\\js': 'C:\\Users\\WAFA\\Desktop\\‎Amana_Bootcamp\\Amana-Bookstore-New\\node_modules\\@eslint\\.js-FOsGXjwx',
232 silly reify   'C:\\Users\\WAFA\\Desktop\\‎Amana_Bootcamp\\Amana-Bookstore-New\\node_modules\\@eslint\\object-schema': 'C:\\Users\\WAFA\\Desktop\\‎Amana_Bootcamp\\Amana-Bookstore-New\\node_modules\\@eslint\\.object-schema-gd4HME8p',
232 silly reify   'C:\\Users\\WAFA\\Desktop\\‎Amana_Bootcamp\\Amana-Bookstore-New\\node_modules\\@eslint\\plugin-kit': 'C:\\Users\\WAFA\\Desktop\\‎Amana_Bootcamp\\Amana-Bookstore-New\\node_modules\\@eslint\\.plugin-kit-Ny1Vnnuq',
232 silly reify   'C:\\Users\\WAFA\\Desktop\\‎Amana_Bootcamp\\Amana-Bookstore-New\\node_modules\\@eslint-community\\eslint-utils': 'C:\\Users\\WAFA\\Desktop\\‎Amana_Bootcamp\\Amana-Bookstore-New\\node_modules\\@eslint-community\\.eslint-utils-kgCnlUYV',
232 silly reify   'C:\\Users\\WAFA\\Desktop\\‎Amana_Bootcamp\\Amana-Bookstore-New\\node_modules\\@eslint-community\\regexpp': 'C:\\Users\\WAFA\\Desktop\\‎Amana_Bootcamp\\Amana-Bookstore-New\\node_modules\\@eslint-community\\.regexpp-LkhExWUc',
232 silly reify   'C:\\Users\\WAFA\\Desktop\\‎Amana_Bootcamp\\Amana-Bookstore-New\\node_modules\\@humanfs\\core': 'C:\\Users\\WAFA\\Desktop\\‎Amana_Bootcamp\\Amana-Bookstore-New\\node_modules\\@humanfs\\.core-UMvWdGo7',
232 silly reify   'C:\\Users\\WAFA\\Desktop\\‎Amana_Bootcamp\\Amana-Bookstore-New\\node_modules\\@humanfs\\node': 'C:\\Users\\WAFA\\Desktop\\‎Amana_Bootcamp\\Amana-Bookstore-New\\node_modules\\@humanfs\\.node-ytjqz3BY',
232 silly reify   'C:\\Users\\WAFA\\Desktop\\‎Amana_Bootcamp\\Amana-Bookstore-New\\node_modules\\@humanwhocodes\\module-importer': 'C:\\Users\\WAFA\\Desktop\\‎Amana_Bootcamp\\Amana-Bookstore-New\\node_modules\\@humanwhocodes\\.module-importer-zsVVSBwR',
232 silly reify   'C:\\Users\\WAFA\\Desktop\\‎Amana_Bootcamp\\Amana-Bookstore-New\\node_modules\\@humanwhocodes\\retry': 'C:\\Users\\WAFA\\Desktop\\‎Amana_Bootcamp\\Amana-Bookstore-New\\node_modules\\@humanwhocodes\\.retry-wQ5L1rKj',
232 silly reify   'C:\\Users\\WAFA\\Desktop\\‎Amana_Bootcamp\\Amana-Bookstore-New\\node_modules\\@img\\sharp-darwin-arm64': 'C:\\Users\\WAFA\\Desktop\\‎Amana_Bootcamp\\Amana-Bookstore-New\\node_modules\\@img\\.sharp-darwin-arm64-MBSIKO2j',
232 silly reify   'C:\\Users\\WAFA\\Desktop\\‎Amana_Bootcamp\\Amana-Bookstore-New\\node_modules\\@img\\sharp-darwin-x64': 'C:\\Users\\WAFA\\Desktop\\‎Amana_Bootcamp\\Amana-Bookstore-New\\node_modules\\@img\\.sharp-darwin-x64-Sz6egqYo',
232 silly reify   'C:\\Users\\WAFA\\Desktop\\‎Amana_Bootcamp\\Amana-Bookstore-New\\node_modules\\@img\\sharp-libvips-darwin-arm64': 'C:\\Users\\WAFA\\Desktop\\‎Amana_Bootcamp\\Amana-Bookstore-New\\node_modules\\@img\\.sharp-libvips-darwin-arm64-eevPu3MY',
232 silly reify   'C:\\Users\\WAFA\\Desktop\\‎Amana_Bootcamp\\Amana-Bookstore-New\\node_modules\\@img\\sharp-libvips-darwin-x64': 'C:\\Users\\WAFA\\Desktop\\‎Amana_Bootcamp\\Amana-Bookstore-New\\node_modules\\@img\\.sharp-libvips-darwin-x64-oP31OYUK',
232 silly reify   'C:\\Users\\WAFA\\Desktop\\‎Amana_Bootcamp\\Amana-Bookstore-New\\node_modules\\@img\\sharp-libvips-linux-arm': 'C:\\Users\\WAFA\\Desktop\\‎Amana_Bootcamp\\Amana-Bookstore-New\\node_modules\\@img\\.sharp-libvips-linux-arm-SZyvZvqA',
232 silly reify   'C:\\Users\\WAFA\\Desktop\\‎Amana_Bootcamp\\Amana-Bookstore-New\\node_modules\\@img\\sharp-libvips-linux-arm64': 'C:\\Users\\WAFA\\Desktop\\‎Amana_Bootcamp\\Amana-Bookstore-New\\node_modules\\@img\\.sharp-libvips-linux-arm64-W49126HZ',
232 silly reify   'C:\\Users\\WAFA\\Desktop\\‎Amana_Bootcamp\\Amana-Bookstore-New\\node_modules\\@img\\sharp-libvips-linux-ppc64': 'C:\\Users\\WAFA\\Desktop\\‎Amana_Bootcamp\\Amana-Bookstore-New\\node_modules\\@img\\.sharp-libvips-linux-ppc64-6JoAXNhO',
232 silly reify   'C:\\Users\\WAFA\\Desktop\\‎Amana_Bootcamp\\Amana-Bookstore-New\\node_modules\\@img\\sharp-libvips-linux-s390x': 'C:\\Users\\WAFA\\Desktop\\‎Amana_Bootcamp\\Amana-Bookstore-New\\node_modules\\@img\\.sharp-libvips-linux-s390x-VQ4d8rLk',
232 silly reify   'C:\\Users\\WAFA\\Desktop\\‎Amana_Bootcamp\\Amana-Bookstore-New\\node_modules\\@img\\sharp-libvips-linux-x64': 'C:\\Users\\WAFA\\Desktop\\‎Amana_Bootcamp\\Amana-Bookstore-New\\node_modules\\@img\\.sharp-libvips-linux-x64-8qYILYYg',
232 silly reify   'C:\\Users\\WAFA\\Desktop\\‎Amana_Bootcamp\\Amana-Bookstore-New\\node_modules\\@img\\sharp-libvips-linuxmusl-arm64': 'C:\\Users\\WAFA\\Desktop\\‎Amana_Bootcamp\\Amana-Bookstore-New\\node_modules\\@img\\.sharp-libvips-linuxmusl-arm64-2KcWiWfl',
232 silly reify   'C:\\Users\\WAFA\\Desktop\\‎Amana_Bootcamp\\Amana-Bookstore-New\\node_modules\\@img\\sharp-libvips-linuxmusl-x64': 'C:\\Users\\WAFA\\Desktop\\‎Amana_Bootcamp\\Amana-Bookstore-New\\node_modules\\@img\\.sharp-libvips-linuxmusl-x64-z19Z53Wp',
232 silly reify   'C:\\Users\\WAFA\\Desktop\\‎Amana_Bootcamp\\Amana-Bookstore-New\\node_modules\\@img\\sharp-linux-arm': 'C:\\Users\\WAFA\\Desktop\\‎Amana_Bootcamp\\Amana-Bookstore-New\\node_modules\\@img\\.sharp-linux-arm-uQcdSIvL',
232 silly reify   'C:\\Users\\WAFA\\Desktop\\‎Amana_Bootcamp\\Amana-Bookstore-New\\node_modules\\@img\\sharp-linux-arm64': 'C:\\Users\\WAFA\\Desktop\\‎Amana_Bootcamp\\Amana-Bookstore-New\\node_modules\\@img\\.sharp-linux-arm64-af4A9zrZ',
232 silly reify   'C:\\Users\\WAFA\\Desktop\\‎Amana_Bootcamp\\Amana-Bookstore-New\\node_modules\\@img\\sharp-linux-ppc64': 'C:\\Users\\WAFA\\Desktop\\‎Amana_Bootcamp\\Amana-Bookstore-New\\node_modules\\@img\\.sharp-linux-ppc64-rHz9FJ61',
232 silly reify   'C:\\Users\\WAFA\\Desktop\\‎Amana_Bootcamp\\Amana-Bookstore-New\\node_modules\\@img\\sharp-linux-s390x': 'C:\\Users\\WAFA\\Desktop\\‎Amana_Bootcamp\\Amana-Bookstore-New\\node_modules\\@img\\.sharp-linux-s390x-H4UZfLHa',
232 silly reify   'C:\\Users\\WAFA\\Desktop\\‎Amana_Bootcamp\\Amana-Bookstore-New\\node_modules\\@img\\sharp-linux-x64': 'C:\\Users\\WAFA\\Desktop\\‎Amana_Bootcamp\\Amana-Bookstore-New\\node_modules\\@img\\.sharp-linux-x64-FvWgLbNH',
232 silly reify   'C:\\Users\\WAFA\\Desktop\\‎Amana_Bootcamp\\Amana-Bookstore-New\\node_modules\\@img\\sharp-linuxmusl-arm64': 'C:\\Users\\WAFA\\Desktop\\‎Amana_Bootcamp\\Amana-Bookstore-New\\node_modules\\@img\\.sharp-linuxmusl-arm64-2tvJHSny',
232 silly reify   'C:\\Users\\WAFA\\Desktop\\‎Amana_Bootcamp\\Amana-Bookstore-New\\node_modules\\@img\\sharp-linuxmusl-x64': 'C:\\Users\\WAFA\\Desktop\\‎Amana_Bootcamp\\Amana-Bookstore-New\\node_modules\\@img\\.sharp-linuxmusl-x64-3RsCjcWX',
232 silly reify   'C:\\Users\\WAFA\\Desktop\\‎Amana_Bootcamp\\Amana-Bookstore-New\\node_modules\\@img\\sharp-wasm32': 'C:\\Users\\WAFA\\Desktop\\‎Amana_Bootcamp\\Amana-Bookstore-New\\node_modules\\@img\\.sharp-wasm32-WKEwR4Tg',
232 silly reify   'C:\\Users\\WAFA\\Desktop\\‎Amana_Bootcamp\\Amana-Bookstore-New\\node_modules\\@img\\sharp-win32-arm64': 'C:\\Users\\WAFA\\Desktop\\‎Amana_Bootcamp\\Amana-Bookstore-New\\node_modules\\@img\\.sharp-win32-arm64-01dbaBMD',
232 silly reify   'C:\\Users\\WAFA\\Desktop\\‎Amana_Bootcamp\\Amana-Bookstore-New\\node_modules\\@img\\sharp-win32-ia32': 'C:\\Users\\WAFA\\Desktop\\‎Amana_Bootcamp\\Amana-Bookstore-New\\node_modules\\@img\\.sharp-win32-ia32-Qm9OyazB',
232 silly reify   'C:\\Users\\WAFA\\Desktop\\‎Amana_Bootcamp\\Amana-Bookstore-New\\node_modules\\@img\\sharp-win32-x64': 'C:\\Users\\WAFA\\Desktop\\‎Amana_Bootcamp\\Amana-Bookstore-New\\node_modules\\@img\\.sharp-win32-x64-aEL7ncbz',
232 silly reify   'C:\\Users\\WAFA\\Desktop\\‎Amana_Bootcamp\\Amana-Bookstore-New\\node_modules\\@isaacs\\fs-minipass': 'C:\\Users\\WAFA\\Desktop\\‎Amana_Bootcamp\\Amana-Bookstore-New\\node_modules\\@isaacs\\.fs-minipass-N0oVVPrV',
232 silly reify   'C:\\Users\\WAFA\\Desktop\\‎Amana_Bootcamp\\Amana-Bookstore-New\\node_modules\\@jridgewell\\gen-mapping': 'C:\\Users\\WAFA\\Desktop\\‎Amana_Bootcamp\\Amana-Bookstore-New\\node_modules\\@jridgewell\\.gen-mapping-AhCcxMLq',
232 silly reify   'C:\\Users\\WAFA\\Desktop\\‎Amana_Bootcamp\\Amana-Bookstore-New\\node_modules\\@jridgewell\\remapping': 'C:\\Users\\WAFA\\Desktop\\‎Amana_Bootcamp\\Amana-Bookstore-New\\node_modules\\@jridgewell\\.remapping-DknzWX0h',
232 silly reify   'C:\\Users\\WAFA\\Desktop\\‎Amana_Bootcamp\\Amana-Bookstore-New\\node_modules\\@jridgewell\\resolve-uri': 'C:\\Users\\WAFA\\Desktop\\‎Amana_Bootcamp\\Amana-Bookstore-New\\node_modules\\@jridgewell\\.resolve-uri-O0ttRoLj',
232 silly reify   'C:\\Users\\WAFA\\Desktop\\‎Amana_Bootcamp\\Amana-Bookstore-New\\node_modules\\@jridgewell\\sourcemap-codec': 'C:\\Users\\WAFA\\Desktop\\‎Amana_Bootcamp\\Amana-Bookstore-New\\node_modules\\@jridgewell\\.sourcemap-codec-7Bp2ne61',
232 silly reify   'C:\\Users\\WAFA\\Desktop\\‎Amana_Bootcamp\\Amana-Bookstore-New\\node_modules\\@jridgewell\\trace-mapping': 'C:\\Users\\WAFA\\Desktop\\‎Amana_Bootcamp\\Amana-Bookstore-New\\node_modules\\@jridgewell\\.trace-mapping-DNJcujvV',
232 silly reify   'C:\\Users\\WAFA\\Desktop\\‎Amana_Bootcamp\\Amana-Bookstore-New\\node_modules\\@napi-rs\\wasm-runtime': 'C:\\Users\\WAFA\\Desktop\\‎Amana_Bootcamp\\Amana-Bookstore-New\\node_modules\\@napi-rs\\.wasm-runtime-KIpORcz3',
232 silly reify   'C:\\Users\\WAFA\\Desktop\\‎Amana_Bootcamp\\Amana-Bookstore-New\\node_modules\\@next\\env': 'C:\\Users\\WAFA\\Desktop\\‎Amana_Bootcamp\\Amana-Bookstore-New\\node_modules\\@next\\.env-A7gumKkH',
232 silly reify   'C:\\Users\\WAFA\\Desktop\\‎Amana_Bootcamp\\Amana-Bookstore-New\\node_modules\\@next\\eslint-plugin-next': 'C:\\Users\\WAFA\\Desktop\\‎Amana_Bootcamp\\Amana-Bookstore-New\\node_modules\\@next\\.eslint-plugin-next-OahAaGEr',
232 silly reify   'C:\\Users\\WAFA\\Desktop\\‎Amana_Bootcamp\\Amana-Bookstore-New\\node_modules\\@next\\swc-darwin-arm64': 'C:\\Users\\WAFA\\Desktop\\‎Amana_Bootcamp\\Amana-Bookstore-New\\node_modules\\@next\\.swc-darwin-arm64-0aPe3xVi',
232 silly reify   'C:\\Users\\WAFA\\Desktop\\‎Amana_Bootcamp\\Amana-Bookstore-New\\node_modules\\@next\\swc-darwin-x64': 'C:\\Users\\WAFA\\Desktop\\‎Amana_Bootcamp\\Amana-Bookstore-New\\node_modules\\@next\\.swc-darwin-x64-bsXtNggx',
232 silly reify   'C:\\Users\\WAFA\\Desktop\\‎Amana_Bootcamp\\Amana-Bookstore-New\\node_modules\\@next\\swc-linux-arm64-gnu': 'C:\\Users\\WAFA\\Desktop\\‎Amana_Bootcamp\\Amana-Bookstore-New\\node_modules\\@next\\.swc-linux-arm64-gnu-NieOVZBJ',
232 silly reify   'C:\\Users\\WAFA\\Desktop\\‎Amana_Bootcamp\\Amana-Bookstore-New\\node_modules\\@next\\swc-linux-arm64-musl': 'C:\\Users\\WAFA\\Desktop\\‎Amana_Bootcamp\\Amana-Bookstore-New\\node_modules\\@next\\.swc-linux-arm64-musl-qOhPlPCz',
232 silly reify   'C:\\Users\\WAFA\\Desktop\\‎Amana_Bootcamp\\Amana-Bookstore-New\\node_modules\\@next\\swc-linux-x64-gnu': 'C:\\Users\\WAFA\\Desktop\\‎Amana_Bootcamp\\Amana-Bookstore-New\\node_modules\\@next\\.swc-linux-x64-gnu-7nJgOFmk',
232 silly reify   'C:\\Users\\WAFA\\Desktop\\‎Amana_Bootcamp\\Amana-Bookstore-New\\node_modules\\@next\\swc-linux-x64-musl': 'C:\\Users\\WAFA\\Desktop\\‎Amana_Bootcamp\\Amana-Bookstore-New\\node_modules\\@next\\.swc-linux-x64-musl-yGSmBI6h',
232 silly reify   'C:\\Users\\WAFA\\Desktop\\‎Amana_Bootcamp\\Amana-Bookstore-New\\node_modules\\@next\\swc-win32-arm64-msvc': 'C:\\Users\\WAFA\\Desktop\\‎Amana_Bootcamp\\Amana-Bookstore-New\\node_modules\\@next\\.swc-win32-arm64-msvc-BeqazAxT',
232 silly reify   'C:\\Users\\WAFA\\Desktop\\‎Amana_Bootcamp\\Amana-Bookstore-New\\node_modules\\@next\\swc-win32-x64-msvc': 'C:\\Users\\WAFA\\Desktop\\‎Amana_Bootcamp\\Amana-Bookstore-New\\node_modules\\@next\\.swc-win32-x64-msvc-PwYs8ZlG',
232 silly reify   'C:\\Users\\WAFA\\Desktop\\‎Amana_Bootcamp\\Amana-Bookstore-New\\node_modules\\@nodelib\\fs.scandir': 'C:\\Users\\WAFA\\Desktop\\‎Amana_Bootcamp\\Amana-Bookstore-New\\node_modules\\@nodelib\\.fs.scandir-GRSlvBQj',
232 silly reify   'C:\\Users\\WAFA\\Desktop\\‎Amana_Bootcamp\\Amana-Bookstore-New\\node_modules\\@nodelib\\fs.stat': 'C:\\Users\\WAFA\\Desktop\\‎Amana_Bootcamp\\Amana-Bookstore-New\\node_modules\\@nodelib\\.fs.stat-5yr6i1HZ',
232 silly reify   'C:\\Users\\WAFA\\Desktop\\‎Amana_Bootcamp\\Amana-Bookstore-New\\node_modules\\@nodelib\\fs.walk': 'C:\\Users\\WAFA\\Desktop\\‎Amana_Bootcamp\\Amana-Bookstore-New\\node_modules\\@nodelib\\.fs.walk-UtS7KBJW',
232 silly reify   'C:\\Users\\WAFA\\Desktop\\‎Amana_Bootcamp\\Amana-Bookstore-New\\node_modules\\@nolyfill\\is-core-module': 'C:\\Users\\WAFA\\Desktop\\‎Amana_Bootcamp\\Amana-Bookstore-New\\node_modules\\@nolyfill\\.is-core-module-BljuWEt2',
232 silly reify   'C:\\Users\\WAFA\\Desktop\\‎Amana_Bootcamp\\Amana-Bookstore-New\\node_modules\\@rtsao\\scc': 'C:\\Users\\WAFA\\Desktop\\‎Amana_Bootcamp\\Amana-Bookstore-New\\node_modules\\@rtsao\\.scc-SFJPv15p',
232 silly reify   'C:\\Users\\WAFA\\Desktop\\‎Amana_Bootcamp\\Amana-Bookstore-New\\node_modules\\@rushstack\\eslint-patch': 'C:\\Users\\WAFA\\Desktop\\‎Amana_Bootcamp\\Amana-Bookstore-New\\node_modules\\@rushstack\\.eslint-patch-Tar70PYu',
232 silly reify   'C:\\Users\\WAFA\\Desktop\\‎Amana_Bootcamp\\Amana-Bookstore-New\\node_modules\\@swc\\helpers': 'C:\\Users\\WAFA\\Desktop\\‎Amana_Bootcamp\\Amana-Bookstore-New\\node_modules\\@swc\\.helpers-544mEOc3',
232 silly reify   'C:\\Users\\WAFA\\Desktop\\‎Amana_Bootcamp\\Amana-Bookstore-New\\node_modules\\@tailwindcss\\node': 'C:\\Users\\WAFA\\Desktop\\‎Amana_Bootcamp\\Amana-Bookstore-New\\node_modules\\@tailwindcss\\.node-0jMdDKP6',
232 silly reify   'C:\\Users\\WAFA\\Desktop\\‎Amana_Bootcamp\\Amana-Bookstore-New\\node_modules\\@tailwindcss\\oxide': 'C:\\Users\\WAFA\\Desktop\\‎Amana_Bootcamp\\Amana-Bookstore-New\\node_modules\\@tailwindcss\\.oxide-WPAMEQHG',
232 silly reify   'C:\\Users\\WAFA\\Desktop\\‎Amana_Bootcamp\\Amana-Bookstore-New\\node_modules\\@tailwindcss\\oxide-android-arm64': 'C:\\Users\\WAFA\\Desktop\\‎Amana_Bootcamp\\Amana-Bookstore-New\\node_modules\\@tailwindcss\\.oxide-android-arm64-bXxiFrcd',
232 silly reify   'C:\\Users\\WAFA\\Desktop\\‎Amana_Bootcamp\\Amana-Bookstore-New\\node_modules\\@tailwindcss\\oxide-darwin-arm64': 'C:\\Users\\WAFA\\Desktop\\‎Amana_Bootcamp\\Amana-Bookstore-New\\node_modules\\@tailwindcss\\.oxide-darwin-arm64-oPJ34UdD',
232 silly reify   'C:\\Users\\WAFA\\Desktop\\‎Amana_Bootcamp\\Amana-Bookstore-New\\node_modules\\@tailwindcss\\oxide-darwin-x64': 'C:\\Users\\WAFA\\Desktop\\‎Amana_Bootcamp\\Amana-Bookstore-New\\node_modules\\@tailwindcss\\.oxide-darwin-x64-0vD6XfMx',
232 silly reify   'C:\\Users\\WAFA\\Desktop\\‎Amana_Bootcamp\\Amana-Bookstore-New\\node_modules\\@tailwindcss\\oxide-freebsd-x64': 'C:\\Users\\WAFA\\Desktop\\‎Amana_Bootcamp\\Amana-Bookstore-New\\node_modules\\@tailwindcss\\.oxide-freebsd-x64-toknFrf0',
232 silly reify   'C:\\Users\\WAFA\\Desktop\\‎Amana_Bootcamp\\Amana-Bookstore-New\\node_modules\\@tailwindcss\\oxide-linux-arm-gnueabihf': 'C:\\Users\\WAFA\\Desktop\\‎Amana_Bootcamp\\Amana-Bookstore-New\\node_modules\\@tailwindcss\\.oxide-linux-arm-gnueabihf-PCz9wbU3',
232 silly reify   'C:\\Users\\WAFA\\Desktop\\‎Amana_Bootcamp\\Amana-Bookstore-New\\node_modules\\@tailwindcss\\oxide-linux-arm64-gnu': 'C:\\Users\\WAFA\\Desktop\\‎Amana_Bootcamp\\Amana-Bookstore-New\\node_modules\\@tailwindcss\\.oxide-linux-arm64-gnu-dEsMzD6N',
232 silly reify   'C:\\Users\\WAFA\\Desktop\\‎Amana_Bootcamp\\Amana-Bookstore-New\\node_modules\\@tailwindcss\\oxide-linux-arm64-musl': 'C:\\Users\\WAFA\\Desktop\\‎Amana_Bootcamp\\Amana-Bookstore-New\\node_modules\\@tailwindcss\\.oxide-linux-arm64-musl-vilU3uOu',
232 silly reify   'C:\\Users\\WAFA\\Desktop\\‎Amana_Bootcamp\\Amana-Bookstore-New\\node_modules\\@tailwindcss\\oxide-linux-x64-gnu': 'C:\\Users\\WAFA\\Desktop\\‎Amana_Bootcamp\\Amana-Bookstore-New\\node_modules\\@tailwindcss\\.oxide-linux-x64-gnu-Pfx3j3Xj',
232 silly reify   'C:\\Users\\WAFA\\Desktop\\‎Amana_Bootcamp\\Amana-Bookstore-New\\node_modules\\@tailwindcss\\oxide-linux-x64-musl': 'C:\\Users\\WAFA\\Desktop\\‎Amana_Bootcamp\\Amana-Bookstore-New\\node_modules\\@tailwindcss\\.oxide-linux-x64-musl-ApF5nizo',
232 silly reify   'C:\\Users\\WAFA\\Desktop\\‎Amana_Bootcamp\\Amana-Bookstore-New\\node_modules\\@tailwindcss\\oxide-wasm32-wasi': 'C:\\Users\\WAFA\\Desktop\\‎Amana_Bootcamp\\Amana-Bookstore-New\\node_modules\\@tailwindcss\\.oxide-wasm32-wasi-c6JDfWhe',
232 silly reify   'C:\\Users\\WAFA\\Desktop\\‎Amana_Bootcamp\\Amana-Bookstore-New\\node_modules\\@tailwindcss\\oxide-win32-arm64-msvc': 'C:\\Users\\WAFA\\Desktop\\‎Amana_Bootcamp\\Amana-Bookstore-New\\node_modules\\@tailwindcss\\.oxide-win32-arm64-msvc-3CEtXaq2',
232 silly reify   'C:\\Users\\WAFA\\Desktop\\‎Amana_Bootcamp\\Amana-Bookstore-New\\node_modules\\@tailwindcss\\oxide-win32-x64-msvc': 'C:\\Users\\WAFA\\Desktop\\‎Amana_Bootcamp\\Amana-Bookstore-New\\node_modules\\@tailwindcss\\.oxide-win32-x64-msvc-aoDAYLdM',
232 silly reify   'C:\\Users\\WAFA\\Desktop\\‎Amana_Bootcamp\\Amana-Bookstore-New\\node_modules\\@tailwindcss\\postcss': 'C:\\Users\\WAFA\\Desktop\\‎Amana_Bootcamp\\Amana-Bookstore-New\\node_modules\\@tailwindcss\\.postcss-3gCkvfbE',
232 silly reify   'C:\\Users\\WAFA\\Desktop\\‎Amana_Bootcamp\\Amana-Bookstore-New\\node_modules\\@tybys\\wasm-util': 'C:\\Users\\WAFA\\Desktop\\‎Amana_Bootcamp\\Amana-Bookstore-New\\node_modules\\@tybys\\.wasm-util-HEYhyNKW',
232 silly reify   'C:\\Users\\WAFA\\Desktop\\‎Amana_Bootcamp\\Amana-Bookstore-New\\node_modules\\@types\\estree': 'C:\\Users\\WAFA\\Desktop\\‎Amana_Bootcamp\\Amana-Bookstore-New\\node_modules\\@types\\.estree-y10qHFW5',
232 silly reify   'C:\\Users\\WAFA\\Desktop\\‎Amana_Bootcamp\\Amana-Bookstore-New\\node_modules\\@types\\json-schema': 'C:\\Users\\WAFA\\Desktop\\‎Amana_Bootcamp\\Amana-Bookstore-New\\node_modules\\@types\\.json-schema-UrydmsWT',
232 silly reify   'C:\\Users\\WAFA\\Desktop\\‎Amana_Bootcamp\\Amana-Bookstore-New\\node_modules\\@types\\json5': 'C:\\Users\\WAFA\\Desktop\\‎Amana_Bootcamp\\Amana-Bookstore-New\\node_modules\\@types\\.json5-0tebU9J6',
232 silly reify   'C:\\Users\\WAFA\\Desktop\\‎Amana_Bootcamp\\Amana-Bookstore-New\\node_modules\\@types\\node': 'C:\\Users\\WAFA\\Desktop\\‎Amana_Bootcamp\\Amana-Bookstore-New\\node_modules\\@types\\.node-GNcrIHtE',
232 silly reify   'C:\\Users\\WAFA\\Desktop\\‎Amana_Bootcamp\\Amana-Bookstore-New\\node_modules\\@types\\react': 'C:\\Users\\WAFA\\Desktop\\‎Amana_Bootcamp\\Amana-Bookstore-New\\node_modules\\@types\\.react-z5moGols',
232 silly reify   'C:\\Users\\WAFA\\Desktop\\‎Amana_Bootcamp\\Amana-Bookstore-New\\node_modules\\@types\\react-dom': 'C:\\Users\\WAFA\\Desktop\\‎Amana_Bootcamp\\Amana-Bookstore-New\\node_modules\\@types\\.react-dom-2GZX0yZa',
232 silly reify   'C:\\Users\\WAFA\\Desktop\\‎Amana_Bootcamp\\Amana-Bookstore-New\\node_modules\\@typescript-eslint\\eslint-plugin': 'C:\\Users\\WAFA\\Desktop\\‎Amana_Bootcamp\\Amana-Bookstore-New\\node_modules\\@typescript-eslint\\.eslint-plugin-vtLzlZzY',
232 silly reify   'C:\\Users\\WAFA\\Desktop\\‎Amana_Bootcamp\\Amana-Bookstore-New\\node_modules\\@typescript-eslint\\parser': 'C:\\Users\\WAFA\\Desktop\\‎Amana_Bootcamp\\Amana-Bookstore-New\\node_modules\\@typescript-eslint\\.parser-kpTEfc9w',
232 silly reify   'C:\\Users\\WAFA\\Desktop\\‎Amana_Bootcamp\\Amana-Bookstore-New\\node_modules\\@typescript-eslint\\project-service': 'C:\\Users\\WAFA\\Desktop\\‎Amana_Bootcamp\\Amana-Bookstore-New\\node_modules\\@typescript-eslint\\.project-service-4usxPS80',
232 silly reify   'C:\\Users\\WAFA\\Desktop\\‎Amana_Bootcamp\\Amana-Bookstore-New\\node_modules\\@typescript-eslint\\scope-manager': 'C:\\Users\\WAFA\\Desktop\\‎Amana_Bootcamp\\Amana-Bookstore-New\\node_modules\\@typescript-eslint\\.scope-manager-B08HZELJ',
232 silly reify   'C:\\Users\\WAFA\\Desktop\\‎Amana_Bootcamp\\Amana-Bookstore-New\\node_modules\\@typescript-eslint\\tsconfig-utils': 'C:\\Users\\WAFA\\Desktop\\‎Amana_Bootcamp\\Amana-Bookstore-New\\node_modules\\@typescript-eslint\\.tsconfig-utils-ctjvDiMU',
232 silly reify   'C:\\Users\\WAFA\\Desktop\\‎Amana_Bootcamp\\Amana-Bookstore-New\\node_modules\\@typescript-eslint\\type-utils': 'C:\\Users\\WAFA\\Desktop\\‎Amana_Bootcamp\\Amana-Bookstore-New\\node_modules\\@typescript-eslint\\.type-utils-GxtJFn2q',
232 silly reify   'C:\\Users\\WAFA\\Desktop\\‎Amana_Bootcamp\\Amana-Bookstore-New\\node_modules\\@typescript-eslint\\types': 'C:\\Users\\WAFA\\Desktop\\‎Amana_Bootcamp\\Amana-Bookstore-New\\node_modules\\@typescript-eslint\\.types-iy5E4LXD',
232 silly reify   'C:\\Users\\WAFA\\Desktop\\‎Amana_Bootcamp\\Amana-Bookstore-New\\node_modules\\@typescript-eslint\\typescript-estree': 'C:\\Users\\WAFA\\Desktop\\‎Amana_Bootcamp\\Amana-Bookstore-New\\node_modules\\@typescript-eslint\\.typescript-estree-RLEZlnnC',
232 silly reify   'C:\\Users\\WAFA\\Desktop\\‎Amana_Bootcamp\\Amana-Bookstore-New\\node_modules\\@typescript-eslint\\utils': 'C:\\Users\\WAFA\\Desktop\\‎Amana_Bootcamp\\Amana-Bookstore-New\\node_modules\\@typescript-eslint\\.utils-x2nkUyKv',
232 silly reify   'C:\\Users\\WAFA\\Desktop\\‎Amana_Bootcamp\\Amana-Bookstore-New\\node_modules\\@typescript-eslint\\visitor-keys': 'C:\\Users\\WAFA\\Desktop\\‎Amana_Bootcamp\\Amana-Bookstore-New\\node_modules\\@typescript-eslint\\.visitor-keys-PDjVDnvS',
232 silly reify   'C:\\Users\\WAFA\\Desktop\\‎Amana_Bootcamp\\Amana-Bookstore-New\\node_modules\\@unrs\\resolver-binding-android-arm64': 'C:\\Users\\WAFA\\Desktop\\‎Amana_Bootcamp\\Amana-Bookstore-New\\node_modules\\@unrs\\.resolver-binding-android-arm64-OZ41gn2r',
232 silly reify   'C:\\Users\\WAFA\\Desktop\\‎Amana_Bootcamp\\Amana-Bookstore-New\\node_modules\\@unrs\\resolver-binding-darwin-arm64': 'C:\\Users\\WAFA\\Desktop\\‎Amana_Bootcamp\\Amana-Bookstore-New\\node_modules\\@unrs\\.resolver-binding-darwin-arm64-nAbZ7Ymz',
232 silly reify   'C:\\Users\\WAFA\\Desktop\\‎Amana_Bootcamp\\Amana-Bookstore-New\\node_modules\\@unrs\\resolver-binding-android-arm-eabi': 'C:\\Users\\WAFA\\Desktop\\‎Amana_Bootcamp\\Amana-Bookstore-New\\node_modules\\@unrs\\.resolver-binding-android-arm-eabi-cUuouZ3b',
232 silly reify   'C:\\Users\\WAFA\\Desktop\\‎Amana_Bootcamp\\Amana-Bookstore-New\\node_modules\\@unrs\\resolver-binding-darwin-x64': 'C:\\Users\\WAFA\\Desktop\\‎Amana_Bootcamp\\Amana-Bookstore-New\\node_modules\\@unrs\\.resolver-binding-darwin-x64-bLJj1mCa',
232 silly reify   'C:\\Users\\WAFA\\Desktop\\‎Amana_Bootcamp\\Amana-Bookstore-New\\node_modules\\@unrs\\resolver-binding-freebsd-x64': 'C:\\Users\\WAFA\\Desktop\\‎Amana_Bootcamp\\Amana-Bookstore-New\\node_modules\\@unrs\\.resolver-binding-freebsd-x64-ZhTeMUZu',
232 silly reify   'C:\\Users\\WAFA\\Desktop\\‎Amana_Bootcamp\\Amana-Bookstore-New\\node_modules\\@unrs\\resolver-binding-linux-arm-gnueabihf': 'C:\\Users\\WAFA\\Desktop\\‎Amana_Bootcamp\\Amana-Bookstore-New\\node_modules\\@unrs\\.resolver-binding-linux-arm-gnueabihf-KtF142hd',
232 silly reify   'C:\\Users\\WAFA\\Desktop\\‎Amana_Bootcamp\\Amana-Bookstore-New\\node_modules\\@unrs\\resolver-binding-linux-arm-musleabihf': 'C:\\Users\\WAFA\\Desktop\\‎Amana_Bootcamp\\Amana-Bookstore-New\\node_modules\\@unrs\\.resolver-binding-linux-arm-musleabihf-3gD7Xl8G',
232 silly reify   'C:\\Users\\WAFA\\Desktop\\‎Amana_Bootcamp\\Amana-Bookstore-New\\node_modules\\@unrs\\resolver-binding-linux-arm64-gnu': 'C:\\Users\\WAFA\\Desktop\\‎Amana_Bootcamp\\Amana-Bookstore-New\\node_modules\\@unrs\\.resolver-binding-linux-arm64-gnu-vxzQUl0B',
232 silly reify   'C:\\Users\\WAFA\\Desktop\\‎Amana_Bootcamp\\Amana-Bookstore-New\\node_modules\\@unrs\\resolver-binding-linux-arm64-musl': 'C:\\Users\\WAFA\\Desktop\\‎Amana_Bootcamp\\Amana-Bookstore-New\\node_modules\\@unrs\\.resolver-binding-linux-arm64-musl-m5OHAwi1',
232 silly reify   'C:\\Users\\WAFA\\Desktop\\‎Amana_Bootcamp\\Amana-Bookstore-New\\node_modules\\@unrs\\resolver-binding-linux-ppc64-gnu': 'C:\\Users\\WAFA\\Desktop\\‎Amana_Bootcamp\\Amana-Bookstore-New\\node_modules\\@unrs\\.resolver-binding-linux-ppc64-gnu-pUlY8qts',
232 silly reify   'C:\\Users\\WAFA\\Desktop\\‎Amana_Bootcamp\\Amana-Bookstore-New\\node_modules\\@unrs\\resolver-binding-linux-riscv64-gnu': 'C:\\Users\\WAFA\\Desktop\\‎Amana_Bootcamp\\Amana-Bookstore-New\\node_modules\\@unrs\\.resolver-binding-linux-riscv64-gnu-ZNjLuxhO',
232 silly reify   'C:\\Users\\WAFA\\Desktop\\‎Amana_Bootcamp\\Amana-Bookstore-New\\node_modules\\@unrs\\resolver-binding-linux-riscv64-musl': 'C:\\Users\\WAFA\\Desktop\\‎Amana_Bootcamp\\Amana-Bookstore-New\\node_modules\\@unrs\\.resolver-binding-linux-riscv64-musl-x7mYYsFo',
232 silly reify   'C:\\Users\\WAFA\\Desktop\\‎Amana_Bootcamp\\Amana-Bookstore-New\\node_modules\\@unrs\\resolver-binding-linux-s390x-gnu': 'C:\\Users\\WAFA\\Desktop\\‎Amana_Bootcamp\\Amana-Bookstore-New\\node_modules\\@unrs\\.resolver-binding-linux-s390x-gnu-9Enhmz6j',
232 silly reify   'C:\\Users\\WAFA\\Desktop\\‎Amana_Bootcamp\\Amana-Bookstore-New\\node_modules\\@unrs\\resolver-binding-linux-x64-gnu': 'C:\\Users\\WAFA\\Desktop\\‎Amana_Bootcamp\\Amana-Bookstore-New\\node_modules\\@unrs\\.resolver-binding-linux-x64-gnu-cMM1FDXi',
232 silly reify   'C:\\Users\\WAFA\\Desktop\\‎Amana_Bootcamp\\Amana-Bookstore-New\\node_modules\\@unrs\\resolver-binding-linux-x64-musl': 'C:\\Users\\WAFA\\Desktop\\‎Amana_Bootcamp\\Amana-Bookstore-New\\node_modules\\@unrs\\.resolver-binding-linux-x64-musl-f34B9iUI',
232 silly reify   'C:\\Users\\WAFA\\Desktop\\‎Amana_Bootcamp\\Amana-Bookstore-New\\node_modules\\@unrs\\resolver-binding-wasm32-wasi': 'C:\\Users\\WAFA\\Desktop\\‎Amana_Bootcamp\\Amana-Bookstore-New\\node_modules\\@unrs\\.resolver-binding-wasm32-wasi-ODy6ZYky',
232 silly reify   'C:\\Users\\WAFA\\Desktop\\‎Amana_Bootcamp\\Amana-Bookstore-New\\node_modules\\@unrs\\resolver-binding-win32-arm64-msvc': 'C:\\Users\\WAFA\\Desktop\\‎Amana_Bootcamp\\Amana-Bookstore-New\\node_modules\\@unrs\\.resolver-binding-win32-arm64-msvc-HOtwhtlE',
232 silly reify   'C:\\Users\\WAFA\\Desktop\\‎Amana_Bootcamp\\Amana-Bookstore-New\\node_modules\\@unrs\\resolver-binding-win32-ia32-msvc': 'C:\\Users\\WAFA\\Desktop\\‎Amana_Bootcamp\\Amana-Bookstore-New\\node_modules\\@unrs\\.resolver-binding-win32-ia32-msvc-DhTX6sAt',
232 silly reify   'C:\\Users\\WAFA\\Desktop\\‎Amana_Bootcamp\\Amana-Bookstore-New\\node_modules\\@unrs\\resolver-binding-win32-x64-msvc': 'C:\\Users\\WAFA\\Desktop\\‎Amana_Bootcamp\\Amana-Bookstore-New\\node_modules\\@unrs\\.resolver-binding-win32-x64-msvc-8QMh76NI',
232 silly reify   'C:\\Users\\WAFA\\Desktop\\‎Amana_Bootcamp\\Amana-Bookstore-New\\node_modules\\js-yaml': 'C:\\Users\\WAFA\\Desktop\\‎Amana_Bootcamp\\Amana-Bookstore-New\\node_modules\\.js-yaml-gRgAUb4k',
232 silly reify   'C:\\Users\\WAFA\\Desktop\\‎Amana_Bootcamp\\Amana-Bookstore-New\\node_modules\\.bin\\js-yaml': 'C:\\Users\\WAFA\\Desktop\\‎Amana_Bootcamp\\Amana-Bookstore-New\\node_modules\\.bin\\.js-yaml-4D2MpJZU',
232 silly reify   'C:\\Users\\WAFA\\Desktop\\‎Amana_Bootcamp\\Amana-Bookstore-New\\node_modules\\.bin\\js-yaml.cmd': 'C:\\Users\\WAFA\\Desktop\\‎Amana_Bootcamp\\Amana-Bookstore-New\\node_modules\\.bin\\.js-yaml.cmd-fSEhBLHx',
232 silly reify   'C:\\Users\\WAFA\\Desktop\\‎Amana_Bootcamp\\Amana-Bookstore-New\\node_modules\\.bin\\js-yaml.ps1': 'C:\\Users\\WAFA\\Desktop\\‎Amana_Bootcamp\\Amana-Bookstore-New\\node_modules\\.bin\\.js-yaml.ps1-mAE2Xpsa',
232 silly reify   'C:\\Users\\WAFA\\Desktop\\‎Amana_Bootcamp\\Amana-Bookstore-New\\node_modules\\json5': 'C:\\Users\\WAFA\\Desktop\\‎Amana_Bootcamp\\Amana-Bookstore-New\\node_modules\\.json5-V8BQ8Lus',
232 silly reify   'C:\\Users\\WAFA\\Desktop\\‎Amana_Bootcamp\\Amana-Bookstore-New\\node_modules\\.bin\\json5': 'C:\\Users\\WAFA\\Desktop\\‎Amana_Bootcamp\\Amana-Bookstore-New\\node_modules\\.bin\\.json5-TgNBDns7',
232 silly reify   'C:\\Users\\WAFA\\Desktop\\‎Amana_Bootcamp\\Amana-Bookstore-New\\node_modules\\.bin\\json5.cmd': 'C:\\Users\\WAFA\\Desktop\\‎Amana_Bootcamp\\Amana-Bookstore-New\\node_modules\\.bin\\.json5.cmd-CGCrctPD',
232 silly reify   'C:\\Users\\WAFA\\Desktop\\‎Amana_Bootcamp\\Amana-Bookstore-New\\node_modules\\.bin\\json5.ps1': 'C:\\Users\\WAFA\\Desktop\\‎Amana_Bootcamp\\Amana-Bookstore-New\\node_modules\\.bin\\.json5.ps1-zXHkcVjE',
232 silly reify   'C:\\Users\\WAFA\\Desktop\\‎Amana_Bootcamp\\Amana-Bookstore-New\\node_modules\\loose-envify': 'C:\\Users\\WAFA\\Desktop\\‎Amana_Bootcamp\\Amana-Bookstore-New\\node_modules\\.loose-envify-ms5sjuZq',
232 silly reify   'C:\\Users\\WAFA\\Desktop\\‎Amana_Bootcamp\\Amana-Bookstore-New\\node_modules\\.bin\\loose-envify': 'C:\\Users\\WAFA\\Desktop\\‎Amana_Bootcamp\\Amana-Bookstore-New\\node_modules\\.bin\\.loose-envify-QONIxfGo',
232 silly reify   'C:\\Users\\WAFA\\Desktop\\‎Amana_Bootcamp\\Amana-Bookstore-New\\node_modules\\.bin\\loose-envify.cmd': 'C:\\Users\\WAFA\\Desktop\\‎Amana_Bootcamp\\Amana-Bookstore-New\\node_modules\\.bin\\.loose-envify.cmd-2Hs5qgxt',
232 silly reify   'C:\\Users\\WAFA\\Desktop\\‎Amana_Bootcamp\\Amana-Bookstore-New\\node_modules\\.bin\\loose-envify.ps1': 'C:\\Users\\WAFA\\Desktop\\‎Amana_Bootcamp\\Amana-Bookstore-New\\node_modules\\.bin\\.loose-envify.ps1-5hRbbe8g',
232 silly reify   'C:\\Users\\WAFA\\Desktop\\‎Amana_Bootcamp\\Amana-Bookstore-New\\node_modules\\mkdirp': 'C:\\Users\\WAFA\\Desktop\\‎Amana_Bootcamp\\Amana-Bookstore-New\\node_modules\\.mkdirp-B8hlGzlG',
232 silly reify   'C:\\Users\\WAFA\\Desktop\\‎Amana_Bootcamp\\Amana-Bookstore-New\\node_modules\\.bin\\mkdirp': 'C:\\Users\\WAFA\\Desktop\\‎Amana_Bootcamp\\Amana-Bookstore-New\\node_modules\\.bin\\.mkdirp-LeZOnqRB',
232 silly reify   'C:\\Users\\WAFA\\Desktop\\‎Amana_Bootcamp\\Amana-Bookstore-New\\node_modules\\.bin\\mkdirp.cmd': 'C:\\Users\\WAFA\\Desktop\\‎Amana_Bootcamp\\Amana-Bookstore-New\\node_modules\\.bin\\.mkdirp.cmd-nVSgRqfw',
232 silly reify   'C:\\Users\\WAFA\\Desktop\\‎Amana_Bootcamp\\Amana-Bookstore-New\\node_modules\\.bin\\mkdirp.ps1': 'C:\\Users\\WAFA\\Desktop\\‎Amana_Bootcamp\\Amana-Bookstore-New\\node_modules\\.bin\\.mkdirp.ps1-Enjbyg46',
232 silly reify   'C:\\Users\\WAFA\\Desktop\\‎Amana_Bootcamp\\Amana-Bookstore-New\\node_modules\\nanoid': 'C:\\Users\\WAFA\\Desktop\\‎Amana_Bootcamp\\Amana-Bookstore-New\\node_modules\\.nanoid-bbjS51Ve',
232 silly reify   'C:\\Users\\WAFA\\Desktop\\‎Amana_Bootcamp\\Amana-Bookstore-New\\node_modules\\.bin\\nanoid': 'C:\\Users\\WAFA\\Desktop\\‎Amana_Bootcamp\\Amana-Bookstore-New\\node_modules\\.bin\\.nanoid-5i3i3Q6d',
232 silly reify   'C:\\Users\\WAFA\\Desktop\\‎Amana_Bootcamp\\Amana-Bookstore-New\\node_modules\\.bin\\nanoid.cmd': 'C:\\Users\\WAFA\\Desktop\\‎Amana_Bootcamp\\Amana-Bookstore-New\\node_modules\\.bin\\.nanoid.cmd-f4Ql4yPy',
232 silly reify   'C:\\Users\\WAFA\\Desktop\\‎Amana_Bootcamp\\Amana-Bookstore-New\\node_modules\\.bin\\nanoid.ps1': 'C:\\Users\\WAFA\\Desktop\\‎Amana_Bootcamp\\Amana-Bookstore-New\\node_modules\\.bin\\.nanoid.ps1-jVitdV6J',
232 silly reify   'C:\\Users\\WAFA\\Desktop\\‎Amana_Bootcamp\\Amana-Bookstore-New\\node_modules\\napi-postinstall': 'C:\\Users\\WAFA\\Desktop\\‎Amana_Bootcamp\\Amana-Bookstore-New\\node_modules\\.napi-postinstall-LTc9fKMe',
232 silly reify   'C:\\Users\\WAFA\\Desktop\\‎Amana_Bootcamp\\Amana-Bookstore-New\\node_modules\\.bin\\napi-postinstall': 'C:\\Users\\WAFA\\Desktop\\‎Amana_Bootcamp\\Amana-Bookstore-New\\node_modules\\.bin\\.napi-postinstall-zxxmjKrL',
232 silly reify   'C:\\Users\\WAFA\\Desktop\\‎Amana_Bootcamp\\Amana-Bookstore-New\\node_modules\\.bin\\napi-postinstall.cmd': 'C:\\Users\\WAFA\\Desktop\\‎Amana_Bootcamp\\Amana-Bookstore-New\\node_modules\\.bin\\.napi-postinstall.cmd-Z5TCRsyL',
232 silly reify   'C:\\Users\\WAFA\\Desktop\\‎Amana_Bootcamp\\Amana-Bookstore-New\\node_modules\\.bin\\napi-postinstall.ps1': 'C:\\Users\\WAFA\\Desktop\\‎Amana_Bootcamp\\Amana-Bookstore-New\\node_modules\\.bin\\.napi-postinstall.ps1-SaV62MMd',
232 silly reify   'C:\\Users\\WAFA\\Desktop\\‎Amana_Bootcamp\\Amana-Bookstore-New\\node_modules\\resolve': 'C:\\Users\\WAFA\\Desktop\\‎Amana_Bootcamp\\Amana-Bookstore-New\\node_modules\\.resolve-hnrpAiwS',
232 silly reify   'C:\\Users\\WAFA\\Desktop\\‎Amana_Bootcamp\\Amana-Bookstore-New\\node_modules\\.bin\\resolve': 'C:\\Users\\WAFA\\Desktop\\‎Amana_Bootcamp\\Amana-Bookstore-New\\node_modules\\.bin\\.resolve-6Mx6G1zU',
232 silly reify   'C:\\Users\\WAFA\\Desktop\\‎Amana_Bootcamp\\Amana-Bookstore-New\\node_modules\\.bin\\resolve.cmd': 'C:\\Users\\WAFA\\Desktop\\‎Amana_Bootcamp\\Amana-Bookstore-New\\node_modules\\.bin\\.resolve.cmd-3YQw9eNh',
232 silly reify   'C:\\Users\\WAFA\\Desktop\\‎Amana_Bootcamp\\Amana-Bookstore-New\\node_modules\\.bin\\resolve.ps1': 'C:\\Users\\WAFA\\Desktop\\‎Amana_Bootcamp\\Amana-Bookstore-New\\node_modules\\.bin\\.resolve.ps1-wGa0IMkI',
232 silly reify   'C:\\Users\\WAFA\\Desktop\\‎Amana_Bootcamp\\Amana-Bookstore-New\\node_modules\\semver': 'C:\\Users\\WAFA\\Desktop\\‎Amana_Bootcamp\\Amana-Bookstore-New\\node_modules\\.semver-BRCWFUal',
232 silly reify   'C:\\Users\\WAFA\\Desktop\\‎Amana_Bootcamp\\Amana-Bookstore-New\\node_modules\\.bin\\semver': 'C:\\Users\\WAFA\\Desktop\\‎Amana_Bootcamp\\Amana-Bookstore-New\\node_modules\\.bin\\.semver-Gk6qjWwQ',
232 silly reify   'C:\\Users\\WAFA\\Desktop\\‎Amana_Bootcamp\\Amana-Bookstore-New\\node_modules\\.bin\\semver.cmd': 'C:\\Users\\WAFA\\Desktop\\‎Amana_Bootcamp\\Amana-Bookstore-New\\node_modules\\.bin\\.semver.cmd-WIcBKD9K',
232 silly reify   'C:\\Users\\WAFA\\Desktop\\‎Amana_Bootcamp\\Amana-Bookstore-New\\node_modules\\.bin\\semver.ps1': 'C:\\Users\\WAFA\\Desktop\\‎Amana_Bootcamp\\Amana-Bookstore-New\\node_modules\\.bin\\.semver.ps1-tBRcvHM9',
232 silly reify   'C:\\Users\\WAFA\\Desktop\\‎Amana_Bootcamp\\Amana-Bookstore-New\\node_modules\\tinyglobby\\node_modules\\fdir': 'C:\\Users\\WAFA\\Desktop\\‎Amana_Bootcamp\\Amana-Bookstore-New\\node_modules\\tinyglobby\\node_modules\\.fdir-jrkqV7Tg',
232 silly reify   'C:\\Users\\WAFA\\Desktop\\‎Amana_Bootcamp\\Amana-Bookstore-New\\node_modules\\tinyglobby\\node_modules\\picomatch': 'C:\\Users\\WAFA\\Desktop\\‎Amana_Bootcamp\\Amana-Bookstore-New\\node_modules\\tinyglobby\\node_modules\\.picomatch-daaWi4Vz',
232 silly reify   'C:\\Users\\WAFA\\Desktop\\‎Amana_Bootcamp\\Amana-Bookstore-New\\node_modules\\which': 'C:\\Users\\WAFA\\Desktop\\‎Amana_Bootcamp\\Amana-Bookstore-New\\node_modules\\.which-q1lYevGy',
232 silly reify   'C:\\Users\\WAFA\\Desktop\\‎Amana_Bootcamp\\Amana-Bookstore-New\\node_modules\\.bin\\node-which': 'C:\\Users\\WAFA\\Desktop\\‎Amana_Bootcamp\\Amana-Bookstore-New\\node_modules\\.bin\\.node-which-Y7IzpSfq',
232 silly reify   'C:\\Users\\WAFA\\Desktop\\‎Amana_Bootcamp\\Amana-Bookstore-New\\node_modules\\.bin\\node-which.cmd': 'C:\\Users\\WAFA\\Desktop\\‎Amana_Bootcamp\\Amana-Bookstore-New\\node_modules\\.bin\\.node-which.cmd-n402lT6b',
232 silly reify   'C:\\Users\\WAFA\\Desktop\\‎Amana_Bootcamp\\Amana-Bookstore-New\\node_modules\\.bin\\node-which.ps1': 'C:\\Users\\WAFA\\Desktop\\‎Amana_Bootcamp\\Amana-Bookstore-New\\node_modules\\.bin\\.node-which.ps1-9J83gne4'
232 silly reify }
233 verbose stack Error: ENOTEMPTY: directory not empty, rmdir 'C:\Users\WAFA\Desktop\‎Amana_Bootcamp\Amana-Bookstore-New\node_modules\graphemer'
234 error code ENOTEMPTY
235 error syscall rmdir
236 error path C:\Users\WAFA\Desktop\‎Amana_Bootcamp\Amana-Bookstore-New\node_modules\graphemer
237 error errno -4051
238 error ENOTEMPTY: directory not empty, rmdir 'C:\Users\WAFA\Desktop\‎Amana_Bootcamp\Amana-Bookstore-New\node_modules\graphemer'
239 silly unfinished npm timer reify 1763395440435
240 silly unfinished npm timer reify:retireShallow 1763395440923
241 verbose cwd C:\Users\WAFA\Desktop\‎Amana_Bootcamp\Amana-Bookstore-New
242 verbose os Windows_NT 10.0.26100
243 verbose node v22.17.1
244 verbose npm  v10.9.2
245 verbose exit -4051
246 verbose code -4051
247 error A complete log of this run can be found in: C:\Users\WAFA\Desktop\‎Amana_Bootcamp\Amana-Bookstore-New\clean\_logs\2025-11-17T16_03_59_449Z-debug-0.log
