0 verbose cli C:\Program Files\nodejs\node.exe C:\Program Files\nodejs\node_modules\npm\bin\npm-cli.js
1 info using npm@10.9.2
2 info using node@v22.17.1
3 silly config load:file:C:\Program Files\nodejs\node_modules\npm\npmrc
4 silly config load:file:C:\Users\WAFA\Desktop\‎Amana_Bootcamp\Amana-Bookstore-New\.npmrc
5 silly config load:file:C:\Users\WAFA\.npmrc
6 silly config load:file:C:\Users\WAFA\AppData\Roaming\npm\etc\npmrc
7 verbose title npm install mongodb
8 verbose argv "install" "mongodb"
9 verbose logfile logs-max:10 dir:C:\Users\WAFA\Desktop\‎Amana_Bootcamp\Amana-Bookstore-New\clean\_logs\2025-11-17T16_49_26_907Z-
10 verbose logfile C:\Users\WAFA\Desktop\‎Amana_Bootcamp\Amana-Bookstore-New\clean\_logs\2025-11-17T16_49_26_907Z-debug-0.log
11 silly logfile done cleaning log files
12 silly packumentCache heap:2197815296 maxSize:549453824 maxEntrySize:274726912
13 silly idealTree buildDeps
14 silly fetch manifest mongodb@^6.3.0
15 silly packumentCache full:https://registry.npmjs.org/mongodb cache-miss
16 http fetch GET 200 https://registry.npmjs.org/mongodb 135161ms (cache miss)
17 silly packumentCache full:https://registry.npmjs.org/mongodb set size:undefined disposed:false
18 silly fetch manifest @aws-sdk/credential-providers@^3.188.0
19 silly packumentCache full:https://registry.npmjs.org/@aws-sdk%2fcredential-providers cache-miss
20 http fetch GET 200 https://registry.npmjs.org/@aws-sdk%2fcredential-providers 8075ms (cache miss)
21 silly packumentCache full:https://registry.npmjs.org/@aws-sdk%2fcredential-providers set size:undefined disposed:false
22 silly fetch manifest @mongodb-js/zstd@^1.1.0 || ^2.0.0
23 silly packumentCache full:https://registry.npmjs.org/@mongodb-js%2fzstd cache-miss
24 http fetch GET 200 https://registry.npmjs.org/@mongodb-js%2fzstd 564ms (cache miss)
25 silly packumentCache full:https://registry.npmjs.org/@mongodb-js%2fzstd set size:undefined disposed:false
26 silly fetch manifest gcp-metadata@^5.2.0
27 silly packumentCache full:https://registry.npmjs.org/gcp-metadata cache-miss
28 http fetch GET 200 https://registry.npmjs.org/gcp-metadata 1431ms (cache miss)
29 silly packumentCache full:https://registry.npmjs.org/gcp-metadata set size:undefined disposed:false
30 silly fetch manifest kerberos@^2.0.1
31 silly packumentCache full:https://registry.npmjs.org/kerberos cache-miss
32 http fetch GET 200 https://registry.npmjs.org/kerberos 705ms (cache miss)
33 silly packumentCache full:https://registry.npmjs.org/kerberos set size:undefined disposed:false
34 silly fetch manifest mongodb-client-encryption@>=6.0.0 <7
35 silly packumentCache full:https://registry.npmjs.org/mongodb-client-encryption cache-miss
36 http fetch GET 200 https://registry.npmjs.org/mongodb-client-encryption 1413ms (cache miss)
37 silly packumentCache full:https://registry.npmjs.org/mongodb-client-encryption set size:undefined disposed:false
38 silly fetch manifest snappy@^7.3.2
39 silly packumentCache full:https://registry.npmjs.org/snappy cache-miss
40 http fetch GET 200 https://registry.npmjs.org/snappy 877ms (cache miss)
41 silly packumentCache full:https://registry.npmjs.org/snappy set size:undefined disposed:false
42 silly fetch manifest socks@^2.7.1
43 silly packumentCache full:https://registry.npmjs.org/socks cache-miss
44 http fetch GET 200 https://registry.npmjs.org/socks 1388ms (cache miss)
45 silly packumentCache full:https://registry.npmjs.org/socks set size:undefined disposed:false
46 silly placeDep ROOT mongodb@6.21.0 OK for: amana-bookstore@0.1.0 want: ^6.3.0
47 silly fetch manifest bson@^6.10.4
48 silly packumentCache full:https://registry.npmjs.org/bson cache-miss
49 silly fetch manifest @mongodb-js/saslprep@^1.3.0
50 silly packumentCache full:https://registry.npmjs.org/@mongodb-js%2fsaslprep cache-miss
51 silly fetch manifest mongodb-connection-string-url@^3.0.2
52 silly packumentCache full:https://registry.npmjs.org/mongodb-connection-string-url cache-miss
53 http fetch GET 200 https://registry.npmjs.org/mongodb-connection-string-url 1322ms (cache miss)
54 silly packumentCache full:https://registry.npmjs.org/mongodb-connection-string-url set size:undefined disposed:false
55 http fetch GET 200 https://registry.npmjs.org/bson 1960ms (cache miss)
56 silly packumentCache full:https://registry.npmjs.org/bson set size:undefined disposed:false
57 http fetch GET 200 https://registry.npmjs.org/@mongodb-js%2fsaslprep 2162ms (cache miss)
58 silly packumentCache full:https://registry.npmjs.org/@mongodb-js%2fsaslprep set size:undefined disposed:false
59 silly placeDep ROOT @mongodb-js/saslprep@1.3.2 OK for: mongodb@6.21.0 want: ^1.3.0
60 silly placeDep ROOT bson@6.10.4 OK for: mongodb@6.21.0 want: ^6.10.4
61 silly placeDep ROOT mongodb-connection-string-url@3.0.2 OK for: mongodb@6.21.0 want: ^3.0.2
62 silly fetch manifest sparse-bitfield@^3.0.3
63 silly packumentCache full:https://registry.npmjs.org/sparse-bitfield cache-miss
64 silly fetch manifest whatwg-url@^14.1.0 || ^13.0.0
65 silly packumentCache full:https://registry.npmjs.org/whatwg-url cache-miss
66 silly fetch manifest @types/whatwg-url@^11.0.2
67 silly packumentCache full:https://registry.npmjs.org/@types%2fwhatwg-url cache-miss
68 http fetch GET 200 https://registry.npmjs.org/sparse-bitfield 150ms (cache miss)
69 silly packumentCache full:https://registry.npmjs.org/sparse-bitfield set size:undefined disposed:false
70 http fetch GET 200 https://registry.npmjs.org/@types%2fwhatwg-url 197ms (cache miss)
71 silly packumentCache full:https://registry.npmjs.org/@types%2fwhatwg-url set size:undefined disposed:false
72 http fetch GET 200 https://registry.npmjs.org/whatwg-url 1164ms (cache miss)
73 silly packumentCache full:https://registry.npmjs.org/whatwg-url set size:undefined disposed:false
74 silly placeDep ROOT sparse-bitfield@3.0.3 OK for: @mongodb-js/saslprep@1.3.2 want: ^3.0.3
75 silly fetch manifest memory-pager@^1.0.2
76 silly packumentCache full:https://registry.npmjs.org/memory-pager cache-miss
77 http fetch GET 200 https://registry.npmjs.org/memory-pager 243ms (cache miss)
78 silly packumentCache full:https://registry.npmjs.org/memory-pager set size:undefined disposed:false
79 silly placeDep ROOT @types/whatwg-url@11.0.5 OK for: mongodb-connection-string-url@3.0.2 want: ^11.0.2
80 silly placeDep ROOT whatwg-url@14.2.0 OK for: mongodb-connection-string-url@3.0.2 want: ^14.1.0 || ^13.0.0
81 silly fetch manifest @types/webidl-conversions@*
82 silly packumentCache full:https://registry.npmjs.org/@types%2fwebidl-conversions cache-miss
83 silly fetch manifest tr46@^5.1.0
84 silly packumentCache full:https://registry.npmjs.org/tr46 cache-miss
85 silly fetch manifest webidl-conversions@^7.0.0
86 silly packumentCache full:https://registry.npmjs.org/webidl-conversions cache-miss
87 http fetch GET 200 https://registry.npmjs.org/webidl-conversions 459ms (cache miss)
88 silly packumentCache full:https://registry.npmjs.org/webidl-conversions set size:undefined disposed:false
89 http fetch GET 200 https://registry.npmjs.org/@types%2fwebidl-conversions 510ms (cache miss)
90 silly packumentCache full:https://registry.npmjs.org/@types%2fwebidl-conversions set size:undefined disposed:false
91 http fetch GET 200 https://registry.npmjs.org/tr46 753ms (cache miss)
92 silly packumentCache full:https://registry.npmjs.org/tr46 set size:undefined disposed:false
93 silly placeDep ROOT @types/webidl-conversions@7.0.3 OK for: @types/whatwg-url@11.0.5 want: *
94 silly placeDep ROOT memory-pager@1.5.0 OK for: sparse-bitfield@3.0.3 want: ^1.0.2
95 silly placeDep ROOT tr46@5.1.1 OK for: whatwg-url@14.2.0 want: ^5.1.0
96 silly placeDep ROOT webidl-conversions@7.0.0 OK for: whatwg-url@14.2.0 want: ^7.0.0
97 silly reify moves {}
98 verbose reify failed optional dependency C:\Users\WAFA\Desktop\‎Amana_Bootcamp\Amana-Bookstore-New\node_modules\@tailwindcss\oxide-wasm32-wasi
99 silly reify mark deleted [
99 silly reify   'C:\\Users\\WAFA\\Desktop\\‎Amana_Bootcamp\\Amana-Bookstore-New\\node_modules\\@tailwindcss\\oxide-wasm32-wasi'
99 silly reify ]
100 silly audit bulk request {
100 silly audit   '@alloc/quick-lru': [ '5.2.0' ],
100 silly audit   '@emnapi/core': [ '1.7.1' ],
100 silly audit   '@emnapi/runtime': [ '1.7.1' ],
100 silly audit   '@emnapi/wasi-threads': [ '1.1.0' ],
100 silly audit   '@eslint-community/eslint-utils': [ '4.9.0' ],
100 silly audit   'eslint-visitor-keys': [ '3.4.3', '4.2.1' ],
100 silly audit   '@eslint-community/regexpp': [ '4.12.2' ],
100 silly audit   '@eslint/config-array': [ '0.21.1' ],
100 silly audit   '@eslint/config-helpers': [ '0.4.2' ],
100 silly audit   '@eslint/core': [ '0.17.0' ],
100 silly audit   '@eslint/eslintrc': [ '3.3.1' ],
100 silly audit   '@eslint/js': [ '9.39.1' ],
100 silly audit   '@eslint/object-schema': [ '2.1.7' ],
100 silly audit   '@eslint/plugin-kit': [ '0.4.1' ],
100 silly audit   '@humanfs/core': [ '0.19.1' ],
100 silly audit   '@humanfs/node': [ '0.16.7' ],
100 silly audit   '@humanwhocodes/module-importer': [ '1.0.1' ],
100 silly audit   '@humanwhocodes/retry': [ '0.4.3' ],
100 silly audit   '@img/colour': [ '1.0.0' ],
100 silly audit   '@img/sharp-darwin-arm64': [ '0.34.5' ],
100 silly audit   '@img/sharp-darwin-x64': [ '0.34.5' ],
100 silly audit   '@img/sharp-libvips-darwin-arm64': [ '1.2.4' ],
100 silly audit   '@img/sharp-libvips-darwin-x64': [ '1.2.4' ],
100 silly audit   '@img/sharp-libvips-linux-arm': [ '1.2.4' ],
100 silly audit   '@img/sharp-libvips-linux-arm64': [ '1.2.4' ],
100 silly audit   '@img/sharp-libvips-linux-ppc64': [ '1.2.4' ],
100 silly audit   '@img/sharp-libvips-linux-riscv64': [ '1.2.4' ],
100 silly audit   '@img/sharp-libvips-linux-s390x': [ '1.2.4' ],
100 silly audit   '@img/sharp-libvips-linux-x64': [ '1.2.4' ],
100 silly audit   '@img/sharp-libvips-linuxmusl-arm64': [ '1.2.4' ],
100 silly audit   '@img/sharp-libvips-linuxmusl-x64': [ '1.2.4' ],
100 silly audit   '@img/sharp-linux-arm': [ '0.34.5' ],
100 silly audit   '@img/sharp-linux-arm64': [ '0.34.5' ],
100 silly audit   '@img/sharp-linux-ppc64': [ '0.34.5' ],
100 silly audit   '@img/sharp-linux-riscv64': [ '0.34.5' ],
100 silly audit   '@img/sharp-linux-s390x': [ '0.34.5' ],
100 silly audit   '@img/sharp-linux-x64': [ '0.34.5' ],
100 silly audit   '@img/sharp-linuxmusl-arm64': [ '0.34.5' ],
100 silly audit   '@img/sharp-linuxmusl-x64': [ '0.34.5' ],
100 silly audit   '@img/sharp-wasm32': [ '0.34.5' ],
100 silly audit   '@img/sharp-win32-arm64': [ '0.34.5' ],
100 silly audit   '@img/sharp-win32-ia32': [ '0.34.5' ],
100 silly audit   '@img/sharp-win32-x64': [ '0.34.5' ],
100 silly audit   '@jridgewell/gen-mapping': [ '0.3.13' ],
100 silly audit   '@jridgewell/remapping': [ '2.3.5' ],
100 silly audit   '@jridgewell/resolve-uri': [ '3.1.2' ],
100 silly audit   '@jridgewell/sourcemap-codec': [ '1.5.5' ],
100 silly audit   '@jridgewell/trace-mapping': [ '0.3.31' ],
100 silly audit   '@napi-rs/wasm-runtime': [ '0.2.12' ],
100 silly audit   '@next/env': [ '15.5.0' ],
100 silly audit   '@next/eslint-plugin-next': [ '15.5.0' ],
100 silly audit   '@next/swc-darwin-arm64': [ '15.5.0' ],
100 silly audit   '@next/swc-darwin-x64': [ '15.5.0' ],
100 silly audit   '@next/swc-linux-arm64-gnu': [ '15.5.0' ],
100 silly audit   '@next/swc-linux-arm64-musl': [ '15.5.0' ],
100 silly audit   '@next/swc-linux-x64-gnu': [ '15.5.0' ],
100 silly audit   '@next/swc-linux-x64-musl': [ '15.5.0' ],
100 silly audit   '@next/swc-win32-arm64-msvc': [ '15.5.0' ],
100 silly audit   '@next/swc-win32-x64-msvc': [ '15.5.0' ],
100 silly audit   '@nodelib/fs.scandir': [ '2.1.5' ],
100 silly audit   '@nodelib/fs.stat': [ '2.0.5' ],
100 silly audit   '@nodelib/fs.walk': [ '1.2.8' ],
100 silly audit   '@nolyfill/is-core-module': [ '1.0.39' ],
100 silly audit   '@rtsao/scc': [ '1.1.0' ],
100 silly audit   '@rushstack/eslint-patch': [ '1.15.0' ],
100 silly audit   '@swc/helpers': [ '0.5.15' ],
100 silly audit   '@tailwindcss/node': [ '4.1.17' ],
100 silly audit   '@tailwindcss/oxide': [ '4.1.17' ],
100 silly audit   '@tailwindcss/oxide-android-arm64': [ '4.1.17' ],
100 silly audit   '@tailwindcss/oxide-darwin-arm64': [ '4.1.17' ],
100 silly audit   '@tailwindcss/oxide-darwin-x64': [ '4.1.17' ],
100 silly audit   '@tailwindcss/oxide-freebsd-x64': [ '4.1.17' ],
100 silly audit   '@tailwindcss/oxide-linux-arm-gnueabihf': [ '4.1.17' ],
100 silly audit   '@tailwindcss/oxide-linux-arm64-gnu': [ '4.1.17' ],
100 silly audit   '@tailwindcss/oxide-linux-arm64-musl': [ '4.1.17' ],
100 silly audit   '@tailwindcss/oxide-linux-x64-gnu': [ '4.1.17' ],
100 silly audit   '@tailwindcss/oxide-linux-x64-musl': [ '4.1.17' ],
100 silly audit   '@tailwindcss/oxide-win32-arm64-msvc': [ '4.1.17' ],
100 silly audit   '@tailwindcss/oxide-win32-x64-msvc': [ '4.1.17' ],
100 silly audit   '@tailwindcss/postcss': [ '4.1.17' ],
100 silly audit   '@tybys/wasm-util': [ '0.10.1' ],
100 silly audit   '@types/estree': [ '1.0.8' ],
100 silly audit   '@types/json-schema': [ '7.0.15' ],
100 silly audit   '@types/json5': [ '0.0.29' ],
100 silly audit   '@types/node': [ '20.19.25' ],
100 silly audit   '@types/react': [ '19.2.5' ],
100 silly audit   '@types/react-dom': [ '19.2.3' ],
100 silly audit   '@typescript-eslint/eslint-plugin': [ '8.46.4' ],
100 silly audit   ignore: [ '7.0.5', '5.3.2' ],
100 silly audit   '@typescript-eslint/parser': [ '8.46.4' ],
100 silly audit   '@typescript-eslint/project-service': [ '8.46.4' ],
100 silly audit   '@typescript-eslint/scope-manager': [ '8.46.4' ],
100 silly audit   '@typescript-eslint/tsconfig-utils': [ '8.46.4' ],
100 silly audit   '@typescript-eslint/type-utils': [ '8.46.4' ],
100 silly audit   '@typescript-eslint/types': [ '8.46.4' ],
100 silly audit   '@typescript-eslint/typescript-estree': [ '8.46.4' ],
100 silly audit   'brace-expansion': [ '2.0.2', '1.1.12' ],
100 silly audit   'fast-glob': [ '3.3.3', '3.3.1' ],
100 silly audit   'glob-parent': [ '5.1.2', '6.0.2' ],
100 silly audit   minimatch: [ '9.0.5', '3.1.2' ],
100 silly audit   '@typescript-eslint/utils': [ '8.46.4' ],
100 silly audit   '@typescript-eslint/visitor-keys': [ '8.46.4' ],
100 silly audit   '@unrs/resolver-binding-android-arm-eabi': [ '1.11.1' ],
100 silly audit   '@unrs/resolver-binding-android-arm64': [ '1.11.1' ],
100 silly audit   '@unrs/resolver-binding-darwin-arm64': [ '1.11.1' ],
100 silly audit   '@unrs/resolver-binding-darwin-x64': [ '1.11.1' ],
100 silly audit   '@unrs/resolver-binding-freebsd-x64': [ '1.11.1' ],
100 silly audit   '@unrs/resolver-binding-linux-arm-gnueabihf': [ '1.11.1' ],
100 silly audit   '@unrs/resolver-binding-linux-arm-musleabihf': [ '1.11.1' ],
100 silly audit   '@unrs/resolver-binding-linux-arm64-gnu': [ '1.11.1' ],
100 silly audit   '@unrs/resolver-binding-linux-arm64-musl': [ '1.11.1' ],
100 silly audit   '@unrs/resolver-binding-linux-ppc64-gnu': [ '1.11.1' ],
100 silly audit   '@unrs/resolver-binding-linux-riscv64-gnu': [ '1.11.1' ],
100 silly audit   '@unrs/resolver-binding-linux-riscv64-musl': [ '1.11.1' ],
100 silly audit   '@unrs/resolver-binding-linux-s390x-gnu': [ '1.11.1' ],
100 silly audit   '@unrs/resolver-binding-linux-x64-gnu': [ '1.11.1' ],
100 silly audit   '@unrs/resolver-binding-linux-x64-musl': [ '1.11.1' ],
100 silly audit   '@unrs/resolver-binding-wasm32-wasi': [ '1.11.1' ],
100 silly audit   '@unrs/resolver-binding-win32-arm64-msvc': [ '1.11.1' ],
100 silly audit   '@unrs/resolver-binding-win32-ia32-msvc': [ '1.11.1' ],
100 silly audit   '@unrs/resolver-binding-win32-x64-msvc': [ '1.11.1' ],
100 silly audit   acorn: [ '8.15.0' ],
100 silly audit   'acorn-jsx': [ '5.3.2' ],
100 silly audit   ajv: [ '6.12.6' ],
100 silly audit   'ansi-styles': [ '4.3.0' ],
100 silly audit   argparse: [ '2.0.1' ],
100 silly audit   'aria-query': [ '5.3.2' ],
100 silly audit   'array-buffer-byte-length': [ '1.0.2' ],
100 silly audit   'array-includes': [ '3.1.9' ],
100 silly audit   'array.prototype.findlast': [ '1.2.5' ],
100 silly audit   'array.prototype.findlastindex': [ '1.2.6' ],
100 silly audit   'array.prototype.flat': [ '1.3.3' ],
100 silly audit   'array.prototype.flatmap': [ '1.3.3' ],
100 silly audit   'array.prototype.tosorted': [ '1.1.4' ],
100 silly audit   'arraybuffer.prototype.slice': [ '1.0.4' ],
100 silly audit   'ast-types-flow': [ '0.0.8' ],
100 silly audit   'async-function': [ '1.0.0' ],
100 silly audit   'available-typed-arrays': [ '1.0.7' ],
100 silly audit   'axe-core': [ '4.11.0' ],
100 silly audit   'axobject-query': [ '4.1.0' ],
100 silly audit   'balanced-match': [ '1.0.2' ],
100 silly audit   braces: [ '3.0.3' ],
100 silly audit   'call-bind': [ '1.0.8' ],
100 silly audit   'call-bind-apply-helpers': [ '1.0.2' ],
100 silly audit   'call-bound': [ '1.0.4' ],
100 silly audit   callsites: [ '3.1.0' ],
100 silly audit   'caniuse-lite': [ '1.0.30001755' ],
100 silly audit   chalk: [ '4.1.2' ],
100 silly audit   'client-only': [ '0.0.1' ],
100 silly audit   'color-convert': [ '2.0.1' ],
100 silly audit   'color-name': [ '1.1.4' ],
100 silly audit   'concat-map': [ '0.0.1' ],
100 silly audit   'cross-spawn': [ '7.0.6' ],
100 silly audit   csstype: [ '3.2.3' ],
100 silly audit   'damerau-levenshtein': [ '1.0.8' ],
100 silly audit   'data-view-buffer': [ '1.0.2' ],
100 silly audit   'data-view-byte-length': [ '1.0.2' ],
100 silly audit   'data-view-byte-offset': [ '1.0.1' ],
100 silly audit   debug: [ '4.4.3', '3.2.7' ],
100 silly audit   'deep-is': [ '0.1.4' ],
100 silly audit   'define-data-property': [ '1.1.4' ],
100 silly audit   'define-properties': [ '1.2.1' ],
100 silly audit   'detect-libc': [ '2.1.2' ],
100 silly audit   doctrine: [ '2.1.0' ],
100 silly audit   'dunder-proto': [ '1.0.1' ],
100 silly audit   'emoji-regex': [ '9.2.2' ],
100 silly audit   'enhanced-resolve': [ '5.18.3' ],
100 silly audit   'es-abstract': [ '1.24.0' ],
100 silly audit   'es-define-property': [ '1.0.1' ],
100 silly audit   'es-errors': [ '1.3.0' ],
100 silly audit   'es-iterator-helpers': [ '1.2.1' ],
100 silly audit   'es-object-atoms': [ '1.1.1' ],
100 silly audit   'es-set-tostringtag': [ '2.1.0' ],
100 silly audit   'es-shim-unscopables': [ '1.1.0' ],
100 silly audit   'es-to-primitive': [ '1.3.0' ],
100 silly audit   'escape-string-regexp': [ '4.0.0' ],
100 silly audit   eslint: [ '9.39.1' ],
100 silly audit   'eslint-config-next': [ '15.5.0' ],
100 silly audit   'eslint-import-resolver-node': [ '0.3.9' ],
100 silly audit   'eslint-import-resolver-typescript': [ '3.10.1' ],
100 silly audit   'eslint-module-utils': [ '2.12.1' ],
100 silly audit   'eslint-plugin-import': [ '2.32.0' ],
100 silly audit   semver: [ '6.3.1', '7.7.3' ],
100 silly audit   'eslint-plugin-jsx-a11y': [ '6.10.2' ],
100 silly audit   'eslint-plugin-react': [ '7.37.5' ],
100 silly audit   'eslint-plugin-react-hooks': [ '5.2.0' ],
100 silly audit   resolve: [ '2.0.0-next.5', '1.22.11' ],
100 silly audit   'eslint-scope': [ '8.4.0' ],
100 silly audit   espree: [ '10.4.0' ],
100 silly audit   esquery: [ '1.6.0' ],
100 silly audit   esrecurse: [ '4.3.0' ],
100 silly audit   estraverse: [ '5.3.0' ],
100 silly audit   esutils: [ '2.0.3' ],
100 silly audit   'fast-deep-equal': [ '3.1.3' ],
100 silly audit   'fast-json-stable-stringify': [ '2.1.0' ],
100 silly audit   'fast-levenshtein': [ '2.0.6' ],
100 silly audit   fastq: [ '1.19.1' ],
100 silly audit   'file-entry-cache': [ '8.0.0' ],
100 silly audit   'fill-range': [ '7.1.1' ],
100 silly audit   'find-up': [ '5.0.0' ],
100 silly audit   'flat-cache': [ '4.0.1' ],
100 silly audit   flatted: [ '3.3.3' ],
100 silly audit   'for-each': [ '0.3.5' ],
100 silly audit   'function-bind': [ '1.1.2' ],
100 silly audit   'function.prototype.name': [ '1.1.8' ],
100 silly audit   'functions-have-names': [ '1.2.3' ],
100 silly audit   'generator-function': [ '2.0.1' ],
100 silly audit   'get-intrinsic': [ '1.3.0' ],
100 silly audit   'get-proto': [ '1.0.1' ],
100 silly audit   'get-symbol-description': [ '1.1.0' ],
100 silly audit   'get-tsconfig': [ '4.13.0' ],
100 silly audit   globals: [ '14.0.0' ],
100 silly audit   globalthis: [ '1.0.4' ],
100 silly audit   gopd: [ '1.2.0' ],
100 silly audit   'graceful-fs': [ '4.2.11' ],
100 silly audit   graphemer: [ '1.4.0' ],
100 silly audit   'has-bigints': [ '1.1.0' ],
100 silly audit   'has-flag': [ '4.0.0' ],
100 silly audit   'has-property-descriptors': [ '1.0.2' ],
100 silly audit   'has-proto': [ '1.2.0' ],
100 silly audit   'has-symbols': [ '1.1.0' ],
100 silly audit   'has-tostringtag': [ '1.0.2' ],
100 silly audit   hasown: [ '2.0.2' ],
100 silly audit   'import-fresh': [ '3.3.1' ],
100 silly audit   imurmurhash: [ '0.1.4' ],
100 silly audit   'internal-slot': [ '1.1.0' ],
100 silly audit   'is-array-buffer': [ '3.0.5' ],
100 silly audit   'is-async-function': [ '2.1.1' ],
100 silly audit   'is-bigint': [ '1.1.0' ],
100 silly audit   'is-boolean-object': [ '1.2.2' ],
100 silly audit   'is-bun-module': [ '2.0.0' ],
100 silly audit   'is-callable': [ '1.2.7' ],
100 silly audit   'is-core-module': [ '2.16.1' ],
100 silly audit   'is-data-view': [ '1.0.2' ],
100 silly audit   'is-date-object': [ '1.1.0' ],
100 silly audit   'is-extglob': [ '2.1.1' ],
100 silly audit   'is-finalizationregistry': [ '1.1.1' ],
100 silly audit   'is-generator-function': [ '1.1.2' ],
100 silly audit   'is-glob': [ '4.0.3' ],
100 silly audit   'is-map': [ '2.0.3' ],
100 silly audit   'is-negative-zero': [ '2.0.3' ],
100 silly audit   'is-number': [ '7.0.0' ],
100 silly audit   'is-number-object': [ '1.1.1' ],
100 silly audit   'is-regex': [ '1.2.1' ],
100 silly audit   'is-set': [ '2.0.3' ],
100 silly audit   'is-shared-array-buffer': [ '1.0.4' ],
100 silly audit   'is-string': [ '1.1.1' ],
100 silly audit   'is-symbol': [ '1.1.1' ],
100 silly audit   'is-typed-array': [ '1.1.15' ],
100 silly audit   'is-weakmap': [ '2.0.2' ],
100 silly audit   'is-weakref': [ '1.1.1' ],
100 silly audit   'is-weakset': [ '2.0.4' ],
100 silly audit   isarray: [ '2.0.5' ],
100 silly audit   isexe: [ '2.0.0' ],
100 silly audit   'iterator.prototype': [ '1.1.5' ],
100 silly audit   jiti: [ '2.6.1' ],
100 silly audit   'js-tokens': [ '4.0.0' ],
100 silly audit   'js-yaml': [ '4.1.1' ],
100 silly audit   'json-buffer': [ '3.0.1' ],
100 silly audit   'json-schema-traverse': [ '0.4.1' ],
100 silly audit   'json-stable-stringify-without-jsonify': [ '1.0.1' ],
100 silly audit   json5: [ '1.0.2' ],
100 silly audit   'jsx-ast-utils': [ '3.3.5' ],
100 silly audit   keyv: [ '4.5.4' ],
100 silly audit   'language-subtag-registry': [ '0.3.23' ],
100 silly audit   'language-tags': [ '1.0.9' ],
100 silly audit   levn: [ '0.4.1' ],
100 silly audit   lightningcss: [ '1.30.2' ],
100 silly audit   'lightningcss-android-arm64': [ '1.30.2' ],
100 silly audit   'lightningcss-darwin-arm64': [ '1.30.2' ],
100 silly audit   'lightningcss-darwin-x64': [ '1.30.2' ],
100 silly audit   'lightningcss-freebsd-x64': [ '1.30.2' ],
100 silly audit   'lightningcss-linux-arm-gnueabihf': [ '1.30.2' ],
100 silly audit   'lightningcss-linux-arm64-gnu': [ '1.30.2' ],
100 silly audit   'lightningcss-linux-arm64-musl': [ '1.30.2' ],
100 silly audit   'lightningcss-linux-x64-gnu': [ '1.30.2' ],
100 silly audit   'lightningcss-linux-x64-musl': [ '1.30.2' ],
100 silly audit   'lightningcss-win32-arm64-msvc': [ '1.30.2' ],
100 silly audit   'lightningcss-win32-x64-msvc': [ '1.30.2' ],
100 silly audit   'locate-path': [ '6.0.0' ],
100 silly audit   'lodash.merge': [ '4.6.2' ],
100 silly audit   'loose-envify': [ '1.4.0' ],
100 silly audit   'magic-string': [ '0.30.21' ],
100 silly audit   'math-intrinsics': [ '1.1.0' ],
100 silly audit   merge2: [ '1.4.1' ],
100 silly audit   micromatch: [ '4.0.8' ],
100 silly audit   minimist: [ '1.2.8' ],
100 silly audit   ms: [ '2.1.3' ],
100 silly audit   nanoid: [ '3.3.11' ],
100 silly audit   'napi-postinstall': [ '0.3.4' ],
100 silly audit   'natural-compare': [ '1.4.0' ],
100 silly audit   next: [ '15.5.0' ],
100 silly audit   postcss: [ '8.4.31', '8.5.6' ],
100 silly audit   'object-assign': [ '4.1.1' ],
100 silly audit   'object-inspect': [ '1.13.4' ],
100 silly audit   'object-keys': [ '1.1.1' ],
100 silly audit   'object.assign': [ '4.1.7' ],
100 silly audit   'object.entries': [ '1.1.9' ],
100 silly audit   'object.fromentries': [ '2.0.8' ],
100 silly audit   'object.groupby': [ '1.0.3' ],
100 silly audit   'object.values': [ '1.2.1' ],
100 silly audit   optionator: [ '0.9.4' ],
100 silly audit   'own-keys': [ '1.0.1' ],
100 silly audit   'p-limit': [ '3.1.0' ],
100 silly audit   'p-locate': [ '5.0.0' ],
100 silly audit   'parent-module': [ '1.0.1' ],
100 silly audit   'path-exists': [ '4.0.0' ],
100 silly audit   'path-key': [ '3.1.1' ],
100 silly audit   'path-parse': [ '1.0.7' ],
100 silly audit   picocolors: [ '1.1.1' ],
100 silly audit   picomatch: [ '2.3.1', '4.0.3' ],
100 silly audit   'possible-typed-array-names': [ '1.1.0' ],
100 silly audit   'prelude-ls': [ '1.2.1' ],
100 silly audit   'prop-types': [ '15.8.1' ],
100 silly audit   punycode: [ '2.3.1' ],
100 silly audit   'queue-microtask': [ '1.2.3' ],
100 silly audit   react: [ '19.1.0' ],
100 silly audit   'react-dom': [ '19.1.0' ],
100 silly audit   'react-is': [ '16.13.1' ],
100 silly audit   'reflect.getprototypeof': [ '1.0.10' ],
100 silly audit   'regexp.prototype.flags': [ '1.5.4' ],
100 silly audit   'resolve-from': [ '4.0.0' ],
100 silly audit   'resolve-pkg-maps': [ '1.0.0' ],
100 silly audit   reusify: [ '1.1.0' ],
100 silly audit   'run-parallel': [ '1.2.0' ],
100 silly audit   'safe-array-concat': [ '1.1.3' ],
100 silly audit   'safe-push-apply': [ '1.0.0' ],
100 silly audit   'safe-regex-test': [ '1.1.0' ],
100 silly audit   scheduler: [ '0.26.0' ],
100 silly audit   'set-function-length': [ '1.2.2' ],
100 silly audit   'set-function-name': [ '2.0.2' ],
100 silly audit   'set-proto': [ '1.0.0' ],
100 silly audit   sharp: [ '0.34.5' ],
100 silly audit   'shebang-command': [ '2.0.0' ],
100 silly audit   'shebang-regex': [ '3.0.0' ],
100 silly audit   'side-channel': [ '1.1.0' ],
100 silly audit   'side-channel-list': [ '1.0.0' ],
100 silly audit   'side-channel-map': [ '1.0.1' ],
100 silly audit   'side-channel-weakmap': [ '1.0.2' ],
100 silly audit   'source-map-js': [ '1.2.1' ],
100 silly audit   'stable-hash': [ '0.0.5' ],
100 silly audit   'stop-iteration-iterator': [ '1.1.0' ],
100 silly audit   'string.prototype.includes': [ '2.0.1' ],
100 silly audit   'string.prototype.matchall': [ '4.0.12' ],
100 silly audit   'string.prototype.repeat': [ '1.0.0' ],
100 silly audit   'string.prototype.trim': [ '1.2.10' ],
100 silly audit   'string.prototype.trimend': [ '1.0.9' ],
100 silly audit   'string.prototype.trimstart': [ '1.0.8' ],
100 silly audit   'strip-bom': [ '3.0.0' ],
100 silly audit   'strip-json-comments': [ '3.1.1' ],
100 silly audit   'styled-jsx': [ '5.1.6' ],
100 silly audit   'supports-color': [ '7.2.0' ],
100 silly audit   'supports-preserve-symlinks-flag': [ '1.0.0' ],
100 silly audit   tailwindcss: [ '4.1.17' ],
100 silly audit   tapable: [ '2.3.0' ],
100 silly audit   tinyglobby: [ '0.2.15' ],
100 silly audit   fdir: [ '6.5.0' ],
100 silly audit   'to-regex-range': [ '5.0.1' ],
100 silly audit   'ts-api-utils': [ '2.1.0' ],
100 silly audit   'tsconfig-paths': [ '3.15.0' ],
100 silly audit   tslib: [ '2.8.1' ],
100 silly audit   'type-check': [ '0.4.0' ],
100 silly audit   'typed-array-buffer': [ '1.0.3' ],
100 silly audit   'typed-array-byte-length': [ '1.0.3' ],
100 silly audit   'typed-array-byte-offset': [ '1.0.4' ],
100 silly audit   'typed-array-length': [ '1.0.7' ],
100 silly audit   typescript: [ '5.9.3' ],
100 silly audit   'unbox-primitive': [ '1.1.0' ],
100 silly audit   'undici-types': [ '6.21.0' ],
100 silly audit   'unrs-resolver': [ '1.11.1' ],
100 silly audit   'uri-js': [ '4.4.1' ],
100 silly audit   which: [ '2.0.2' ],
100 silly audit   'which-boxed-primitive': [ '1.1.1' ],
100 silly audit   'which-builtin-type': [ '1.2.1' ],
100 silly audit   'which-collection': [ '1.0.2' ],
100 silly audit   'which-typed-array': [ '1.1.19' ],
100 silly audit   'word-wrap': [ '1.2.5' ],
100 silly audit   'yocto-queue': [ '0.1.0' ],
100 silly audit   mongodb: [ '6.21.0' ],
100 silly audit   '@mongodb-js/saslprep': [ '1.3.2' ],
100 silly audit   bson: [ '6.10.4' ],
100 silly audit   'mongodb-connection-string-url': [ '3.0.2' ],
100 silly audit   'sparse-bitfield': [ '3.0.3' ],
100 silly audit   '@types/whatwg-url': [ '11.0.5' ],
100 silly audit   'whatwg-url': [ '14.2.0' ],
100 silly audit   '@types/webidl-conversions': [ '7.0.3' ],
100 silly audit   'memory-pager': [ '1.5.0' ],
100 silly audit   tr46: [ '5.1.1' ],
100 silly audit   'webidl-conversions': [ '7.0.0' ],
100 silly audit   '@tailwindcss/oxide-wasm32-wasi': [ '4.1.17' ]
100 silly audit }
101 verbose reify failed optional dependency C:\Users\WAFA\Desktop\‎Amana_Bootcamp\Amana-Bookstore-New\node_modules\lightningcss-win32-arm64-msvc
102 silly reify mark deleted [
102 silly reify   'C:\\Users\\WAFA\\Desktop\\‎Amana_Bootcamp\\Amana-Bookstore-New\\node_modules\\lightningcss-win32-arm64-msvc'
102 silly reify ]
103 verbose reify failed optional dependency C:\Users\WAFA\Desktop\‎Amana_Bootcamp\Amana-Bookstore-New\node_modules\lightningcss-linux-x64-musl
104 silly reify mark deleted [
104 silly reify   'C:\\Users\\WAFA\\Desktop\\‎Amana_Bootcamp\\Amana-Bookstore-New\\node_modules\\lightningcss-linux-x64-musl'
104 silly reify ]
105 verbose reify failed optional dependency C:\Users\WAFA\Desktop\‎Amana_Bootcamp\Amana-Bookstore-New\node_modules\lightningcss-linux-x64-gnu
106 silly reify mark deleted [
106 silly reify   'C:\\Users\\WAFA\\Desktop\\‎Amana_Bootcamp\\Amana-Bookstore-New\\node_modules\\lightningcss-linux-x64-gnu'
106 silly reify ]
107 verbose reify failed optional dependency C:\Users\WAFA\Desktop\‎Amana_Bootcamp\Amana-Bookstore-New\node_modules\lightningcss-linux-arm64-musl
108 silly reify mark deleted [
108 silly reify   'C:\\Users\\WAFA\\Desktop\\‎Amana_Bootcamp\\Amana-Bookstore-New\\node_modules\\lightningcss-linux-arm64-musl'
108 silly reify ]
109 verbose reify failed optional dependency C:\Users\WAFA\Desktop\‎Amana_Bootcamp\Amana-Bookstore-New\node_modules\lightningcss-linux-arm64-gnu
110 silly reify mark deleted [
110 silly reify   'C:\\Users\\WAFA\\Desktop\\‎Amana_Bootcamp\\Amana-Bookstore-New\\node_modules\\lightningcss-linux-arm64-gnu'
110 silly reify ]
111 verbose reify failed optional dependency C:\Users\WAFA\Desktop\‎Amana_Bootcamp\Amana-Bookstore-New\node_modules\lightningcss-linux-arm-gnueabihf
112 silly reify mark deleted [
112 silly reify   'C:\\Users\\WAFA\\Desktop\\‎Amana_Bootcamp\\Amana-Bookstore-New\\node_modules\\lightningcss-linux-arm-gnueabihf'
112 silly reify ]
113 verbose reify failed optional dependency C:\Users\WAFA\Desktop\‎Amana_Bootcamp\Amana-Bookstore-New\node_modules\lightningcss-freebsd-x64
114 silly reify mark deleted [
114 silly reify   'C:\\Users\\WAFA\\Desktop\\‎Amana_Bootcamp\\Amana-Bookstore-New\\node_modules\\lightningcss-freebsd-x64'
114 silly reify ]
115 verbose reify failed optional dependency C:\Users\WAFA\Desktop\‎Amana_Bootcamp\Amana-Bookstore-New\node_modules\lightningcss-darwin-x64
116 silly reify mark deleted [
116 silly reify   'C:\\Users\\WAFA\\Desktop\\‎Amana_Bootcamp\\Amana-Bookstore-New\\node_modules\\lightningcss-darwin-x64'
116 silly reify ]
117 verbose reify failed optional dependency C:\Users\WAFA\Desktop\‎Amana_Bootcamp\Amana-Bookstore-New\node_modules\lightningcss-darwin-arm64
118 silly reify mark deleted [
118 silly reify   'C:\\Users\\WAFA\\Desktop\\‎Amana_Bootcamp\\Amana-Bookstore-New\\node_modules\\lightningcss-darwin-arm64'
118 silly reify ]
119 verbose reify failed optional dependency C:\Users\WAFA\Desktop\‎Amana_Bootcamp\Amana-Bookstore-New\node_modules\lightningcss-android-arm64
120 silly reify mark deleted [
120 silly reify   'C:\\Users\\WAFA\\Desktop\\‎Amana_Bootcamp\\Amana-Bookstore-New\\node_modules\\lightningcss-android-arm64'
120 silly reify ]
121 verbose reify failed optional dependency C:\Users\WAFA\Desktop\‎Amana_Bootcamp\Amana-Bookstore-New\node_modules\@unrs\resolver-binding-win32-ia32-msvc
122 silly reify mark deleted [
122 silly reify   'C:\\Users\\WAFA\\Desktop\\‎Amana_Bootcamp\\Amana-Bookstore-New\\node_modules\\@unrs\\resolver-binding-win32-ia32-msvc'
122 silly reify ]
123 verbose reify failed optional dependency C:\Users\WAFA\Desktop\‎Amana_Bootcamp\Amana-Bookstore-New\node_modules\@unrs\resolver-binding-win32-arm64-msvc
124 silly reify mark deleted [
124 silly reify   'C:\\Users\\WAFA\\Desktop\\‎Amana_Bootcamp\\Amana-Bookstore-New\\node_modules\\@unrs\\resolver-binding-win32-arm64-msvc'
124 silly reify ]
125 verbose reify failed optional dependency C:\Users\WAFA\Desktop\‎Amana_Bootcamp\Amana-Bookstore-New\node_modules\@unrs\resolver-binding-wasm32-wasi
126 silly reify mark deleted [
126 silly reify   'C:\\Users\\WAFA\\Desktop\\‎Amana_Bootcamp\\Amana-Bookstore-New\\node_modules\\@unrs\\resolver-binding-wasm32-wasi'
126 silly reify ]
127 verbose reify failed optional dependency C:\Users\WAFA\Desktop\‎Amana_Bootcamp\Amana-Bookstore-New\node_modules\@unrs\resolver-binding-linux-x64-musl
128 silly reify mark deleted [
128 silly reify   'C:\\Users\\WAFA\\Desktop\\‎Amana_Bootcamp\\Amana-Bookstore-New\\node_modules\\@unrs\\resolver-binding-linux-x64-musl'
128 silly reify ]
129 verbose reify failed optional dependency C:\Users\WAFA\Desktop\‎Amana_Bootcamp\Amana-Bookstore-New\node_modules\@unrs\resolver-binding-linux-x64-gnu
130 silly reify mark deleted [
130 silly reify   'C:\\Users\\WAFA\\Desktop\\‎Amana_Bootcamp\\Amana-Bookstore-New\\node_modules\\@unrs\\resolver-binding-linux-x64-gnu'
130 silly reify ]
131 verbose reify failed optional dependency C:\Users\WAFA\Desktop\‎Amana_Bootcamp\Amana-Bookstore-New\node_modules\@unrs\resolver-binding-linux-s390x-gnu
132 silly reify mark deleted [
132 silly reify   'C:\\Users\\WAFA\\Desktop\\‎Amana_Bootcamp\\Amana-Bookstore-New\\node_modules\\@unrs\\resolver-binding-linux-s390x-gnu'
132 silly reify ]
133 verbose reify failed optional dependency C:\Users\WAFA\Desktop\‎Amana_Bootcamp\Amana-Bookstore-New\node_modules\@unrs\resolver-binding-linux-riscv64-musl
134 silly reify mark deleted [
134 silly reify   'C:\\Users\\WAFA\\Desktop\\‎Amana_Bootcamp\\Amana-Bookstore-New\\node_modules\\@unrs\\resolver-binding-linux-riscv64-musl'
134 silly reify ]
135 verbose reify failed optional dependency C:\Users\WAFA\Desktop\‎Amana_Bootcamp\Amana-Bookstore-New\node_modules\@unrs\resolver-binding-linux-riscv64-gnu
136 silly reify mark deleted [
136 silly reify   'C:\\Users\\WAFA\\Desktop\\‎Amana_Bootcamp\\Amana-Bookstore-New\\node_modules\\@unrs\\resolver-binding-linux-riscv64-gnu'
136 silly reify ]
137 verbose reify failed optional dependency C:\Users\WAFA\Desktop\‎Amana_Bootcamp\Amana-Bookstore-New\node_modules\@unrs\resolver-binding-linux-ppc64-gnu
138 silly reify mark deleted [
138 silly reify   'C:\\Users\\WAFA\\Desktop\\‎Amana_Bootcamp\\Amana-Bookstore-New\\node_modules\\@unrs\\resolver-binding-linux-ppc64-gnu'
138 silly reify ]
139 verbose reify failed optional dependency C:\Users\WAFA\Desktop\‎Amana_Bootcamp\Amana-Bookstore-New\node_modules\@unrs\resolver-binding-linux-arm64-musl
140 silly reify mark deleted [
140 silly reify   'C:\\Users\\WAFA\\Desktop\\‎Amana_Bootcamp\\Amana-Bookstore-New\\node_modules\\@unrs\\resolver-binding-linux-arm64-musl'
140 silly reify ]
141 verbose reify failed optional dependency C:\Users\WAFA\Desktop\‎Amana_Bootcamp\Amana-Bookstore-New\node_modules\@unrs\resolver-binding-linux-arm64-gnu
142 silly reify mark deleted [
142 silly reify   'C:\\Users\\WAFA\\Desktop\\‎Amana_Bootcamp\\Amana-Bookstore-New\\node_modules\\@unrs\\resolver-binding-linux-arm64-gnu'
142 silly reify ]
143 verbose reify failed optional dependency C:\Users\WAFA\Desktop\‎Amana_Bootcamp\Amana-Bookstore-New\node_modules\@unrs\resolver-binding-linux-arm-musleabihf
144 silly reify mark deleted [
144 silly reify   'C:\\Users\\WAFA\\Desktop\\‎Amana_Bootcamp\\Amana-Bookstore-New\\node_modules\\@unrs\\resolver-binding-linux-arm-musleabihf'
144 silly reify ]
145 verbose reify failed optional dependency C:\Users\WAFA\Desktop\‎Amana_Bootcamp\Amana-Bookstore-New\node_modules\@unrs\resolver-binding-linux-arm-gnueabihf
146 silly reify mark deleted [
146 silly reify   'C:\\Users\\WAFA\\Desktop\\‎Amana_Bootcamp\\Amana-Bookstore-New\\node_modules\\@unrs\\resolver-binding-linux-arm-gnueabihf'
146 silly reify ]
147 verbose reify failed optional dependency C:\Users\WAFA\Desktop\‎Amana_Bootcamp\Amana-Bookstore-New\node_modules\@unrs\resolver-binding-freebsd-x64
148 silly reify mark deleted [
148 silly reify   'C:\\Users\\WAFA\\Desktop\\‎Amana_Bootcamp\\Amana-Bookstore-New\\node_modules\\@unrs\\resolver-binding-freebsd-x64'
148 silly reify ]
149 verbose reify failed optional dependency C:\Users\WAFA\Desktop\‎Amana_Bootcamp\Amana-Bookstore-New\node_modules\@unrs\resolver-binding-darwin-x64
150 silly reify mark deleted [
150 silly reify   'C:\\Users\\WAFA\\Desktop\\‎Amana_Bootcamp\\Amana-Bookstore-New\\node_modules\\@unrs\\resolver-binding-darwin-x64'
150 silly reify ]
151 verbose reify failed optional dependency C:\Users\WAFA\Desktop\‎Amana_Bootcamp\Amana-Bookstore-New\node_modules\@unrs\resolver-binding-darwin-arm64
152 silly reify mark deleted [
152 silly reify   'C:\\Users\\WAFA\\Desktop\\‎Amana_Bootcamp\\Amana-Bookstore-New\\node_modules\\@unrs\\resolver-binding-darwin-arm64'
152 silly reify ]
153 verbose reify failed optional dependency C:\Users\WAFA\Desktop\‎Amana_Bootcamp\Amana-Bookstore-New\node_modules\@unrs\resolver-binding-android-arm64
154 silly reify mark deleted [
154 silly reify   'C:\\Users\\WAFA\\Desktop\\‎Amana_Bootcamp\\Amana-Bookstore-New\\node_modules\\@unrs\\resolver-binding-android-arm64'
154 silly reify ]
155 verbose reify failed optional dependency C:\Users\WAFA\Desktop\‎Amana_Bootcamp\Amana-Bookstore-New\node_modules\@unrs\resolver-binding-android-arm-eabi
156 silly reify mark deleted [
156 silly reify   'C:\\Users\\WAFA\\Desktop\\‎Amana_Bootcamp\\Amana-Bookstore-New\\node_modules\\@unrs\\resolver-binding-android-arm-eabi'
156 silly reify ]
157 verbose reify failed optional dependency C:\Users\WAFA\Desktop\‎Amana_Bootcamp\Amana-Bookstore-New\node_modules\@tailwindcss\oxide-win32-arm64-msvc
158 silly reify mark deleted [
158 silly reify   'C:\\Users\\WAFA\\Desktop\\‎Amana_Bootcamp\\Amana-Bookstore-New\\node_modules\\@tailwindcss\\oxide-win32-arm64-msvc'
158 silly reify ]
159 verbose reify failed optional dependency C:\Users\WAFA\Desktop\‎Amana_Bootcamp\Amana-Bookstore-New\node_modules\@tailwindcss\oxide-linux-x64-musl
160 silly reify mark deleted [
160 silly reify   'C:\\Users\\WAFA\\Desktop\\‎Amana_Bootcamp\\Amana-Bookstore-New\\node_modules\\@tailwindcss\\oxide-linux-x64-musl'
160 silly reify ]
161 verbose reify failed optional dependency C:\Users\WAFA\Desktop\‎Amana_Bootcamp\Amana-Bookstore-New\node_modules\@tailwindcss\oxide-linux-x64-gnu
162 silly reify mark deleted [
162 silly reify   'C:\\Users\\WAFA\\Desktop\\‎Amana_Bootcamp\\Amana-Bookstore-New\\node_modules\\@tailwindcss\\oxide-linux-x64-gnu'
162 silly reify ]
163 verbose reify failed optional dependency C:\Users\WAFA\Desktop\‎Amana_Bootcamp\Amana-Bookstore-New\node_modules\@tailwindcss\oxide-linux-arm64-musl
164 silly reify mark deleted [
164 silly reify   'C:\\Users\\WAFA\\Desktop\\‎Amana_Bootcamp\\Amana-Bookstore-New\\node_modules\\@tailwindcss\\oxide-linux-arm64-musl'
164 silly reify ]
165 verbose reify failed optional dependency C:\Users\WAFA\Desktop\‎Amana_Bootcamp\Amana-Bookstore-New\node_modules\@tailwindcss\oxide-linux-arm64-gnu
166 silly reify mark deleted [
166 silly reify   'C:\\Users\\WAFA\\Desktop\\‎Amana_Bootcamp\\Amana-Bookstore-New\\node_modules\\@tailwindcss\\oxide-linux-arm64-gnu'
166 silly reify ]
167 verbose reify failed optional dependency C:\Users\WAFA\Desktop\‎Amana_Bootcamp\Amana-Bookstore-New\node_modules\@tailwindcss\oxide-linux-arm-gnueabihf
168 silly reify mark deleted [
168 silly reify   'C:\\Users\\WAFA\\Desktop\\‎Amana_Bootcamp\\Amana-Bookstore-New\\node_modules\\@tailwindcss\\oxide-linux-arm-gnueabihf'
168 silly reify ]
169 verbose reify failed optional dependency C:\Users\WAFA\Desktop\‎Amana_Bootcamp\Amana-Bookstore-New\node_modules\@tailwindcss\oxide-freebsd-x64
170 silly reify mark deleted [
170 silly reify   'C:\\Users\\WAFA\\Desktop\\‎Amana_Bootcamp\\Amana-Bookstore-New\\node_modules\\@tailwindcss\\oxide-freebsd-x64'
170 silly reify ]
171 verbose reify failed optional dependency C:\Users\WAFA\Desktop\‎Amana_Bootcamp\Amana-Bookstore-New\node_modules\@tailwindcss\oxide-darwin-x64
172 silly reify mark deleted [
172 silly reify   'C:\\Users\\WAFA\\Desktop\\‎Amana_Bootcamp\\Amana-Bookstore-New\\node_modules\\@tailwindcss\\oxide-darwin-x64'
172 silly reify ]
173 verbose reify failed optional dependency C:\Users\WAFA\Desktop\‎Amana_Bootcamp\Amana-Bookstore-New\node_modules\@tailwindcss\oxide-darwin-arm64
174 silly reify mark deleted [
174 silly reify   'C:\\Users\\WAFA\\Desktop\\‎Amana_Bootcamp\\Amana-Bookstore-New\\node_modules\\@tailwindcss\\oxide-darwin-arm64'
174 silly reify ]
175 verbose reify failed optional dependency C:\Users\WAFA\Desktop\‎Amana_Bootcamp\Amana-Bookstore-New\node_modules\@tailwindcss\oxide-android-arm64
176 silly reify mark deleted [
176 silly reify   'C:\\Users\\WAFA\\Desktop\\‎Amana_Bootcamp\\Amana-Bookstore-New\\node_modules\\@tailwindcss\\oxide-android-arm64'
176 silly reify ]
177 verbose reify failed optional dependency C:\Users\WAFA\Desktop\‎Amana_Bootcamp\Amana-Bookstore-New\node_modules\@next\swc-win32-arm64-msvc
178 silly reify mark deleted [
178 silly reify   'C:\\Users\\WAFA\\Desktop\\‎Amana_Bootcamp\\Amana-Bookstore-New\\node_modules\\@next\\swc-win32-arm64-msvc'
178 silly reify ]
179 verbose reify failed optional dependency C:\Users\WAFA\Desktop\‎Amana_Bootcamp\Amana-Bookstore-New\node_modules\@next\swc-linux-x64-musl
180 silly reify mark deleted [
180 silly reify   'C:\\Users\\WAFA\\Desktop\\‎Amana_Bootcamp\\Amana-Bookstore-New\\node_modules\\@next\\swc-linux-x64-musl'
180 silly reify ]
181 verbose reify failed optional dependency C:\Users\WAFA\Desktop\‎Amana_Bootcamp\Amana-Bookstore-New\node_modules\@next\swc-linux-x64-gnu
182 silly reify mark deleted [
182 silly reify   'C:\\Users\\WAFA\\Desktop\\‎Amana_Bootcamp\\Amana-Bookstore-New\\node_modules\\@next\\swc-linux-x64-gnu'
182 silly reify ]
183 verbose reify failed optional dependency C:\Users\WAFA\Desktop\‎Amana_Bootcamp\Amana-Bookstore-New\node_modules\@next\swc-linux-arm64-musl
184 silly reify mark deleted [
184 silly reify   'C:\\Users\\WAFA\\Desktop\\‎Amana_Bootcamp\\Amana-Bookstore-New\\node_modules\\@next\\swc-linux-arm64-musl'
184 silly reify ]
185 verbose reify failed optional dependency C:\Users\WAFA\Desktop\‎Amana_Bootcamp\Amana-Bookstore-New\node_modules\@next\swc-linux-arm64-gnu
186 silly reify mark deleted [
186 silly reify   'C:\\Users\\WAFA\\Desktop\\‎Amana_Bootcamp\\Amana-Bookstore-New\\node_modules\\@next\\swc-linux-arm64-gnu'
186 silly reify ]
187 verbose reify failed optional dependency C:\Users\WAFA\Desktop\‎Amana_Bootcamp\Amana-Bookstore-New\node_modules\@next\swc-darwin-x64
188 silly reify mark deleted [
188 silly reify   'C:\\Users\\WAFA\\Desktop\\‎Amana_Bootcamp\\Amana-Bookstore-New\\node_modules\\@next\\swc-darwin-x64'
188 silly reify ]
189 verbose reify failed optional dependency C:\Users\WAFA\Desktop\‎Amana_Bootcamp\Amana-Bookstore-New\node_modules\@next\swc-darwin-arm64
190 silly reify mark deleted [
190 silly reify   'C:\\Users\\WAFA\\Desktop\\‎Amana_Bootcamp\\Amana-Bookstore-New\\node_modules\\@next\\swc-darwin-arm64'
190 silly reify ]
191 verbose reify failed optional dependency C:\Users\WAFA\Desktop\‎Amana_Bootcamp\Amana-Bookstore-New\node_modules\@img\sharp-win32-ia32
192 silly reify mark deleted [
192 silly reify   'C:\\Users\\WAFA\\Desktop\\‎Amana_Bootcamp\\Amana-Bookstore-New\\node_modules\\@img\\sharp-win32-ia32'
192 silly reify ]
193 verbose reify failed optional dependency C:\Users\WAFA\Desktop\‎Amana_Bootcamp\Amana-Bookstore-New\node_modules\@img\sharp-win32-arm64
194 silly reify mark deleted [
194 silly reify   'C:\\Users\\WAFA\\Desktop\\‎Amana_Bootcamp\\Amana-Bookstore-New\\node_modules\\@img\\sharp-win32-arm64'
194 silly reify ]
195 verbose reify failed optional dependency C:\Users\WAFA\Desktop\‎Amana_Bootcamp\Amana-Bookstore-New\node_modules\@img\sharp-wasm32
196 silly reify mark deleted [
196 silly reify   'C:\\Users\\WAFA\\Desktop\\‎Amana_Bootcamp\\Amana-Bookstore-New\\node_modules\\@img\\sharp-wasm32'
196 silly reify ]
197 verbose reify failed optional dependency C:\Users\WAFA\Desktop\‎Amana_Bootcamp\Amana-Bookstore-New\node_modules\@img\sharp-linuxmusl-x64
198 silly reify mark deleted [
198 silly reify   'C:\\Users\\WAFA\\Desktop\\‎Amana_Bootcamp\\Amana-Bookstore-New\\node_modules\\@img\\sharp-linuxmusl-x64'
198 silly reify ]
199 verbose reify failed optional dependency C:\Users\WAFA\Desktop\‎Amana_Bootcamp\Amana-Bookstore-New\node_modules\@img\sharp-linuxmusl-arm64
200 silly reify mark deleted [
200 silly reify   'C:\\Users\\WAFA\\Desktop\\‎Amana_Bootcamp\\Amana-Bookstore-New\\node_modules\\@img\\sharp-linuxmusl-arm64'
200 silly reify ]
201 verbose reify failed optional dependency C:\Users\WAFA\Desktop\‎Amana_Bootcamp\Amana-Bookstore-New\node_modules\@img\sharp-linux-x64
202 silly reify mark deleted [
202 silly reify   'C:\\Users\\WAFA\\Desktop\\‎Amana_Bootcamp\\Amana-Bookstore-New\\node_modules\\@img\\sharp-linux-x64'
202 silly reify ]
203 verbose reify failed optional dependency C:\Users\WAFA\Desktop\‎Amana_Bootcamp\Amana-Bookstore-New\node_modules\@img\sharp-linux-s390x
204 silly reify mark deleted [
204 silly reify   'C:\\Users\\WAFA\\Desktop\\‎Amana_Bootcamp\\Amana-Bookstore-New\\node_modules\\@img\\sharp-linux-s390x'
204 silly reify ]
205 verbose reify failed optional dependency C:\Users\WAFA\Desktop\‎Amana_Bootcamp\Amana-Bookstore-New\node_modules\@img\sharp-linux-riscv64
206 silly reify mark deleted [
206 silly reify   'C:\\Users\\WAFA\\Desktop\\‎Amana_Bootcamp\\Amana-Bookstore-New\\node_modules\\@img\\sharp-linux-riscv64'
206 silly reify ]
207 verbose reify failed optional dependency C:\Users\WAFA\Desktop\‎Amana_Bootcamp\Amana-Bookstore-New\node_modules\@img\sharp-linux-ppc64
208 silly reify mark deleted [
208 silly reify   'C:\\Users\\WAFA\\Desktop\\‎Amana_Bootcamp\\Amana-Bookstore-New\\node_modules\\@img\\sharp-linux-ppc64'
208 silly reify ]
209 verbose reify failed optional dependency C:\Users\WAFA\Desktop\‎Amana_Bootcamp\Amana-Bookstore-New\node_modules\@img\sharp-linux-arm64
210 silly reify mark deleted [
210 silly reify   'C:\\Users\\WAFA\\Desktop\\‎Amana_Bootcamp\\Amana-Bookstore-New\\node_modules\\@img\\sharp-linux-arm64'
210 silly reify ]
211 verbose reify failed optional dependency C:\Users\WAFA\Desktop\‎Amana_Bootcamp\Amana-Bookstore-New\node_modules\@img\sharp-linux-arm
212 silly reify mark deleted [
212 silly reify   'C:\\Users\\WAFA\\Desktop\\‎Amana_Bootcamp\\Amana-Bookstore-New\\node_modules\\@img\\sharp-linux-arm'
212 silly reify ]
213 verbose reify failed optional dependency C:\Users\WAFA\Desktop\‎Amana_Bootcamp\Amana-Bookstore-New\node_modules\@img\sharp-libvips-linuxmusl-x64
214 silly reify mark deleted [
214 silly reify   'C:\\Users\\WAFA\\Desktop\\‎Amana_Bootcamp\\Amana-Bookstore-New\\node_modules\\@img\\sharp-libvips-linuxmusl-x64'
214 silly reify ]
215 verbose reify failed optional dependency C:\Users\WAFA\Desktop\‎Amana_Bootcamp\Amana-Bookstore-New\node_modules\@img\sharp-libvips-linuxmusl-arm64
216 silly reify mark deleted [
216 silly reify   'C:\\Users\\WAFA\\Desktop\\‎Amana_Bootcamp\\Amana-Bookstore-New\\node_modules\\@img\\sharp-libvips-linuxmusl-arm64'
216 silly reify ]
217 verbose reify failed optional dependency C:\Users\WAFA\Desktop\‎Amana_Bootcamp\Amana-Bookstore-New\node_modules\@img\sharp-libvips-linux-x64
218 silly reify mark deleted [
218 silly reify   'C:\\Users\\WAFA\\Desktop\\‎Amana_Bootcamp\\Amana-Bookstore-New\\node_modules\\@img\\sharp-libvips-linux-x64'
218 silly reify ]
219 verbose reify failed optional dependency C:\Users\WAFA\Desktop\‎Amana_Bootcamp\Amana-Bookstore-New\node_modules\@img\sharp-libvips-linux-s390x
220 silly reify mark deleted [
220 silly reify   'C:\\Users\\WAFA\\Desktop\\‎Amana_Bootcamp\\Amana-Bookstore-New\\node_modules\\@img\\sharp-libvips-linux-s390x'
220 silly reify ]
221 verbose reify failed optional dependency C:\Users\WAFA\Desktop\‎Amana_Bootcamp\Amana-Bookstore-New\node_modules\@img\sharp-libvips-linux-riscv64
222 silly reify mark deleted [
222 silly reify   'C:\\Users\\WAFA\\Desktop\\‎Amana_Bootcamp\\Amana-Bookstore-New\\node_modules\\@img\\sharp-libvips-linux-riscv64'
222 silly reify ]
223 verbose reify failed optional dependency C:\Users\WAFA\Desktop\‎Amana_Bootcamp\Amana-Bookstore-New\node_modules\@img\sharp-libvips-linux-ppc64
224 silly reify mark deleted [
224 silly reify   'C:\\Users\\WAFA\\Desktop\\‎Amana_Bootcamp\\Amana-Bookstore-New\\node_modules\\@img\\sharp-libvips-linux-ppc64'
224 silly reify ]
225 verbose reify failed optional dependency C:\Users\WAFA\Desktop\‎Amana_Bootcamp\Amana-Bookstore-New\node_modules\@img\sharp-libvips-linux-arm64
226 silly reify mark deleted [
226 silly reify   'C:\\Users\\WAFA\\Desktop\\‎Amana_Bootcamp\\Amana-Bookstore-New\\node_modules\\@img\\sharp-libvips-linux-arm64'
226 silly reify ]
227 verbose reify failed optional dependency C:\Users\WAFA\Desktop\‎Amana_Bootcamp\Amana-Bookstore-New\node_modules\@img\sharp-libvips-linux-arm
228 silly reify mark deleted [
228 silly reify   'C:\\Users\\WAFA\\Desktop\\‎Amana_Bootcamp\\Amana-Bookstore-New\\node_modules\\@img\\sharp-libvips-linux-arm'
228 silly reify ]
229 verbose reify failed optional dependency C:\Users\WAFA\Desktop\‎Amana_Bootcamp\Amana-Bookstore-New\node_modules\@img\sharp-libvips-darwin-x64
230 silly reify mark deleted [
230 silly reify   'C:\\Users\\WAFA\\Desktop\\‎Amana_Bootcamp\\Amana-Bookstore-New\\node_modules\\@img\\sharp-libvips-darwin-x64'
230 silly reify ]
231 verbose reify failed optional dependency C:\Users\WAFA\Desktop\‎Amana_Bootcamp\Amana-Bookstore-New\node_modules\@img\sharp-libvips-darwin-arm64
232 silly reify mark deleted [
232 silly reify   'C:\\Users\\WAFA\\Desktop\\‎Amana_Bootcamp\\Amana-Bookstore-New\\node_modules\\@img\\sharp-libvips-darwin-arm64'
232 silly reify ]
233 verbose reify failed optional dependency C:\Users\WAFA\Desktop\‎Amana_Bootcamp\Amana-Bookstore-New\node_modules\@img\sharp-darwin-x64
234 silly reify mark deleted [
234 silly reify   'C:\\Users\\WAFA\\Desktop\\‎Amana_Bootcamp\\Amana-Bookstore-New\\node_modules\\@img\\sharp-darwin-x64'
234 silly reify ]
235 verbose reify failed optional dependency C:\Users\WAFA\Desktop\‎Amana_Bootcamp\Amana-Bookstore-New\node_modules\@img\sharp-darwin-arm64
236 silly reify mark deleted [
236 silly reify   'C:\\Users\\WAFA\\Desktop\\‎Amana_Bootcamp\\Amana-Bookstore-New\\node_modules\\@img\\sharp-darwin-arm64'
236 silly reify ]
237 http cache webidl-conversions@https://registry.npmjs.org/webidl-conversions/-/webidl-conversions-7.0.0.tgz 0ms (cache hit)
238 http cache @types/webidl-conversions@https://registry.npmjs.org/@types/webidl-conversions/-/webidl-conversions-7.0.3.tgz 0ms (cache hit)
239 http cache @types/whatwg-url@https://registry.npmjs.org/@types/whatwg-url/-/whatwg-url-11.0.5.tgz 0ms (cache hit)
240 http cache memory-pager@https://registry.npmjs.org/memory-pager/-/memory-pager-1.5.0.tgz 0ms (cache hit)
241 http cache whatwg-url@https://registry.npmjs.org/whatwg-url/-/whatwg-url-14.2.0.tgz 0ms (cache hit)
242 http cache tr46@https://registry.npmjs.org/tr46/-/tr46-5.1.1.tgz 0ms (cache hit)
243 http cache @mongodb-js/saslprep@https://registry.npmjs.org/@mongodb-js/saslprep/-/saslprep-1.3.2.tgz 0ms (cache hit)
244 http cache sparse-bitfield@https://registry.npmjs.org/sparse-bitfield/-/sparse-bitfield-3.0.3.tgz 0ms (cache hit)
245 silly tarball no local data for webidl-conversions@https://registry.npmjs.org/webidl-conversions/-/webidl-conversions-7.0.0.tgz. Extracting by manifest.
246 silly tarball no local data for @types/webidl-conversions@https://registry.npmjs.org/@types/webidl-conversions/-/webidl-conversions-7.0.3.tgz. Extracting by manifest.
247 http cache mongodb-connection-string-url@https://registry.npmjs.org/mongodb-connection-string-url/-/mongodb-connection-string-url-3.0.2.tgz 0ms (cache hit)
248 silly tarball no local data for @types/whatwg-url@https://registry.npmjs.org/@types/whatwg-url/-/whatwg-url-11.0.5.tgz. Extracting by manifest.
249 silly tarball no local data for memory-pager@https://registry.npmjs.org/memory-pager/-/memory-pager-1.5.0.tgz. Extracting by manifest.
250 silly tarball no local data for whatwg-url@https://registry.npmjs.org/whatwg-url/-/whatwg-url-14.2.0.tgz. Extracting by manifest.
251 silly tarball no local data for tr46@https://registry.npmjs.org/tr46/-/tr46-5.1.1.tgz. Extracting by manifest.
252 silly tarball no local data for @mongodb-js/saslprep@https://registry.npmjs.org/@mongodb-js/saslprep/-/saslprep-1.3.2.tgz. Extracting by manifest.
253 silly tarball no local data for sparse-bitfield@https://registry.npmjs.org/sparse-bitfield/-/sparse-bitfield-3.0.3.tgz. Extracting by manifest.
254 http cache bson@https://registry.npmjs.org/bson/-/bson-6.10.4.tgz 0ms (cache hit)
255 http cache mongodb@https://registry.npmjs.org/mongodb/-/mongodb-6.21.0.tgz 0ms (cache hit)
256 silly tarball no local data for mongodb-connection-string-url@https://registry.npmjs.org/mongodb-connection-string-url/-/mongodb-connection-string-url-3.0.2.tgz. Extracting by manifest.
257 silly tarball no local data for bson@https://registry.npmjs.org/bson/-/bson-6.10.4.tgz. Extracting by manifest.
258 silly tarball no local data for mongodb@https://registry.npmjs.org/mongodb/-/mongodb-6.21.0.tgz. Extracting by manifest.
259 http fetch GET 200 https://registry.npmjs.org/webidl-conversions/-/webidl-conversions-7.0.0.tgz 132ms (cache miss)
260 http fetch GET 200 https://registry.npmjs.org/@types/webidl-conversions/-/webidl-conversions-7.0.3.tgz 191ms (cache miss)
261 http fetch POST 200 https://registry.npmjs.org/-/npm/v1/security/advisories/bulk 543ms
262 silly audit report {}
263 http fetch GET 200 https://registry.npmjs.org/memory-pager/-/memory-pager-1.5.0.tgz 1102ms (cache miss)
264 http fetch GET 200 https://registry.npmjs.org/whatwg-url/-/whatwg-url-14.2.0.tgz 1102ms (cache miss)
265 http fetch GET 200 https://registry.npmjs.org/@types/whatwg-url/-/whatwg-url-11.0.5.tgz 1154ms (cache miss)
266 http fetch GET 200 https://registry.npmjs.org/sparse-bitfield/-/sparse-bitfield-3.0.3.tgz 1219ms (cache miss)
267 http fetch GET 200 https://registry.npmjs.org/tr46/-/tr46-5.1.1.tgz 1680ms (cache miss)
268 http fetch GET 200 https://registry.npmjs.org/@mongodb-js/saslprep/-/saslprep-1.3.2.tgz 2422ms (cache miss)
269 http fetch GET 200 https://registry.npmjs.org/mongodb-connection-string-url/-/mongodb-connection-string-url-3.0.2.tgz 2467ms (cache miss)
270 http fetch GET 200 https://registry.npmjs.org/bson/-/bson-6.10.4.tgz 6726ms (cache miss)
271 http fetch GET 200 https://registry.npmjs.org/mongodb/-/mongodb-6.21.0.tgz 11620ms (cache miss)
272 silly ADD node_modules/webidl-conversions
273 silly ADD node_modules/tr46
274 silly ADD node_modules/memory-pager
275 silly ADD node_modules/@types/webidl-conversions
276 silly ADD node_modules/whatwg-url
277 silly ADD node_modules/@types/whatwg-url
278 silly ADD node_modules/sparse-bitfield
279 silly ADD node_modules/mongodb-connection-string-url
280 silly ADD node_modules/bson
281 silly ADD node_modules/@mongodb-js/saslprep
282 silly ADD node_modules/mongodb
283 silly ADD
284 silly ADD
285 silly ADD
286 silly ADD
287 silly ADD
288 silly ADD
289 silly ADD
290 silly ADD
291 silly ADD
292 silly ADD
293 silly ADD
294 silly ADD
295 silly ADD
296 silly ADD
297 silly ADD
298 silly ADD
299 silly ADD
300 silly ADD
301 silly ADD
302 silly ADD
303 silly ADD
304 silly ADD
305 silly ADD
306 silly ADD
307 silly ADD
308 silly ADD
309 silly ADD
310 silly ADD
311 silly ADD
312 silly ADD
313 silly ADD
314 silly ADD
315 silly ADD
316 silly ADD
317 silly ADD
318 silly ADD
319 silly ADD
320 silly ADD
321 silly ADD
322 silly ADD
323 silly ADD
324 silly ADD
325 silly ADD
326 silly ADD
327 silly ADD
328 silly ADD
329 silly ADD
330 silly ADD
331 silly ADD
332 silly ADD
333 silly ADD
334 silly ADD
335 silly ADD
336 silly ADD
337 silly ADD
338 silly ADD
339 silly ADD
340 silly ADD
341 silly ADD
342 silly ADD
343 silly ADD
344 silly ADD
345 silly ADD
346 silly ADD
347 silly ADD
348 silly ADD
349 silly ADD
350 silly ADD
351 silly ADD
352 verbose cwd C:\Users\WAFA\Desktop\‎Amana_Bootcamp\Amana-Bookstore-New
353 verbose os Windows_NT 10.0.26100
354 verbose node v22.17.1
355 verbose npm  v10.9.2
356 verbose exit 0
357 info ok
